if( entry >=0.0) {
if( entry >=0) {
if( entry >0.0) {
if( entry >0) {
if( !( entry <0) ) {
if(( double ) entry >=0) {
if( !( entry <=0) ) {
if( entry <0) { } else {
if( entry >=0.0&& entry >0.0) {
if( entry >=0.0&& entry >=0.0) {
if( entry >=0.0|| entry >=0.0) {
if( entry >=0.0|| entry >0.0) {
if( entry >=0&& entry >0) {
if( entry >=0.0&& epsilon >0.0) {
if( entry >=0&& entry >=0) {
if( entry >=0|| entry >0) {
if( entry >=0|| entry >=0) {
if( entry >=0&& epsilon >0) {
if( entry !=0&& entry >0) {
if( entry >0&& entry >0) {
if( entry >=0&& entry !=0) {
if( entry >0&& entry >=0) {
if( entry !=0&& entry >=0) {
if( entry >=0&& epsilon >=0) {
if( entry >=0&& epsilon !=0) {
if( entry >=0|| epsilon <0) {
if( entry >=0|| entry ==0) {
if( entry >=0&&0< epsilon ) {
if( entry >=0&& epsilon >= epsilon ) {
if( entry >=0&& epsilon < minRatio ) {
if( entry >0|| entry >0) {
if( entry ==0|| entry >=0) {
if( entry >=0&& epsilon == epsilon ) {
if( entry >0|| entry >=0) {
if( entry >=0|| entry >= epsilon ) {
if( entry ==0|| entry >0) {
if( entry >0&& epsilon >0) {
if( entry >0&& epsilon >=0) {
if( entry >=0&& entry >= epsilon ) {
if( Math.floor( entry ) >=0.0) {
if( Math.floor( entry ) >=0) {
if( Math.ceil( entry ) >=0.6) {
if( Math.ceil( entry ) >=0.2) {
if( Math.ceil( entry ) >0) {
if((( double ) entry ) >=0) {
if( entry >=0&&( entry >=0) ) {
if( entry >=0&&( entry >0) ) {
if( Math.min( entry ,0.0) >=0.0) {
if( Math.min( entry ,0.6) >=0.0) {
if( Math.min( entry ,0.2) >=0.0) {
if( Math.min( epsilon , entry ) >=0) {
if( Math.min( entry ,0.0) >=0) {
if( Math.min(0, entry ) >=0) {
if( Math.max( entry ,0.0) >0.0) {
if( Math.min( entry , epsilon ) >=0.0) {
if( Math.min( entry , epsilon ) >=0) {
if( Math.min( entry ,0) >=0) {
if( Math.min( entry ,0.0) ==0.0) {
if( Math.min( entry ,0.0f ) >=0.0f ) {
if( Math.min( epsilon , entry ) >=0.0) {
if( Math.min( entry ,0.6) >=0) {
if( Math.min( entry ,0.2) >=0) {
if( Math.min( entry ,1.0) >=0) {
if( Math.max(0, entry ) >0) {
if( Math.max( entry ,0.0) >= epsilon ) {
if( Math.max( entry , entry ) >=0) {
if( MathUtils.equals( entry ,0, entry ) ) {
if( Math.max( entry ,0.0) >0) {
if( Math.max( entry ,0) >0) {
if( Math.min( entry , entry ) >=0) {
if( Math.min( entry ,0) >=0.0) {
if( Math.min( entry , entry ) >=0.0) {
if( tableau.getEntry( i , col ) >=0) {
if( Math.min( epsilon , entry ) >0) {
if( Math.min( entry ,1) >=0) {
if( Math.max( entry ,0) >= epsilon ) {
if( Math.min( entry , epsilon ) >= epsilon ) {
if( Math.min(0, entry ) ==0) {
if( Math.min( entry , entry ) >= epsilon ) {
if(( entry >=0) &&( entry >=0) ) {
if(( entry >=0) &&( entry >0) ) {
if(( entry >=0) ||( entry >=0) ) {
if(( entry >=0) ||( entry >0) ) {
if(( entry >0) &&( entry >=0) ) {
if(( entry >0) &&( entry >0) ) {
if( Math.max( entry , -1) >=0) {
if( MathUtils.compareTo( entry ,0, epsilon ) >0) {
if( MathUtils.compareTo( entry ,0, entry ) >=0) {
if( MathUtils.compareTo( entry ,0, epsilon ) >=1) {
if( MathUtils.compareTo( entry ,0,0) >=0) {
if( MathUtils.compareTo( entry , epsilon , epsilon ) >=0) {
if( MathUtils.compareTo( entry ,0, epsilon ) >= epsilon ) {
if( MathUtils.compareTo( entry , epsilon ,0) >=0) {
if( MathUtils.compareTo( entry ,0, epsilon ) ==1) {
if( MathUtils.compareTo( entry ,0, epsilon ) >=0.1) {
if( MathUtils.compareTo( entry ,0,0) >0) {
if( MathUtils.compareTo( entry , epsilon , epsilon ) >0) {
if( MathUtils.compareTo( entry ,0, entry ) ==0) {
if( MathUtils.compareTo( entry ,0,0) >=1) {
if( MathUtils.compareTo( entry ,0, epsilon ) >=01) {
if( MathUtils.compareTo( entry , epsilon , epsilon ) >=1) {
if( MathUtils.compareTo( entry ,0,0) >= epsilon ) {
if( MathUtils.compareTo( entry , epsilon , entry ) >=0) {
if( MathUtils.compareTo( entry ,0, epsilon ) > epsilon ) {
if( MathUtils.compareTo( entry ,0,0.0) >=0) {
if( MathUtils.compareTo(0, entry , epsilon ) <0) {
if( MathUtils.compareTo(0, entry ,0) <0) {
if( MathUtils.compareTo(0, epsilon , entry ) >=0) {
if( entry >=0&& Math.abs( entry ) >=0) {
if( MathUtils.compareTo( entry ,0, -0) >=0) {
if( MathUtils.compareTo( entry ,0, -1) >=0) {
if( MathUtils.compareTo( entry , -0, entry ) >=0) {
if( MathUtils.compareTo( entry , -0,0) >=0) {
if( MathUtils.compareTo( entry ,0, epsilon ) >= - entry ) {
if( MathUtils.compareTo( entry ,0,0) >= -0) {
if( MathUtils.compareTo( entry ,0, entry ) >= -0) {
if( MathUtils.compareTo( entry ,0, epsilon ) > -0) {
if( MathUtils.compareTo( entry , -0, epsilon ) >0) {
if( MathUtils.compareTo( entry ,0, epsilon -1) >=0) {
if(( MathUtils.compareTo( entry ,0, epsilon ) >0) ) {
if( MathUtils.compareTo( entry ,0, epsilon / entry ) >=0) {
if(( MathUtils.compareTo( entry ,0,0) >=0) ) {
if(( MathUtils.compareTo( entry ,0, entry ) >=0) ) {
if( MathUtils.compareTo( entry ,0, epsilon ) >=0+ epsilon ) {
if( MathUtils.compareTo( entry ,0, entry -1) >=0) {
if(( MathUtils.compareTo( entry ,0, epsilon ) >=1) ) {
if( MathUtils.compareTo( entry ,0, epsilon - epsilon ) >=0) {
if( MathUtils.compareTo( entry ,0, epsilon ) >= - -1) {
if( MathUtils.compareTo( entry ,0, entry /1) >=0) {
if( MathUtils.compareTo( entry ,0, rhs / entry ) >=0) {
if( MathUtils.compareTo( entry ,0, rhs -1) >=0) {
if( MathUtils.compareTo( entry ,0, entry -0) >=0) {
if(( MathUtils.compareTo( entry , epsilon , epsilon ) >=0) ) {
if( MathUtils.compareTo( entry ,0, epsilon -1) >0) {
if( MathUtils.compareTo( entry ,0, entry /6) >=0) {
if( MathUtils.compareTo( entry ,0, entry /2) >=0) {
if( MathUtils.compareTo( entry ,0, epsilon -6) >=0) {
if( MathUtils.compareTo( entry ,0, epsilon -2) >=0) {
if( Math.max( entry , new Double( entry ) ) >=0) {
if( MathUtils.compareTo( entry ,0, epsilon - epsilon ) >0) {
if( MathUtils.compareTo( entry ,0, epsilon -0) >0) {
if( MathUtils.compareTo( entry ,0, epsilon ) >=( epsilon ) ) {
if( !( MathUtils.compareTo( entry ,0, epsilon ) <=0) ) {
if( entry >=0&& MathUtils.compareTo( entry ,0, epsilon ) >=0) {
if( MathUtils.compareTo( entry ,0, epsilon ) >=0&& entry >=0) {
if( MathUtils.compareTo( entry ,0, epsilon ) >=0&& entry >0) {
if( entry >0&& MathUtils.compareTo( entry ,0, epsilon ) >=0) {
