if( dataset != null && dataset.equals( SortOrder.ASCENDING ) ) {
if( dataset != null && dataset.getRowCount( ) ==0) {
if(( dataset != null ) &&( dataset == null ) ) {
if( plot.getRowRenderingOrder( ) != SortOrder.ASCENDING ) {
if(( dataset == null ) &&( dataset != null ) ) {
if( dataset != null && dataset.getRowCount( ) <0) {
if( dataset != null && dataset.getRowCount( ) >1) {
if(( index == -1) ||( index == -1) ) {
if( dataset == null ) {
if(( dataset != null ) &&( dataset.equals( SortOrder.ASCENDING ) ) ) {
if( dataset != null && dataset.getRowCount( ) <=0) {
if(( dataset != null ) &&( index !=0) ) {
if( ! dataset.equals( this.plot.getDataset( index ) ) ) {
if( dataset != null && !( dataset != null ) ) {
if( dataset != null && plot.getDataset( index ) == null ) {
if(( dataset != null ) &&( index >0) ) {
if( dataset != null &&( dataset.getRowCount( ) ==0) ) {
if( plot.getRowRenderingOrder( ).equals( null ) ) {
if( dataset != null && plot.getIndexOf( this ) >0) {
if(( dataset != null ) &&( dataset instanceof LegendItemCollection ) ) {
if( dataset != null && index >= dataset.getRowCount( ) ) {
if( dataset != null &&( dataset == null ) ) {
if( dataset != null ) if( dataset.getRowCount( ) ==0) {
if(( dataset != null ) &&( index <0) ) {
if(( dataset != null ) &&( index == -1) ) {
if( dataset == null && SortOrder.ASCENDING.equals( SortOrder.ASCENDING ) ) {
if( dataset != null && dataset.equals( this.plot ) ) {
if( plot.getRowRenderingOrder( ) == null ) {
if( dataset != null ) { if( dataset == null )
if( plot.getRowRenderingOrder( ).equals( "Null 'hotspot' argument.") ) {
if( dataset != null && dataset.getRowCount( ) !=1) {
if( dataset != null && dataset.getRowCount( ) == -1) {
if( dataset.equals( SortOrder.ASCENDING ) ) {
if( dataset != null && dataset.getRowCount( ) <1) {
if( dataset != null && result.equals( SortOrder.ASCENDING ) ) {
if( dataset == null && dataset.getRowCount( ) ==0) {
if( !( plot.getRowRenderingOrder( ) != null ) ) {
if( dataset != null &&( dataset.equals( SortOrder.ASCENDING ) ) ) {
if( dataset != null && dataset.getRowCount( ) ==0) { ;
if( dataset == null && dataset.getRowCount( ) >0) {
if( dataset == null && plot.getDataset( index ) != null ) {
if( dataset != null && dataset.equals( this ) ) {
if( dataset != null && SortOrder.ASCENDING.equals( dataset ) ) {
if( dataset != null && !( dataset.equals( dataset ) ) ) {
if( dataset == null && this.plot.getDataset( index ) != null ) {
if( plot != null && dataset.equals( SortOrder.ASCENDING ) ) {
if(( dataset == null ) &&( dataset == null ) ) {
if(( dataset == null ) &&( index != -1) ) {
if( dataset instanceof LegendItemCollection ) {
if( dataset.getRowCount( ) ==0) {
if( dataset != null && plot.getIndexOf( this ) !=0) {
if( dataset != null && plot.getRowRenderingOrder( ) == null ) {
if( dataset != null && dataset == null ) {
if( dataset == null && dataset.getRowCount( ) !=0) {
if( plot.getRowRenderingOrder( ).equals( this.plot ) ) {
if( dataset != null && plot.getIndexOf( this ) >1) {
if( dataset != null && ! dataset.equals( dataset ) ) {
if( dataset != null &&( dataset instanceof LegendItemCollection ) ) {
if( dataset != null && dataset.getColumnCount( ) ==0) {
if( dataset != null && dataset.getColumnCount( ) >1) {
if( dataset != null && dataset.getRowCount( ) >2) {
if( dataset != null && dataset.getRowCount( ) >4) {
if( dataset != null && dataset.getRowCount( ) >11) {
if( dataset != null && dataset.getRowCount( ) >13) {
if( dataset != null && dataset.getRowCount( ) >3) {
if( dataset != null && index < getRowCount( ) ) {
if(( dataset != null ) &&( index != index ) ) {
if( dataset == null || dataset.equals( SortOrder.ASCENDING ) ) {
if(( dataset == null ) &&( index >=0) ) {
if( dataset != null && plot.getDataset( ) == null ) {
if( dataset.equals( SortOrder.ASCENDING ) && dataset != null ) {
if( !( dataset != null && dataset != null ) ) {
if(( index <0) ||( index <0) ) {
if(( dataset.getRowCount( ) -1) !=0) {
if( plot.getRowRenderingOrder( ).equals( this ) ) {
if( !( dataset.getRowCount( ) >0) ) {
if( dataset == null && dataset != null ) {
if( dataset == null || dataset.getRowCount( ) ==0) {
if(( dataset == null ) ||( dataset == null ) ) {
if(( dataset == null ) ||( index <0) ) {
if( this.plot.getRowRenderingOrder( ).equals( null ) ) {
if( plot.getDataset( index ) == null ) {
if(( index != -1) &&( index !=0) ) {
if( dataset != null && dataset.equals( result ) ) {
if( dataset == null ) return null ; if( dataset == null ) {
if( dataset != null &&( dataset != dataset ) ) {
if( plot.getIndexOf( this ) !=0) {
if( dataset != null &&( index == -1) ) {
if( dataset == null &&( dataset == null ) ) {
if( this.plot.getRowRenderingOrder( ) == null ) {
if( plot.getDataset( index ).equals( SortOrder.ASCENDING ) ) {
if(( dataset != null ) &&(0>0) ) {
if( plot.getColumnRenderingOrder( ) != SortOrder.ASCENDING ) {
if( dataset != null ) { if( dataset.getRowCount( ) ==0)
if( dataset != null && getRowCount( ) >0) {
if( dataset != null ) { if( dataset.equals( SortOrder.ASCENDING ) )
if( dataset == null || !( dataset != null ) ) {
if( plot.getDataset( index ) instanceof LegendItemCollection ) {
if( plot.getRowRenderingOrder( ).equals( dataset ) ) {
if( dataset != null && !( dataset == dataset ) ) {
if( dataset != null && index == -1) {
if( plot.getIndexOf( this ) == -1) {
if( dataset == null ||( dataset == null ) ) {
if( dataset.getRowCount( ) >1) {
if( dataset != null &&( index >0) ) {
if( plot.getOrientation( ).equals( SortOrder.ASCENDING ) ) {
if( dataset != null && dataset.equals( plot ) ) {
if( dataset == null && !( dataset == null ) ) {
if( dataset != null ) { if( index <0)
if( dataset != null ) { if( index == -1)
if( dataset == null &&( dataset != null ) ) {
if( dataset == null && !( dataset != null ) ) {
if( dataset != null ) if( dataset == null ) {
if( dataset != null && dataset.equals( "Null 'hotspot' argument.") ) {
if( dataset instanceof LegendItemCollection ) { if( dataset != null )
if( SortOrder.ASCENDING.equals( dataset ) ) {
if(( dataset == null ) && dataset != null ) {
if( dataset != null && dataset.equals( null ) ) {
if( plot.getIndexOf( this ) >0) {
if( dataset.getRowCount( ) !=1) {
if( dataset != null &&( index <0) ) {
if( dataset != null && dataset instanceof LegendItemCollection ) {
if( dataset != null && index < this.rowCount ) {
if( dataset == null || index == -1) {
if( dataset != null ) { if( this.plot == null )
if( dataset != this.plot.getDataset( index ) ) {
if( plot != null &&( dataset == null ) ) {
if( dataset != null ) { if( dataset instanceof LegendItemCollection )
if( dataset.getRowCount( ) <0) {
if( dataset != null && index >0) {
if( dataset == null ) if( dataset != null ) {
if( plot.getIndexOf( this ) != index ) {
if(( dataset.equals( SortOrder.ASCENDING ) ) ) {
if( dataset != null ) { if( null == dataset )
if( this.plot.getIndexOf( this ) !=0) {
if( dataset != null ) { if( index >0)
if( dataset != null && dataset != dataset ) {
if( dataset == null ) { if( dataset != null ) { }
if( dataset != null ) { if( !( dataset != null ) )
if( dataset.getColumnCount( ) ==0) {
if( ! isSeriesVisibleInLegend( index ) ) {
if( plot.getIndexOf( this ) <0) {
if( result.equals( SortOrder.ASCENDING ) ) {
if(( dataset != null ) &&( false ) ) {
if( dataset.getRowCount( ) <=0) {
if( ! ! !( dataset != null ) ) {
if( ! ! dataset.equals( SortOrder.ASCENDING ) ) {
if( dataset != null ) { if(( dataset == null ) )
if( this.plot.getDataset( index ) == null ) {
if( this.plot == null ) {
if( ! !( dataset instanceof LegendItemCollection ) ) {
if( dataset.getRowCount( ) == -1) {
if(( dataset != null ) && null == dataset ) {
if( dataset != null && index <0) {
if( dataset != null ) { if( dataset != dataset )
if( dataset != null ) { if( index !=0)
if( dataset != null ) { if( dataset.equals( null ) )
if( plot == null ) {
if( !( dataset != null ) ) {
if( dataset != null ) { if( dataset != null ) { } else
if( dataset.equals( this.plot ) ) {
if( index >= dataset.getRowCount( ) ) {
if( dataset.getRowCount( ) ==2) {
if( dataset.getRowCount( ) ==4) {
if( dataset.getRowCount( ) ==11) {
if( dataset.getRowCount( ) ==13) {
if( dataset.getRowCount( ) ==3) {
if( SortOrder.ASCENDING != SortOrder.ASCENDING ) {
if( dataset.getRowCount( ) <1) {
if( !( dataset != null ) ) { if( dataset != null )
if( dataset != null ) { if( dataset.equals( "Null 'hotspot' argument.") )
if(( dataset != null ) ) { if( dataset == null )
if( plot.getDataset( ) == null ) {
if( dataset instanceof LegendItemCollection && dataset != null ) {
if( dataset.getRowCount( ) >2) {
if( dataset.getRowCount( ) >4) {
if( dataset.getRowCount( ) >11) {
if( dataset.getRowCount( ) >13) {
if( dataset.getRowCount( ) >3) {
if( dataset == null ) { result.add( null ) ;
if( dataset == null && dataset == null ) {
if( dataset != null && this.plot == null ) {
if( plot.getDatasetCount( ) ==0) {
if( dataset.getColumnCount( ) >1) {
if( dataset == null ) { if( dataset == null ) { }
if( dataset != null && index !=0) {
if( dataset != null ) { if( plot == null )
if(( dataset instanceof LegendItemCollection ) ) {
if( dataset == null ) { if( dataset != null )
if( dataset == null ) { if( dataset == null )
if( dataset != dataset && dataset != null ) {
if( getRowCount( ) >0) {
if( plot.equals( SortOrder.ASCENDING ) ) {
if( dataset == null && this.plot == null ) {
if( dataset == null || index <0) {
if( dataset == null || dataset == null ) {
if( plot.getDataset( index ) != dataset ) {
if( dataset != null ) { if( index >=1)
if( dataset != null && index >=1) {
if( dataset != null && index != index ) {
if(( dataset == null ) ) {
if( dataset != null ) { if( result == null )
if( plot.getParent( ) != null ) {
if( index !=0) { if( dataset != null )
if( ! isSeriesVisible( index ) ) {
if( dataset != null ) { while( dataset == null )
if( dataset != dataset ) {
if( dataset != null && plot == null ) {
if( ! dataset.equals( dataset ) ) {
if( dataset == null && this.plot != null ) {
if(0!=0) {
if( dataset == null && dataset != dataset ) {
if( dataset != null && null == dataset ) {
if( dataset instanceof LegendItemCollection ) { ;
if( index >0) { if( dataset != null )
if( plot != null && dataset == null ) {
if( getRowCount( ) !=0) {
if( dataset.equals( "Null 'hotspot' argument.") ) {
if( "Null 'hotspot' argument.".isEmpty( ) ) {
if( dataset == null && null != dataset ) {
if( dataset != null ) { while( index >0)
if( dataset == null || dataset != dataset ) {
if( "Null 'hotspot' argument.".equals( dataset ) ) {
if(0!=0&& dataset != null ) {
if( this == null ) {
if( this == null && dataset != null ) {
if( !( dataset instanceof CategoryDataset ) ) {
if( dataset != dataset && dataset == null ) {
if( dataset != null ) { if(2==0)
if( dataset != null ) { if(4==0)
if( dataset != null ) { if(11==0)
if( dataset != null ) { if(13==0)
if( dataset != null ) { if(3==0)
if( "Null 'hotspot' argument.".length( ) ==0) {
if( dataset instanceof LegendItem ) {
if( dataset.equals( null ) ) {
if( dataset != null && dataset == result ) {
if( dataset == null && dataset == dataset ) {
if( dataset == null && index !=0) {
if( this != null ) { if( dataset == null )
if( dataset.equals( this ) ) {
if( dataset != null &&0!=0) {
if(0!=0) { if( dataset != null )
if( this != null && dataset == null ) {
if(( index == -1) ) {
if( dataset.equals( plot ) ) {
if( dataset.equals( result ) ) {
if( index <0) {
if( dataset != null && index >=2) {
if( dataset != null && index >=4) {
if( dataset != null && index >=11) {
if( dataset != null && index >=13) {
if( dataset != null && index >=3) {
if(0!=0) { if( dataset == null )
if( dataset != null ) { if(0!=0)
if(0!=0&& dataset == null ) {
if( null != dataset && dataset == null ) {
if( ! !( dataset == null ) ) {
if( dataset == null ) { dataset = null ;
if( null instanceof LegendItemCollection ) {
if( false && dataset != null ) {
if( plot instanceof CategoryDataset ) {
if( dataset != null && result == null ) {
if( !( dataset != null ) ) { ;
if( dataset == null && plot != null ) {
if( dataset == null && result != null ) {
if( dataset == null ) { case0:
if( dataset != null ) { } else {
if( !( plot != null ) ) {
if( dataset == null && ! false ) {
if( index !=0) {
if( false && dataset == null ) {
if( null == dataset ) {
if( dataset != null && ! true ) {
if( dataset != null && false ) {
if((0!=0) ) {
if(1==0) {
if( dataset == null ) { case1:
if(2==0) {
if(4==0) {
if(11==0) {
if(13==0) {
if(3==0) {
if(( dataset ) == null ) {
if( columnCount !=0) {
if( false || dataset == null ) {
if( false ) {
if( index == -1) {
if( dataset == null || false ) {
while( dataset == null ) {
