if( fa >=0.0) {
if(( fa *fb >=0.0) &&( b > upperBound ) ) {
if(( fa *fb >= maximumIterations ) &&( b < upperBound ) ) {
if(( fa *fb >0.0) &&( b < upperBound ) ) {
if(( fa *fb >=0.0) &&( b < lowerBound ) ) {
if(( fa *fb >=0.0) &&( a < lowerBound ) ) {
if(( fa *fb >=0.0) &&( b >= upperBound ) ) {
if(( fa *fb >=0.0) &&( a > upperBound ) ) {
if(( fa >0.0) &&( b < upperBound ) ) {
if(( fa *fb >0.0) &&( a < upperBound ) ) {
if(( fa *fb >=0.0) &&( numIterations < initial ) ) {
if(( fa >=0.0) &&( b < upperBound ) ) {
if(( fa *fb >= maximumIterations ) &&( b > upperBound ) ) {
if(( fa *fb > maximumIterations ) &&( b < upperBound ) ) {
if(( fa *fb >=0.0) &&( a > lowerBound ) ) {
if(( fa *fb >0.0) &&( b > upperBound ) ) {
if(( fa *fb >0.0) &&( b < lowerBound ) ) {
if(( fa *fb >=0.0) &&( b == upperBound ) ) {
if(( fa *fb >=0.0) &&( fa >0.0) ) {
if(( fa *fb >= maximumIterations ) &&( b < lowerBound ) ) {
if(( a > lowerBound ) &&( b > upperBound ) ) {
if(( fa *fb >0.0) &&( b > lowerBound ) ) {
if(( fa >0.0) &&( numIterations < maximumIterations ) ) {
if(( b *fb >=0.0) &&( b > upperBound ) ) {
if(( fa *fb >0.0) ||( b > upperBound ) ) {
if(( fa *fb >0.0) &&( a > upperBound ) ) {
if(( numIterations <0.0) &&( b < upperBound ) ) {
if((( a > lowerBound ) &&( b > upperBound ) ) ) {
if(( a > upperBound ) ||( b > upperBound ) ) {
if(( fb *fb >=0.0) &&( b > upperBound ) ) {
if(( a > upperBound ) &&( b < upperBound ) ) {
if(( b *fb >= maximumIterations ) &&( b < upperBound ) ) {
if(( numIterations < maximumIterations ) &&( b > upperBound ) ) {
if(( fa *fb >= maximumIterations ) &&( a < upperBound ) ) {
if(( fa *fb >= maximumIterations ) &&( a > upperBound ) ) {
if(( fa *fb >= maximumIterations ) &&( b > lowerBound ) ) {
if(( fa *fb >0.0) &&( numIterations < initial ) ) {
if(( fa *fb >0.0) &&( a > lowerBound ) ) {
if(( b *fb >=0.0) &&( b < lowerBound ) ) {
if(( fa *fb >= lowerBound ) &&( b > upperBound ) ) {
if(( fa *fb >= upperBound ) &&( b < upperBound ) ) {
if(( b < lowerBound ) &&( b < upperBound ) ) {
if(( fa *fb >= maximumIterations ) ||( b > upperBound ) ) {
if((( a > lowerBound ) &&( b < lowerBound ) ) ) {
while(( fa *fb >0.0) &&( b < upperBound ) ) {
if(( fa *fb >0.0) &&( a < lowerBound ) ) {
if(( fa *fb > maximumIterations ) &&( b < lowerBound ) ) {
if(( fa >=0.0) &&( numIterations < maximumIterations ) ) {
if((( a < lowerBound ) &&( b < upperBound ) ) ) {
if(( numIterations < maximumIterations ) &&( b < lowerBound ) ) {
if( fa *fb >=0.0&&( b > upperBound ) ) {
if(( numIterations >= maximumIterations ) &&( b < upperBound ) ) {
if(( numIterations <0.0) &&( b > upperBound ) ) {
if(( a *fb >=0.0) &&( b > upperBound ) ) {
if(( fa *fb >= fb ) &&( b > upperBound ) ) {
if(( fa >= fb ) &&( b < upperBound ) ) {
if(( fa *fb <0.0) &&( b > upperBound ) ) {
if(( numIterations > maximumIterations ) &&( b < upperBound ) ) {
if(( a *fb >= maximumIterations ) &&( b < upperBound ) ) {
if(( a < lowerBound ) ||( b > upperBound ) ) {
if((( a > upperBound ) &&( b < upperBound ) ) ) {
if(( a < lowerBound ) &&( numIterations < maximumIterations ) ) {
if(( fa *fb > upperBound ) &&( b < upperBound ) ) {
if( fa *fb >0.0) {
if(( fa *fb >= maximumIterations ) &&( a > lowerBound ) ) {
if(( a < lowerBound ) &&( b < upperBound ) ) {
if(( fa *fb > maximumIterations ) &&( b > lowerBound ) ) {
if(( numIterations <0.0) &&( numIterations < initial ) ) {
if(( fb <0.0) &&( numIterations < maximumIterations ) ) {
if(( b *fb >0.0) &&( b > upperBound ) ) {
if(( fa *fb > fb ) &&( numIterations < maximumIterations ) ) {
if(( fa *fb >=0.0) &&( numIterations < fb ) ) {
if(( b *fb >= maximumIterations ) &&( b > upperBound ) ) {
if(( fa *fb >= lowerBound ) &&( b < lowerBound ) ) {
if(( fa >=0.0) &&( a < upperBound ) ) {
if(( fa *fb > maximumIterations ) &&( a < upperBound ) ) {
if(( fa ==0.0) &&( b < upperBound ) ) {
if(( numIterations < maximumIterations ) &&( a > upperBound ) ) {
if(( fa *fb <0.0) &&( b < lowerBound ) ) {
if(( fa *fb > maximumIterations ) &&( a > upperBound ) ) {
if(( fa >0.0) &&( b > upperBound ) ) {
if(( a > upperBound ) &&( numIterations < maximumIterations ) ) {
if(( fa *fb >= maximumIterations ) ||( b < lowerBound ) ) {
if(( b *fb > maximumIterations ) &&( b < upperBound ) ) {
if(( fa *fb > lowerBound ) &&( b > upperBound ) ) {
if(( fa *fb >= maximumIterations ) ||( a > upperBound ) ) {
if(( b *fb >=0.0) &&( a > upperBound ) ) {
if(( b > lowerBound ) &&( b < lowerBound ) ) {
if(( fa >=0.0) &&( b > upperBound ) ) {
if(( numIterations <0.0) &&( b < lowerBound ) ) {
if(( fa ==0.0) &&( numIterations < maximumIterations ) ) {
if(( numIterations <0.0) &&( a < upperBound ) ) {
if( fa *fb >=0.0&&( b < lowerBound ) ) {
if(( a *fb >=0.0) &&( b < lowerBound ) ) {
if(( numIterations <0.0) &&( b > lowerBound ) ) {
if(( fa *fb >= maximumIterations ) &&( a < lowerBound ) ) {
if(( fb *fb >=0.0) &&( b < lowerBound ) ) {
if(( numIterations <0.0) &&( a > upperBound ) ) {
while(( fa *fb >0.0) &&( b < lowerBound ) ) {
if(( fb *fb >= maximumIterations ) &&( b < upperBound ) ) {
if(( fa *fb >=0.5) &&( b < upperBound ) ) {
if(( fa *fb >=0.6) &&( b < upperBound ) ) {
if(( fa *fb >=0.7) &&( b < upperBound ) ) {
if(( fa *fb >=0.8) &&( b < upperBound ) ) {
if(( fa *fb >=0.2) &&( b < upperBound ) ) {
if(( a > upperBound ) &&( b > upperBound ) ) {
if(( b *fb >0.0) &&( b < lowerBound ) ) {
if(( fa *fb > maximumIterations ) ||( b > upperBound ) ) {
if(( numIterations <0.0) &&( a > lowerBound ) ) {
if(( fa >0.0) &&( b < lowerBound ) ) {
if(( a > lowerBound ) &&(( a > upperBound ) ) ) {
if(( numIterations >= maximumIterations ) &&( b > upperBound ) ) {
while(( fa *fb >0.0) &&( a < upperBound ) ) {
while(( fa *fb > fb ) &&( numIterations < maximumIterations ) ) {
if(( a > lowerBound ) &&( numIterations > maximumIterations ) ) {
while(( fa *fb >0.0) &&( numIterations < initial ) ) {
if(( fa *fb >0.0) ||( b < lowerBound ) ) {
if(( fa >0.0) &&( numIterations < upperBound ) ) {
if(( b < lowerBound ) &&( numIterations < maximumIterations ) ) {
if(( fa > fb ) &&( b < upperBound ) ) {
while(( fa *fb >=0.0) &&( b < lowerBound ) ) {
if(( numIterations > maximumIterations ) &&( b > upperBound ) ) {
if(( b < lowerBound ) &&( b > upperBound ) ) {
if(( a > lowerBound ) &&( a > upperBound ) ) {
while(( fa *fb >=0.0) &&( numIterations < initial ) ) {
if(( fa >=0.0) &&( b < lowerBound ) ) {
if(( fa >= fb ) &&( numIterations < maximumIterations ) ) {
if(( a < lowerBound ) &&( b < lowerBound ) ) {
if(( fa <0.0) &&( b < lowerBound ) ) {
if(( fa *fb >= fb ) &&( b < lowerBound ) ) {
if(( fa *fb > fb ) &&( b < upperBound ) ) {
if(( fa >=0.0) ||( b > upperBound ) ) {
if(( a > upperBound ) ||( a > upperBound ) ) {
if( fa *fb >=0.5&&( b < upperBound ) ) {
if( fa *fb >=0.6&&( b < upperBound ) ) {
if( fa *fb >=0.7&&( b < upperBound ) ) {
if( fa *fb >=0.8&&( b < upperBound ) ) {
if( fa *fb >=0.2&&( b < upperBound ) ) {
if(( b > lowerBound ) &&( b > upperBound ) ) {
if(( fa >=0.0) ) {
if(( b >= lowerBound ) &&( b > upperBound ) ) {
if( fa *fb >=0.0&&( a > upperBound ) ) {
if(( fa >0.0) ||( b > upperBound ) ) {
if(( b > upperBound ) &&( b < upperBound ) ) {
if(( a > upperBound ) ||( b < lowerBound ) ) {
if(( b < lowerBound ) ||( b < lowerBound ) ) {
if(( b > upperBound ) ||( b > upperBound ) ) {
if(( function == null ) &&( numIterations < maximumIterations ) ) {
if(( fa *fb >=0.0) &&( b < fa ) ) {
if(( a < lowerBound ) &&( b > lowerBound ) ) {
if(( a < lowerBound ) &&( b > upperBound ) ) {
if(( fa >0.0) &&( fa < upperBound ) ) {
if(( a > upperBound ) &&( b > lowerBound ) ) {
if(( b < lowerBound ) &&( b < lowerBound ) ) {
if( fa *fb >=0.0&& fa *fb <0.0) {
if( fa *fb >0.0&&( b < upperBound ) ) {
if(( fa >=0.0) &&( a > upperBound ) ) {
if(( fa >0.0) &&( b > lowerBound ) ) {
if(( fa < lowerBound ) &&( b > upperBound ) ) {
if(( fa > lowerBound ) &&( b > upperBound ) ) {
if(( fa > fb ) &&( numIterations < maximumIterations ) ) {
if(( b > upperBound ) &&( b < lowerBound ) ) {
if(( b > upperBound ) ||( b < lowerBound ) ) {
if(( a > upperBound ) &&( a < upperBound ) ) {
if( fa *fb >=0.0&&( b >= upperBound ) ) {
if(( fa *fb >= fb ) &&( a > upperBound ) ) {
if(( fa >0.0) ||( b < lowerBound ) ) {
if(( fa >=0.0) ||( b < lowerBound ) ) {
if( fa >=0.0) { fa = function.value( b ) ;
if( fa >0.0) {
if(( b <= lowerBound ) &&( b < upperBound ) ) {
if(( a < upperBound ) &&( b > upperBound ) ) {
if(( a >= lowerBound ) &&( b < lowerBound ) ) {
if(( fb >0.0) &&( b > upperBound ) ) {
if(( a >= upperBound ) &&( b < upperBound ) ) {
while(( fa > fb ) &&( numIterations < maximumIterations ) ) {
if(( b >0.0) &&( b > upperBound ) ) {
if(( b >= upperBound ) &&( b < upperBound ) ) {
if(( a > maximumIterations ) &&( b < upperBound ) ) {
if(( fb <0.0) &&( b > upperBound ) ) {
if(( a < lowerBound ) ||( a > upperBound ) ) {
if(( fa >= fb ) &&( a < upperBound ) ) {
if(( b < upperBound ) &&( b > upperBound ) ) {
if(( fa >= fb ) ||( b > upperBound ) ) {
if(( fa <0.0) &&( a > upperBound ) ) {
if(( fa >= fb ) &&( b > upperBound ) ) {
if(( fa >= fb ) ||( fa >= fb ) ) {
if( fa *fb >=0.0&&( a < lowerBound ) ) {
if(( a > upperBound ) &&( b < lowerBound ) ) {
if(( fa < fb ) &&( b > upperBound ) ) {
if(( a > upperBound ) &&( a > upperBound ) ) {
if(( fa >0.0) &&( a < upperBound ) ) {
if(( fa > fb ) &&( b > upperBound ) ) {
if(( b < lowerBound ) ||( b > upperBound ) ) {
if( fa ==0.0) {
if(( b > fb ) &&( b < lowerBound ) ) {
if(( b < fb ) &&( b < upperBound ) ) {
if(( fa >= fb ) &&( fa >= fb ) ) {
if(( fa >= fb ) &&( b < lowerBound ) ) {
if(( a >= lowerBound ) &&( b > upperBound ) ) {
if(( a > maximumIterations ) ||( b > upperBound ) ) {
if(( fb <0.0) &&( b < upperBound ) ) {
if(( fa <=0.0) &&( a > upperBound ) ) {
if(( fa >0.0) &&( a > upperBound ) ) {
if(( a < lowerBound ) &&( a < upperBound ) ) {
if(( b > fb ) &&( b > upperBound ) ) {
if(( a > fb ) &&( b < lowerBound ) ) {
if(( fa > fb ) &&( b > lowerBound ) ) {
if(( a < lowerBound ) ||( b < lowerBound ) ) {
if(( fa <0.0) &&( b > upperBound ) ) {
if(( fa >= fb ) ||( b < lowerBound ) ) {
if(( b > upperBound ) &&( b > upperBound ) ) {
if(( a <= lowerBound ) &&( b > upperBound ) ) {
if(( fa > fb ) &&( b < lowerBound ) ) {
if(( b > lowerBound ) &&( a > upperBound ) ) {
if(( a > fb ) &&( b > upperBound ) ) {
if(( fa < fb ) &&( b < lowerBound ) ) {
if(( a > upperBound &&( b < upperBound ) ) ) {
if(( a > lowerBound ) &&( b < fa ) ) {
if( fa *fb *fb >0.0) {
if( fa *fb >=0.0) { if( fa >=0.0)
if(( fa >= fb ) &&( fb > fb ) ) {
if( fa >0.0) { fa = function.value( b ) ;
if(( fa >= fb ) &&( fa == fb ) ) {
if( fa >=0.0&& fa >=0.0) {
if( fa >=0.0) { fa = function.value( a ) ;
if(( fa *fb >0.0) ) {
if( fa *fb >=0.5) {
if( fa *fb >=0.6) {
if( fa *fb >=0.7) {
if( fa *fb >=0.8) {
if( fa *fb >=0.2) {
if(( fa >= fb ) &&( fb >= fb ) ) {
if(( fa < fb ) &&( fa >= fb ) ) {
if(( fb >= fb ) &&( fb > fb ) ) {
if(( fa < fb ) &&( fa == fb ) ) {
if( fa / fb >=0.0) {
if( fa >=0.0) { fb = function.value( b ) ;
if( fa >= fb ) { fa = function.value( b ) ;
if( fa >= fb ) {
if(( fa >= fb ) ||( fa == fb ) ) {
if( fa *fb >=0.0) { if( fa >0.0)
if( fb <0.0) {
if(( fa >= fb ) &&( fb == fb ) ) {
if(( fa >= fb ) &&( fb < fb ) ) {
if( fa >=0.0&&( numIterations < maximumIterations ) ) {
if(( fa > fb ) &&( fb > fb ) ) {
if(( fa >= fb ) &&( fa < fb ) ) {
if( fa >=0.0&&( b < upperBound ) ) {
if(( fb >= fb ) &&( fa >= fb ) ) {
if( fa >= fb ) { fb = function.value( b ) ;
if( fa *fb >=0.0&& fa >=0.0) {
if( fa >= fb || fa >=0.0) {
if( fa >= fb && fa >=0.0) {
if( fa *fb *fb >=0.5) {
if( fa *fb *fb >=0.6) {
if( fa *fb *fb >=0.7) {
if( fa *fb *fb >=0.8) {
if( fa *fb *fb >=0.2) {
if( fa ==5.0) {
if( fa ==6.0) {
if( fa ==7.0) {
if( fa ==8.0) {
if( fa ==2.0) {
if(( fa <= fb ) &&( fa == fb ) ) {
if( fa *fb *fb *fb >0.0) {
if(( fa >0.0) ) {
if( fa *fb >=1.0) {
if(( fa >= fb ) &&( fa <= fb ) ) {
if( fa >=0.0&& fb >=0.0) {
if( fa *fb >=5.0) {
if( fa *fb >=6.0) {
if( fa *fb >=7.0) {
if( fa *fb >=8.0) {
if( fa *fb >=2.0) {
if( fa *fb *fb >=1.0) {
if( fa ==0.0&& fa >=0.0) {
if(( fa >= fb ) &&( fa != fb ) ) {
if( fa *fb >=0.1) {
if(( fa <= fb ) &&( fa >= fb ) ) {
if(( fb < fb ) ||( fa >= fb ) ) {
if( fa *fb > fb ) {
if( fa *0.0> maximumIterations ) {
if( fa ==0.0&& fb >=0.0) {
if( fa *fb *fb > maximumIterations ) {
if(( fb < fb ) &&( fa >= fb ) ) {
if(( fa ==0.0) ) {
if( fa *0.0> numIterations ) {
if( fb *fb <0.0) {
if( fa *fb >0.5) {
if( fa *fb >0.6) {
if( fa *fb >0.7) {
if( fa *fb >0.8) {
if( fa *fb >0.2) {
if( fa >=0.0|| fa >=0.0) {
if( fa < fb && fa >=0.0) {
if( fa *b >=0.0) {
if( fa <0.0&& fa >=0.0) {
if( fa *fb *fb >=5.0) {
if( fa *fb *fb >=6.0) {
if( fa *fb *fb >=7.0) {
if( fa *fb *fb >=8.0) {
if( fa *fb *fb >=2.0) {
if( fa <=0.0&& fa >=0.0) {
if( fa >= fb && fb >=0.0) {
if( fa - fb >=0.0) {
if( fa *fb >=0.0&& b <0.0) {
if( fa ==0.0|| fa ==0.0) {
if( b <0.0) {
if(( fa *fb >=1.0) ) {
if( numIterations <0.0) {
if(( fa >= fb && fa >=0.0) ) {
if( fa >= fb ||( fa >=0.0) ) {
if( fa >0.0&& fa >=0.0) {
if( fa >= fb && fa ==0.0) {
if( fa >= fb && fa *fb >=0.0) {
if( fa *fb ==1.0) {
if( fa !=0.0&& fa >=0.0) {
if( fa *fb ==0.5) {
if( fa *fb ==0.6) {
if( fa *fb ==0.7) {
if( fa *fb ==0.8) {
if( fa *fb ==0.2) {
if( fa >= fb || fa ==0.0) {
if( fa *fa <0.0) {
if( fa < fb && fa ==0.0) {
if( fb >=0.0&& fa >=0.0) {
if( fa >=0.0&& fa <0.0) {
if( a < lowerBound ||( b > upperBound ) ) {
if( fa >=0.5) {
if( fa >=0.6) {
if( fa >=0.7) {
if( fa >=0.8) {
if( fa >=0.2) {
if( fa !=0.0&& fa ==0.0) {
if( fa >0.0&& fa <0.0) {
if( fa >=0.0&& fb <=0.0) {
if( a < lowerBound || lowerBound >= upperBound ) {
if(( fa >= fb || fa >=0.0) ) {
if( fa ==0.0|| fa >=0.0) {
if( fa *fb *fb *fb >=0.5) {
if( fa *fb *fb *fb >=0.6) {
if( fa *fb *fb *fb >=0.7) {
if( fa *fb *fb *fb >=0.8) {
if( fa *fb *fb *fb >=0.2) {
if( fa >= fb &&( numIterations < maximumIterations ) ) {
if( initial < lowerBound || lowerBound >= upperBound ) {
if( fa ==0.0&& fa ==0.0) {
if( fa *5>=0.0) {
if( fa *6>=0.0) {
if( fa *7>=0.0) {
if( fa *8>=0.0) {
if( fa *2>=0.0) {
if(( fa *fb *fb ) > maximumIterations ) {
if( fa < fb && fb <0.0) {
if(( fa / fb >=0.0) ) {
if( fa *fb ==5.0) {
if( fa *fb ==6.0) {
if( fa *fb ==7.0) {
if( fa *fb ==8.0) {
if( fa *fb ==2.0) {
if( fa *fb *0.0> numIterations ) {
if( fa >=0.0&& fb <0.0) {
if( fb ==0.0&& fa >=0.0) {
if( fa <0.0&& fb <0.0) {
if( fa >=0.0&& fb >0.0) {
if( fa >=0.0&& fa >0.0) {
if( fa *fb >0.1) {
if( fa / fb >0.0) {
if(( fa *fb >=0.5) ) {
if(( fa *fb >=0.6) ) {
if(( fa *fb >=0.7) ) {
if(( fa *fb >=0.8) ) {
if(( fa *fb >=0.2) ) {
if( fa ==0.0&& fb <=0.0) {
if( fa *0.0> upperBound ) {
while(( fa *fb *fb ) >0.0) {
if(( b <0.0) ) {
if( fa *fb *0.0>= maximumIterations ) {
if( fa ==0.0&& fa <=0.0) {
if(( fa *fb *fb ) >0.0) {
if( fa >= fb &&( b < upperBound ) ) {
if(( b *fa *fb ) >0.0) {
if( b *fb <0.0) {
if(( fa >= fb && fb >=0.0) ) {
if( fb <0.0&& fa >=0.0) {
if( fa *fb *0.0> maximumIterations ) {
if( fa >= fb && fb ==0.0) {
if( fa >= fb && fa <=0.0) {
if( fa *fb > maximumIterations ) {
if( fa <=0.0&& fb <0.0) {
if(( fa *fb *fb > maximumIterations ) ) {
if(( fa < fb && fa >=0.0) ) {
if( fa >=0.0&& fa <=0.0) {
if( fa / fb *fb >=0.0) {
if( fa ==0.0&& fb >0.0) {
if( fa *fb *fb *fb >=1.0) {
if( fa >=0.0&& fa ==0.0) {
if( b <=0.0) {
if( fa >= fb ||( fa ==0.0) ) {
if( fa ==1.0) {
if( fa *fb >1.0) {
if(( fa - fb >=0.0) ) {
if(( fa *fb >=5.0) ) {
if(( fa *fb >=6.0) ) {
if(( fa *fb >=7.0) ) {
if(( fa *fb >=8.0) ) {
if(( fa *fb >=2.0) ) {
if( fa ==0.0&& fb ==0.0) {
if( fa *0.0>= maximumIterations ) {
if( fa ==0.5) {
if( fa ==0.6) {
if( fa ==0.7) {
if( fa ==0.8) {
if( fa ==0.2) {
if( fa >=5.0) {
if( fa >=6.0) {
if( fa >=7.0) {
if( fa >=8.0) {
if( fa >=2.0) {
if( !( numIterations < maximumIterations ) ) {
if( fa *fb *fb *fb >=0.1) {
if(( fa *fb >=0.1) ) {
if( fa == fb || fa ==0.0) {
if( fa >=0.0) { numIterations ++ ;
if( fb *fb *fb <0.0) {
if( maximumIterations <0.0) {
if( fa <0.0&& fa ==0.0) {
if( fa == fb ||( fa ==0.0) ) {
if(( numIterations <0.0) ) {
if( fa >0.0&& fb >=0.0) {
if( fa > maximumIterations ) {
if(( fa >= fb && fa ==0.0) ) {
if( function == null ) {
if( fa *fb >= fb && fa >=0.0) {
if( fa == fb && fa ==0.0) {
if( fa % fb >0.0) {
if( fa >0.0&& fa <=0.0) {
if( fa >=0.5&& fa >=0.0) {
if( fa >=0.6&& fa >=0.0) {
if( fa >=0.7&& fa >=0.0) {
if( fa >=0.8&& fa >=0.0) {
if( fa >=0.2&& fa >=0.0) {
if(( fa *fb *fb ) >= maximumIterations ) {
if( fa >= fb && fa *fb ==0.0) {
if( fa *fb *fb >= maximumIterations ) {
if( fa ==0.0&& fa <0.0) {
if( fb !=0.0&& fa >=0.0) {
if( fa *fb >=0.0&& fa >= fb ) {
if( fa ==0.0&& fa !=0.0) {
if(( fa *fb *fb >=0.5) ) {
if(( fa *fb *fb >=0.6) ) {
if(( fa *fb *fb >=0.7) ) {
if(( fa *fb *fb >=0.8) ) {
if(( fa *fb *fb >=0.2) ) {
if( b *fb >= maximumIterations ) {
if( fa > fb ) {
if( fa >= fb && fa !=0.0) {
if( fa <0.0&& fa >0.0) {
if( fa >= fb && fa >0.0) {
if(( fa >= fb ) ) {
if( fa >=0.0) { fa =0.0;
if( fa *0.0<0.0) {
if( fa *fb *fb > upperBound ) {
if( fb *fb *fb >=1.0) {
if( b *fa *fb >0.0) {
if( fa >= fb || fa >= fb ) {
if( fa >=1.0) {
if( fa >=0.0&& fa >=0.1) {
if( fa *fb *fb *fb >=5.0) {
if( fa *fb *fb *fb >=6.0) {
if( fa *fb *fb *fb >=7.0) {
if( fa *fb *fb *fb >=8.0) {
if( fa *fb *fb *fb >=2.0) {
if( fa *fb *fb >=0.1) {
if( fa == fb || fa >=0.0) {
if( fa <=0.0&& fa >0.0) {
if( fa > fb && fa >=0.0) {
if( fa *5.0>=0.0) {
if( fa *6.0>=0.0) {
if( fa *7.0>=0.0) {
if( fa *8.0>=0.0) {
if( fa *2.0>=0.0) {
if( a < lowerBound || initial > upperBound ) {
if( fb <0.0&& fb >=0.0) {
if( fa *fb >= Double.MAX_VALUE ) {
if( fa >= fb && fa <0.0) {
if( fa *b >0.0) {
if(( b *fb <0.0) ) {
if(( fa *fb >0.5) ) {
if(( fa *fb >0.6) ) {
if(( fa *fb >0.7) ) {
if(( fa *fb >0.8) ) {
if(( fa *fb >0.2) ) {
if( fa *fb *fb >5.0) {
if( fa *fb *fb >6.0) {
if( fa *fb *fb >7.0) {
if( fa *fb *fb >8.0) {
if( fa *fb *fb >2.0) {
if( fa >=0.0&& fb ==0.0) {
if(( b <=0.0) ) {
if(( numIterations >= maximumIterations ) ) {
if( fa == fb && fb >=0.0) {
if( fa >= fb && fb >0.0) {
if( maximumIterations > maximumIterations ) {
if( fa *0.0>0.0) {
if( fa >0.0&& fb <0.0) {
if( fa *fb >= Double.MIN_VALUE ) {
if( b *fb *fb >= maximumIterations ) {
if( fa <= fb && fa >=0.0) {
if( fa *fb ==0.1) {
if( fa >=0.0&& fa >=0.5) {
if( fa >=0.0&& fa >=0.6) {
if( fa >=0.0&& fa >=0.7) {
if( fa >=0.0&& fa >=0.8) {
if( fa >=0.0&& fa >=0.2) {
if( fa *fb *fb >0.5) {
if( fa *fb *fb >0.6) {
if( fa *fb *fb >0.7) {
if( fa *fb *fb >0.8) {
if( fa *fb *fb >0.2) {
if( fa == fb ) {
if( fa >0.0) { fa =0.0;
if( maximumIterations < maximumIterations ) {
if(( fa *fb >= maximumIterations ) ) {
if( fb >= fb && fa >=0.0) {
if( fa - fb >0.0) {
if( fb *fb >=1.0) {
if( fa ==0.0) { fa =0.0;
if( fa == fb && fa >=0.0) {
if( fa >0.0|| fa >=0.0) {
if( !( fb *fb >=0.0) ) {
if(( fa *fb > maximumIterations ) ) {
if( fa *0.0>= numIterations ) {
if( fa < fb && fa >0.0) {
if( fa >= fb && fa >= fb ) {
if( fb *fb *fb >=5.0) {
if( fb *fb *fb >=6.0) {
if( fb *fb *fb >=7.0) {
if( fb *fb *fb >=8.0) {
if( fb *fb *fb >=2.0) {
if( fa *fa *fb <0.0) {
if( fa >0.0&& fa >0.0) {
if(( fb *fb <0.0) ) {
if( fa / fb >=0.5) {
if( fa / fb >=0.6) {
if( fa / fb >=0.7) {
if( fa / fb >=0.8) {
if( fa / fb >=0.2) {
if( fa *fb - fb >0.0) {
if( numIterations <=0.0) {
if( fb < fb || fa >=0.0) {
if( fa >=0.0) { fb =0.0;
if(( fb <0.0) ) {
if( fa %0.0==0.0) {
if( fa == -0.0) {
if( fa >= fb && fb !=0.0) {
if( fa ==0.0&& fb <0.0) {
if( fa *fb >= maximumIterations ) {
if( fa <=0.0&& fa ==0.0) {
if( !( fb >=0.0) ) {
if( fa == fb && fa !=0.0) {
if( fa >= fb ||( fa >= fb ) ) {
if( a < lowerBound ) {
if( fa *0.0>= upperBound ) {
if( fa *fa <=0.0) {
if( fa ==0.1) {
if( fb < fb && fa >=0.0) {
if(( fa *fb *fb ) > fb ) {
if( fa < fa || fa >=0.0) {
if( numIterations *fb <0.0) {
if( fa <= fb && fa ==0.0) {
if( fa > fb && fb >=0.0) {
if(( fa *fb >0.1) ) {
if( fa >= maximumIterations ) {
if( fa *fb *fb >= upperBound ) {
if( fa >= fa && fa >=0.0) {
if(( fa / fb >0.0) ) {
if(( numIterations > maximumIterations ) ) {
if(( fa / fb *fb >=0.0) ) {
if( fa + lowerBound >= maximumIterations ) {
if( !( b > lowerBound ) ) {
if( fa >= fb && fb <=0.0) {
if( fa >=0.0|| fa >= fb ) {
if(( fa % fb >0.0) ) {
if( fa + fa *fb >=0.0) {
if( fa >0.0&& fb <=0.0) {
if( fa >=0.0&&( fa < fb ) ) {
if( fa >0.0) { fb =0.0;
if(( a < lowerBound ) ) {
if(( a > upperBound ) ) {
if( fa *5==0.0) {
if( fa *6==0.0) {
if( fa *7==0.0) {
if( fa *8==0.0) {
if( fa *2==0.0) {
if( b *fa >=0.0) {
if( fa *fb == -1.0) {
if( fa *fb *fb ==1.0) {
if(( fa *fb *fb >=5.0) ) {
if(( fa *fb *fb >=6.0) ) {
if(( fa *fb *fb >=7.0) ) {
if(( fa *fb *fb >=8.0) ) {
if(( fa *fb *fb >=2.0) ) {
if( fa *fb *fb > fb ) {
if( lowerBound >= maximumIterations ) {
if(( fa *fb ==1.0) ) {
if( fa < fa && fa >=0.0) {
if(( fa *fb >1.0) ) {
if(( a *fb >= maximumIterations ) ) {
if( fa + fb >= maximumIterations ) {
if( fa == fb && fb ==0.0) {
if( fa + fa >=0.0) {
if( fa *fb >5.0) {
if( fa *fb >6.0) {
if( fa *fb >7.0) {
if( fa *fb >8.0) {
if( fa *fb >2.0) {
if( fa *fb *fb >0.1) {
if( numIterations *fb >= maximumIterations ) {
if( fa *fb *fb >1.0) {
if( fa >=0.0&& fa < fb ) {
if( fb ==5.0) {
if( fb ==6.0) {
if( fb ==7.0) {
if( fb ==8.0) {
if( fb ==2.0) {
if( fa >= fb || fa >0.0) {
if( numIterations ==0.0) {
if( fa *5.0>0.0) {
if( fa *6.0>0.0) {
if( fa *7.0>0.0) {
if( fa *8.0>0.0) {
if( fa *2.0>0.0) {
if( !( a < upperBound ) ) {
if(( fa - fb *fb >=0.0) ) {
if( fb >= fb && fa ==0.0) {
if(( fb *fb >=1.0) ) {
if( fa >0.0&&( fa < fb ) ) {
if( fa > fb || fa >=0.0) {
if( fb + lowerBound >= maximumIterations ) {
if( fa / fb *fb >0.0) {
if( b < lowerBound ) {
if( fa *b *b >=0.0) {
if(( fa *fb *fb >0.0) ) {
if( fa - fb *fb >=0.0) {
if( fa *fb >=0.0&& fb < fb ) {
if( fa >= fb && fb <0.0) {
if( fa >= fb -0.0) {
if( fa *fb >= numIterations ) {
if( fa *1.0>= fb ) {
if( fa *fb >0.0f ) {
if( fb < fb && fa ==0.0) {
if( numIterations >= maximumIterations ) {
if( fa *fb % fb >=0.0) {
if( b ==0.0) {
if( fa <0.0&& fa >=0.5) {
if( fa <0.0&& fa >=0.6) {
if( fa <0.0&& fa >=0.7) {
if( fa <0.0&& fa >=0.8) {
if( fa <0.0&& fa >=0.2) {
if( fa *fb > upperBound ) {
if( fa *fb >=( numIterations ) ) {
if( fa == -1.0) {
if( fa > fb && fa >0.0) {
if( fb < fb || fa ==0.0) {
if( fa >= fb && fa == fb ) {
if( fb < fb && fb >=0.0) {
if( fb *fb >=5.0) {
if( fb *fb >=6.0) {
if( fb *fb >=7.0) {
if( fb *fb >=8.0) {
if( fb *fb >=2.0) {
if( fa *fb *fb ==0.5) {
if( fa *fb *fb ==0.6) {
if( fa *fb *fb ==0.7) {
if( fa *fb *fb ==0.8) {
if( fa *fb *fb ==0.2) {
if( fa <=0.0&& fa >=0.5) {
if( fa <=0.0&& fa >=0.6) {
if( fa <=0.0&& fa >=0.7) {
if( fa <=0.0&& fa >=0.8) {
if( fa <=0.0&& fa >=0.2) {
if( fa >5.0) {
if( fa >6.0) {
if( fa >7.0) {
if( fa >8.0) {
if( fa >2.0) {
if( initial < lowerBound ) {
if( fb *fb >= maximumIterations ) {
if( fa >1.0) {
if(( fa *fb *fb >=1.0) ) {
if( fa ==0.0) { fb =0.0;
if(0.0>= maximumIterations ) {
if( fa *fb >= fb && fa >= fb ) {
if( numIterations < fb ) {
while( fa *fb >0.0) {
if( fa *fb *fb >=5.5) {
if( fa *fb *fb >=6.6) {
if( fa *fb *fb >=7.7) {
if( fa *fb *fb >=8.8) {
if( fa *fb *fb >=2.2) {
if(( fa *fb ==5.0) ) {
if(( fa *fb ==6.0) ) {
if(( fa *fb ==7.0) ) {
if(( fa *fb ==8.0) ) {
if(( fa *fb ==2.0) ) {
if( numIterations == maximumIterations ) {
if(0*fb >0.0) {
if( fa >=0.0&& fa >= fb ) {
if( fa *fb *fa <0.0) {
if( fa *fb *fb >=1.5) {
if( fa *fb *fb >=1.6) {
if( fa *fb *fb >=1.7) {
if( fa *fb *fb >=1.8) {
if( fa *fb *fb >=1.2) {
if( fa *0.0> fb ) {
if(( fa > fb ) ) {
if( fb > fb && fa >=0.0) {
if( fa >=0.1) {
if( fa *b *fb >0.0) {
if( fa % fb >=0.5) {
if( fa % fb >=0.6) {
if( fa % fb >=0.7) {
if( fa % fb >=0.8) {
if( fa % fb >=0.2) {
if( a *fb >= maximumIterations ) {
if( fa < fb && fa == fb ) {
if( fa <0.0) { } else {
if( fa *5.0==0.0) {
if( fa *6.0==0.0) {
if( fa *7.0==0.0) {
if( fa *8.0==0.0) {
if( fa *2.0==0.0) {
if( fa *fa ==0.0) {
if( a > upperBound ) {
if( fa *fb *fb ==5.0) {
if( fa *fb *fb ==6.0) {
if( fa *fb *fb ==7.0) {
if( fa *fb *fb ==8.0) {
if( fa *fb *fb ==2.0) {
if(0.0>= numIterations ) {
if( fa < fb && fa >= fb ) {
if( fb *fb ==0.5) {
if( fb *fb ==0.6) {
if( fb *fb ==0.7) {
if( fb *fb ==0.8) {
if( fb *fb ==0.2) {
if( fa ==0.0|| fa >= fb ) {
if( fa / fb >=0.1) {
if(( fa ) *fb >0.0) {
if( initial *fb >= maximumIterations ) {
if( fa - fb ==0.0) {
if( numIterations <0.5) {
if( numIterations <0.6) {
if( numIterations <0.7) {
if( numIterations <0.8) {
if( numIterations <0.2) {
if( b *fb *fb <0.0) {
if( fa >=0.0&& fb < fb ) {
if( fa *5*fb >0.0) {
if( fa *6*fb >0.0) {
if( fa *7*fb >0.0) {
if( fa *8*fb >0.0) {
if( fa *2*fb >0.0) {
if(( fa >=1.0) ) {
if( numIterations > maximumIterations ) {
if(( b *fa >=0.0) ) {
if( fa <= fb && fb <0.0) {
if( fa >= -0.0) {
if(0.0> maximumIterations ) {
if( fa >= upperBound ) {
if( fa <0.0) { ++ fb ; } else {
if( fa *0.0> b ) {
if( upperBound < upperBound ) {
if( fa *b ==0.0) {
if( numIterations <=0) {
if( fa >= fb || fa == fb ) {
if( fa >= fb && fb >= fb ) {
if( maximumIterations <=0.0) {
if( initial > upperBound ) {
if( fa *fa *fb >=0.6) {
if( fa *fa *fb >=0.7) {
if( fa *fa *fb >=0.8) {
if( fa >=0.0&& fa > fb ) {
if( fa *fb / fb >=0.0) {
if((( fa >=0.0) ) ) {
if( fa *fb >0) {
if( fa *- fa >=0.0) {
if( fa < fa && fb >=0.0) {
if(( fa / fb >=0.5) ) {
if(( fa / fb >=0.6) ) {
if(( fa / fb >=0.7) ) {
if(( fa / fb >=0.8) ) {
if(( fa / fb >=0.2) ) {
if( fa *fb >0.00) {
if( fa > Double.MIN_VALUE ) {
if( fa >0.5) {
if( fa >0.6) {
if( fa >0.7) {
if( fa >0.8) {
if( fa >0.2) {
if( fa / fb >=1.0) {
if( fa > upperBound ) {
if( fa *0.0!=0.0) {
if(( fa % fb >=0.5) ) {
if(( fa % fb >=0.6) ) {
if(( fa % fb >=0.7) ) {
if(( fa % fb >=0.8) ) {
if(( fa % fb >=0.2) ) {
if(( b < lowerBound ) ) {
if(( fb *fb >=5.0) ) {
if(( fb *fb >=6.0) ) {
if(( fb *fb >=7.0) ) {
if(( fb *fb >=8.0) ) {
if(( fb *fb >=2.0) ) {
if(( fb > fb ) ) {
if( fa *b >=0.5) {
if( fa *b >=0.6) {
if( fa *b >=0.7) {
if( fa *b >=0.8) {
if( fa *b >=0.2) {
if( fa *fb >= upperBound ) {
if( lowerBound > maximumIterations ) {
if( fa >= fb && fb == fb ) {
if( fa == Double.MIN_VALUE ) {
if(( fa >=5.0) ) {
if(( fa >=6.0) ) {
if(( fa >=7.0) ) {
if(( fa >=8.0) ) {
if(( fa >=2.0) ) {
if( fa == function.value( b ) ) {
if(0.0>0.0) {
if( fa ==(0.0) ) {
if(( fa ==5.0) ) {
if(( fa ==6.0) ) {
if(( fa ==7.0) ) {
if(( fa ==8.0) ) {
if(( fa ==2.0) ) {
if( fa *fb > Double.MAX_VALUE ) {
if( fa == fb || fa == fb ) {
if( fb *fb > fb ) {
if( fb *fb >1.0) {
if(( float ) fa >=0.0) {
if( !( fa !=0.0) ) {
if( fa ==( fa *fb ) ) {
if( numIterations <0.1) {
if( fa + fb > maximumIterations ) {
if( fa <= -1.0) {
if( fa *fb >= Double.NaN ) {
if( upperBound < lowerBound ) {
if( fa *fb > Double.MIN_VALUE ) {
if( fa == fb ||( fa == fb ) ) {
if( fb < fb ) {
if( fa >0.1) {
if( fa == fb && fa == fb ) {
if(( fa + fa >=0.0) ) {
if( fa >= fb && fa <= fb ) {
if( lowerBound < lowerBound ) {
if( fa ==( fb *fb ) ) {
if(0.0> numIterations ) {
if( upperBound <0.0) {
if( fa > Double.MAX_VALUE ) {
if(( fa >=0.5) ) {
if(( fa >=0.6) ) {
if(( fa >=0.7) ) {
if(( fa >=0.8) ) {
if(( fa >=0.2) ) {
if( fa < fa ) {
if( fa %0==0.0) {
if( fa / fb ==0.0) {
if( fb > fb ) {
if( fa *5.0>= fb ) {
if( fa *6.0>= fb ) {
if( fa *7.0>= fb ) {
if( fa *8.0>= fb ) {
if( fa *2.0>= fb ) {
if( fa *1==0.0) {
if(( fa % fb >=1.0) ) {
if(( fa / fb >=0.1) ) {
if(( fa *fb >5.0) ) {
if(( fa *fb >6.0) ) {
if(( fa *fb >7.0) ) {
if(( fa *fb >8.0) ) {
if(( fa *fb >2.0) ) {
if( fb ==0.2) {
if( fb >=5.0) {
if( fb >=6.0) {
if( fb >=7.0) {
if( fb >=8.0) {
if( fb >=2.0) {
if( numIterations <1.0) {
if( numIterations < numIterations ) {
if( fa >= Double.MIN_VALUE ) {
if( fa / fb >0.5) {
if( fa / fb >0.6) {
if( fa / fb >0.7) {
if( fa / fb >0.8) {
if( fa / fb >0.2) {
if( fa *b >=0.1) {
if(( b > upperBound ) ) {
if( upperBound <= lowerBound ) {
if( lowerBound >= upperBound ) {
if( fa *fb >=0.- fa ) {
if( fa *fb <= -1.0) {
if( fa >= fb && fa < fb ) {
if( b > upperBound ) {
if( fa + fb >= fb ) {
if( !( fa <0.0) ) {
if( fa *0!=0.0) {
if( fa >0.0&& fa < fb ) {
if( fa *fb >=1.1) {
if( maximumIterations < lowerBound ) {
if( fa >=0-0.0) {
if( upperBound <=0.0) {
if( maximumIterations <0.5) {
if( maximumIterations <0.6) {
if( maximumIterations <0.7) {
if( maximumIterations <0.8) {
if( maximumIterations <0.2) {
if( fa *fb >=5) {
if( fa *fb >=6) {
if( fa *fb >=7) {
if( fa *fb >=8) {
if( fa *fb >=2) {
if( fa >= Double.MAX_VALUE ) {
if( fa % fb >=1.0) {
if( fa *fb == maximumIterations ) {
if( fa % fb >=0.1) {
if(( fa >=0.1) ) {
if( numIterations <0) {
if( fa *fb < -1.0) {
if( a *fb >=0.7) {
if( a *fb >=0.8) {
if( fa *fa >=1.0) {
if(( fa >= -0.0) ) {
if( fb *fb >5.0) {
if( fb *fb >6.0) {
if( fb *fb >7.0) {
if( fb *fb >8.0) {
if( fb *fb >2.0) {
if(0*fb <0.0) {
if( fa *0.0>0) {
if( fb ==1.0) {
if(( fa ==1.0) ) {
if( fa >=0.0) { ;
if( maximumIterations <= lowerBound ) {
if( fa *fb == upperBound ) {
if( fa <=0.0) { } else {
while( fa >=0.0) {
if( numIterations <= fb ) {
if( !( fa <=0.0) ) {
if( fb > maximumIterations ) {
if( fa *0.5>= fb ) {
if( fa *0.6>= fb ) {
if( fa *0.7>= fb ) {
if( fa *0.8>= fb ) {
if( fa *0.2>= fb ) {
if(( double ) fa >=0.0) {
if( maximumIterations <1.0) {
if(( fa *fb > fb ) ) {
if( fa /0.0>=0) {
if( fb - fb >0.0) {
if(( fa ) >=0.0) {
if( fb *fb ==0.1) {
if( fb *fb ==1.0) {
if(( a > maximumIterations ) ) {
if( fa <= Double.NaN ) {
if( fa *fb >=5.5) {
if( fa *fb >=6.6) {
if( fa *fb >=7.7) {
if( fa *fb >=8.8) {
if( fa *fb >=2.2) {
if( fa ==( fb ) ) {
if(( short ) fa <0.0) {
if( fa /5>=0.0) {
if( fa /6>=0.0) {
if( fa /7>=0.0) {
if( fa /8>=0.0) {
if( fa /2>=0.0) {
if( fa *fb >=1.5) {
if( fa *fb >=1.6) {
if( fa *fb >=1.7) {
if( fa *fb >=1.8) {
if( fa *fb >=1.2) {
if( maximumIterations <0.1) {
if( fa *b >=1.0) {
if( fa !=( fa ) ) {
if(( fb < fb ) ) {
if( fa *fb *fb >0) {
if( fa % fb >0.5) {
if( fa % fb >0.6) {
if( fa % fb >0.7) {
if( fa % fb >0.8) {
if( fa % fb >0.2) {
if( fa == Double.MAX_VALUE ) {
if( fa >=( fb ) ) {
if(( fb >=1.0) ) {
if( fa *fb >=5.1) {
if( fa *fb >=6.1) {
if( fa *fb >=7.1) {
if( fa *fb >=8.1) {
if( fa *fb >=2.1) {
if( fa / fa <0.0) {
if( fa *5.0== fb ) {
if( fa *6.0== fb ) {
if( fa *7.0== fb ) {
if( fa *8.0== fb ) {
if( fa *2.0== fb ) {
if( fa *5>=0.5) {
if( fa *6>=0.6) {
if( fa *7>=0.7) {
if( fa *8>=0.8) {
if( fa *2>=0.2) {
if( fa + fb >=1.0) {
if( fa < fb && fb < fb ) {
if( fb >=1.0) {
if( fa >= fb && fb < fb ) {
if( fa >= fb && fb > fb ) {
if( fa == upperBound ) {
if(0*fb !=0.0) {
if( b <= lowerBound ) {
if( fa *fb *fb >=5) {
if( fa *fb *fb >=6) {
if( fa *fb *fb >=7) {
if( fa *fb *fb >=8) {
if( fa *fb *fb >=2) {
if( fa *5>0.0) {
if( fa *6>0.0) {
if( fa *7>0.0) {
if( fa *8>0.0) {
if( fa *2>0.0) {
if( fb ==0.1) {
if( fa >= fb && fa != fb ) {
if( fa >=(0.0) ) {
if( fa %5>=0.0) {
if( fa %6>=0.0) {
if( fa %7>=0.0) {
if( fa %8>=0.0) {
if( fa %2>=0.0) {
if( fa *fa >=5.0) {
if( fa *fa >=6.0) {
if( fa *fa >=7.0) {
if( fa *fa >=8.0) {
if( fa *fa >=2.0) {
if( fa / b >=0.0) {
if( fa ==5.5) {
if( fa ==6.6) {
if( fa ==7.7) {
if( fa ==8.8) {
if( fa ==2.2) {
if( fa / fb >0.1) {
if( fa <( fa ) ) {
if(( b ==0.0) ) {
if( fa + fa >0.0) {
if( fa / fa <=0.0) {
if( fa *b >=5.0) {
if( fa *b >=6.0) {
if( fa *b >=7.0) {
if( fa *b >=8.0) {
if( fa *b >=2.0) {
if( fa == lowerBound ) {
if( b *fa >0.0) {
if( fa < Double.NaN ) {
if( fa *5>= fb ) {
if( fa *6>= fb ) {
if( fa *7>= fb ) {
if( fa *8>= fb ) {
if( fa *2>= fb ) {
if( fa *0.0<= fa ) {
if( fa > Double.NaN ) {
if( fa ==0.-0) {
if( fa < -1.0) {
if( fa + fb >=5.0) {
if( fa + fb >=6.0) {
if( fa + fb >=7.0) {
if( fa + fb >=8.0) {
if( fa + fb >=2.0) {
if( fa *0.0< fa ) {
if( fa == -5.0) {
if( fa == -6.0) {
if( fa == -7.0) {
if( fa == -8.0) {
if( fa == -2.0) {
if( fa *fb >0.) {
if( fa / fb >=0) {
if( fa >=0.0f ) {
if( fa ==0.-1) {
if( a > maximumIterations ) {
if( fa *fb >= - fa ) {
if( fa >=0) {
if( a >= upperBound ) {
if( b > maximumIterations ) {
if( fa ==5.1) {
if( fa ==6.1) {
if( fa ==7.1) {
if( fa ==8.1) {
if( fa ==2.1) {
if( fb == -1.0) {
if( initial <0.0) {
if(( function == null ) ) {
if( b <0.1) {
if( fa ++ >=0.0) {
if( fa >0.0f ) {
if( fa -- >=0.0) {
if( fa *fb >=1) {
if( fa >= fb *fb ) {
if(( b < fa ) ) {
if( fa *fb >5) {
if( fa *fb >6) {
if( fa *fb >7) {
if( fa *fb >8) {
if( fa *fb >2) {
if(( fa < fa ) ) {
