new Range(0.0, constraint.getWidth( ) - w [4] ) ,
new Range(0.0, constraint.getWidth( ) - w [3] ) ,
new Range(0.0, constraint.getWidth( ) - w [4] - w [4] ) ,
new Range(0.0, constraint.getWidth( ) - w [3] - w [3] ) ,
new Range(0.0, constraint.getWidth( ) - h [4] ) ,
new Range(0.0, constraint.getWidth( ) - w [1] ) ,
new Range(0.0, constraint.getWidth( ) - w [2] + h [2] ) ,
new Range(0.0, constraint.getWidth( ) - w [4] + h [4] ) ,
new Range(0.0, constraint.getWidth( ) - w [3] + h [3] ) ,
new Range(0.0, constraint.getWidth( ) - w [0] ) ,
new Range(0.0, constraint.getWidth( ) - h [4] - w [4] ) ,
new Range(0.0, constraint.getWidth( ) - w [4] + h [0] ) ,
new Range(0.0, constraint.getWidth( ) - w [3] + h [0] ) ,
new Range(0.0, constraint.getWidth( ) - w [4] - h [4] ) ,
new Range(0.0, constraint.getHeight( ) - w [2] ) ,
new Range(0.0, constraint.getHeight( ) - w [4] ) ,
new Range(0.0, constraint.getHeight( ) - w [3] ) ,
new Range(0.0, constraint.getWidth( ) - w [0] + h [2] ) ,
new Range(0.0, constraint.getWidth( ) - w [0] + h [4] ) ,
new Range(0.0, constraint.getWidth( ) - w [0] + h [3] ) ,
new Range(0.4, constraint.getWidth( ) - w [4] ) ,
new Range(0.3, constraint.getWidth( ) - w [3] ) ,
new Range(0, constraint.getWidth( ) - w [4] ) ,
new Range(0, constraint.getWidth( ) - w [3] ) ,
new Range(0.0, constraint.getHeight( ) - w [2] - w [2] ) ,
new Range(0.0, constraint.getHeight( ) - w [4] - w [4] ) ,
new Range(0.0, constraint.getHeight( ) - w [3] - w [3] ) ,
new Range(0.0, constraint.getWidth( ) - w [2] + w [2] ) ,
new Range(0.0, constraint.getWidth( ) - w [4] + w [4] ) ,
new Range(0.0, constraint.getWidth( ) - w [3] + w [3] ) ,
new Range(0.0, constraint.getWidth( ) - w [0] - w [4] ) ,
new Range(0.0, constraint.getWidth( ) - w [0] - w [3] ) ,
new Range(0.0, constraint.getWidth( ) - constraint.getWidth( ) ) ,
new Range(0.0, constraint.getWidth( ) - w [2] + w [0] ) ,
new Range(0.0, constraint.getWidth( ) - w [4] + w [0] ) ,
new Range(0.0, constraint.getWidth( ) - w [3] + w [0] ) ,
new Range(0.0, constraint.getWidth( ) - w [0] + h [0] ) ,
new Range(0.0, constraint.getWidth( ) - w [0] + w [2] ) ,
new Range(0.0, constraint.getWidth( ) - w [0] + w [4] ) ,
new Range(0.0, constraint.getWidth( ) - w [0] + w [3] ) ,
new Range(0.0, constraint.getWidth( ) - h [4] - h [4] ) ,
new Range(0.0, constraint.getWidth( ) - w [1] - w [4] ) ,
new Range(0.0, constraint.getWidth( ) - w [1] - w [3] ) ,
new Range(0.0, constraint.getHeight( ) - h [2] ) ,
new Range(0.0, constraint.getHeight( ) - h [4] ) ,
new Range(0.0, constraint.getHeight( ) - h [3] ) ,
new Range(0.1, constraint.getWidth( ) - w [4] ) ,
new Range(0.1, constraint.getWidth( ) - w [3] ) ,
new Range(0.0, constraint.getWidth( ) - w [4] + h [1] ) ,
new Range(0.0, constraint.getWidth( ) - w [3] + h [1] ) ,
new Range(0.0, constraint.getWidth( ) - w [4] - w [1] ) ,
new Range(0.0, constraint.getWidth( ) - w [3] - w [1] ) ,
new Range(0.0, constraint.getWidth( ) - w [1] + h [2] ) ,
new Range(0.0, constraint.getWidth( ) - w [1] + h [4] ) ,
new Range(0.0, constraint.getWidth( ) - w [1] + h [3] ) ,
new Range(0.0, constraint.getWidth( ) -2) ,
new Range(0.0, constraint.getWidth( ) -4) ,
new Range(0.0, constraint.getWidth( ) -3) ,
new Range(0.0, constraint.getWidth( ) -5) ,
new Range(0.0, constraint.getWidth( ) - h [2] + h [2] ) ,
new Range(0.0, constraint.getWidth( ) - h [4] + h [4] ) ,
new Range(0.0, constraint.getWidth( ) - h [3] + h [3] ) ,
new Range(0.0, constraint.getWidth( ) + w [2] - w [2] ) ,
new Range(0.0, constraint.getWidth( ) + w [4] - w [4] ) ,
new Range(0.0, constraint.getWidth( ) + w [3] - w [3] ) ,
new Range(0.0, constraint.getWidth( ) - w [0] + w [0] ) ,
new Range(0.0, constraint.getHeight( ) - h [4] - w [4] ) ,
new Range(0.0, constraint.getHeight( ) - h [3] - w [3] ) ,
new Range(0.0, constraint.getWidth( ) -1) ,
new Range(1.0, constraint.getWidth( ) - w [4] ) ,
new Range(1.0, constraint.getWidth( ) - w [3] ) ,
new Range(4.0, constraint.getWidth( ) - w [4] ) ,
new Range(3.0, constraint.getWidth( ) - w [3] ) ,
new Range(0.0, constraint.getHeight( ) - w [2] + h [2] ) ,
new Range(0.0, constraint.getHeight( ) - w [4] + h [4] ) ,
new Range(0.0, constraint.getHeight( ) - w [3] + h [3] ) ,
new Range(0.0, constraint.getWidth( ) - w [4] - w [0] ) ,
new Range(0.0, constraint.getWidth( ) - w [3] - w [0] ) ,
new Range(0.0, constraint.getHeight( ) - w [0] ) ,
new Range(0.0, w [2] ) ,
new Range(0.0, w [4] ) ,
new Range(0.0, w [3] ) ,
new Range(0.0, constraint.getHeight( ) - w [4] - h [4] ) ,
new Range(0.0, constraint.getHeight( ) - w [3] - h [3] ) ,
new Range(0.0, constraint.getWidth( ) - w [0] - h [4] ) ,
new Range(0.0, container.getWidth( ) - w [4] - w [4] ) ,
new Range(0.0, container.getWidth( ) - w [3] - w [3] ) ,
new Range(0.0, container.getWidth( ) - w [4] ) ,
new Range(0.0, container.getWidth( ) - w [3] ) ,
new Range(0.0, constraint.getWidth( ) - w [0] + h [1] ) ,
new Range( constraint.getWidth( ) - w [2] , constraint.getWidth( ) - w [2] ) ,
new Range( constraint.getWidth( ) - w [4] , constraint.getWidth( ) - w [4] ) ,
new Range( constraint.getWidth( ) - w [3] , constraint.getWidth( ) - w [3] ) ,
new Range(0.0, constraint.getWidth( ) - w [1] + h [0] ) ,
new Range( constraint.getWidth( ) , constraint.getWidth( ) - w [4] ) ,
new Range( constraint.getWidth( ) , constraint.getWidth( ) - w [3] ) ,
new Range(0.0, constraint.getWidth( ) - h [4] + h [0] ) ,
new Range(0.0, constraint.getWidth( ) - w [1] + w [2] ) ,
new Range(0.0, constraint.getWidth( ) - w [1] + w [4] ) ,
new Range(0.0, constraint.getWidth( ) - w [1] + w [3] ) ,
new Range(0.0, constraint.getWidth( ) + w [2] + h [2] ) ,
new Range(0.0, constraint.getWidth( ) + w [4] + h [4] ) ,
new Range(0.0, constraint.getWidth( ) + w [3] + h [3] ) ,
new Range(0.0, constraint.getWidth( ) - h [4] + w [4] ) ,
new Range(0.0, constraint.getHeight( ) - w [2] + h [0] ) ,
new Range(0.0, constraint.getHeight( ) - w [4] + h [0] ) ,
new Range(0.0, constraint.getHeight( ) - w [3] + h [0] ) ,
new Range(0.0, constraint.getHeight( ) - w [2] + w [0] ) ,
new Range(0.0, constraint.getHeight( ) - w [4] + w [0] ) ,
new Range(0.0, constraint.getHeight( ) - w [3] + w [0] ) ,
new Range(0.0, constraint.getHeight( ) - w [1] ) ,
new Range(0, constraint.getWidth( ) - w [0] ) ,
new Range(0.0, constraint.getHeight( ) - w [0] + h [2] ) ,
new Range(0.0, constraint.getHeight( ) - w [0] + h [4] ) ,
new Range(0.0, constraint.getHeight( ) - w [0] + h [3] ) ,
new Range(0.1, constraint.getWidth( ) - w [2] + h [2] ) ,
new Range(0.1, constraint.getWidth( ) - w [4] + h [4] ) ,
new Range(0.1, constraint.getWidth( ) - w [3] + h [3] ) ,
new Range(0.0, constraint.getHeight( ) - w [2] + w [2] ) ,
new Range(0.0, constraint.getHeight( ) - w [4] + w [4] ) ,
new Range(0.0, constraint.getHeight( ) - w [3] + w [3] ) ,
new Range(0.0, constraint.getHeight( ) - w [0] + w [2] ) ,
new Range(0.0, constraint.getHeight( ) - w [0] + w [4] ) ,
new Range(0.0, constraint.getHeight( ) - w [0] + w [3] ) ,
new Range(0.0, constraint.getHeight( ) - w [0] + h [0] ) ,
new Range(0.0, constraint.getWidth( ) + w [2] + w [2] ) ,
new Range(0.0, constraint.getWidth( ) + w [4] + w [4] ) ,
new Range(0.0, constraint.getWidth( ) + w [3] + w [3] ) ,
new Range(0.0, constraint.getHeight( ) - h [2] + h [2] ) ,
new Range(0.0, constraint.getHeight( ) - h [4] + h [4] ) ,
new Range(0.0, constraint.getHeight( ) - h [3] + h [3] ) ,
new Range(0.2, constraint.getWidth( ) - w [2] + h [2] ) ,
new Range(0.4, constraint.getWidth( ) - w [4] + h [4] ) ,
new Range(0.3, constraint.getWidth( ) - w [3] + h [3] ) ,
new Range(0.0, constraint.getWidth( ) - w [0] + w [1] ) ,
new Range(0.0, constraint.getHeight( ) - w [1] + h [2] ) ,
new Range(0.0, constraint.getHeight( ) - w [1] + h [4] ) ,
new Range(0.0, constraint.getHeight( ) - w [1] + h [3] ) ,
new Range(0, constraint.getWidth( ) - w [1] ) ,
new Range(0.0, constraint.getWidth( ) - h [0] + h [0] ) ,
new Range(0.0, constraint.getWidth( ) + w [2] + h [0] ) ,
new Range(0.0, constraint.getWidth( ) + w [4] + h [0] ) ,
new Range(0.0, constraint.getWidth( ) + w [3] + h [0] ) ,
new Range(0.0, constraint.getWidth( ) + w [2] ) ,
new Range(0.0, constraint.getWidth( ) + w [4] ) ,
new Range(0.0, constraint.getWidth( ) + w [3] ) ,
new Range( constraint.getWidth( ) , constraint.getHeight( ) - w [4] ) ,
new Range( constraint.getWidth( ) , constraint.getHeight( ) - w [3] ) ,
new Range(0.0, constraint.getWidth( ) - w [1] + w [0] ) ,
new Range(0.0, constraint.getWidth( ) - h [4] + w [0] ) ,
new Range(0.0, constraint.getHeight( ) - w [0] + w [0] ) ,
new Range(0.0, constraint.getHeight( ) - constraint.getWidth( ) ) ,
new Range( constraint.getWidth( ) , constraint.getWidth( ) - h [4] ) ,
new Range(0.0, constraint.getWidth( ) ) ,
new Range(0.0, w [4] - w [4] - w [4] ) ,
new Range(0.0, w [3] - w [3] - w [3] ) ,
new Range(0, constraint.getWidth( ) - w [0] + w [2] ) ,
new Range(0, constraint.getWidth( ) - w [0] + w [4] ) ,
new Range(0, constraint.getWidth( ) - w [0] + w [3] ) ,
new Range(0.0, container.getWidth( ) - h [4] ) ,
new Range(0.0, constraint.getHeight( ) - constraint.getHeight( ) ) ,
new Range(0.0, constraint.getWidth( ) + constraint.getWidth( ) ) ,
new Range(0.0, constraint.getHeight( ) - h [1] ) ,
new Range(0.0, constraint.getWidth( ) - w [2] + w [1] ) ,
new Range(0.0, constraint.getWidth( ) - w [4] + w [1] ) ,
new Range(0.0, constraint.getWidth( ) - w [3] + w [1] ) ,
new Range(0.0, constraint.getWidth( ) - constraint.getWidth( ) - w [4] ) ,
new Range(0.0, constraint.getWidth( ) - constraint.getWidth( ) - w [3] ) ,
new Range( constraint.getWidth( ) , constraint.getHeight( ) - h [4] ) ,
new Range(0.0, constraint.getHeight( ) - h [0] ) ,
new Range(0.0, constraint.getWidth( ) -0.2) ,
new Range(0.0, constraint.getWidth( ) -0.4) ,
new Range(0.0, constraint.getWidth( ) -0.3) ,
new Range(0.0, constraint.getWidth( ) -0.5) ,
new Range(0.0, constraint.getWidth( ) -0.506071142274883745) ,
new Range(0.0, constraint.getWidth( ) + h [2] ) ,
new Range(0.0, constraint.getWidth( ) + h [4] ) ,
new Range(0.0, constraint.getWidth( ) + h [3] ) ,
new Range(0.0, constraint.getWidth( ) + constraint.getHeight( ) ) ,
new Range(0.0, constraint.getWidth( ) - container.getHeight( ) ) ,
new Range(0, constraint.getHeight( ) - w [2] ) ,
new Range(0, constraint.getHeight( ) - w [4] ) ,
new Range(0, constraint.getHeight( ) - w [3] ) ,
new Range(0.0, container.getHeight( ) - w [4] ) ,
new Range(0.0, container.getHeight( ) - w [3] ) ,
new Range(4.4, constraint.getWidth( ) - w [4] ) ,
new Range(3.3, constraint.getWidth( ) - w [3] ) ,
new Range(0.0, constraint.getWidth( ) + w [0] ) ,
new Range(1.4, constraint.getWidth( ) - w [4] ) ,
new Range(1.3, constraint.getWidth( ) - w [3] ) ,
new Range(0.0, constraint.getWidth( ) *w [2] ) ,
new Range(0.0, constraint.getWidth( ) *w [4] ) ,
new Range(0.0, constraint.getWidth( ) *w [3] ) ,
new Range(0.0, Math.max(0.0, constraint.getWidth( ) ) ) ,
new Range( w [4] , constraint.getWidth( ) - w [4] ) ,
new Range( w [3] , constraint.getWidth( ) - w [3] ) ,
new Range(0.1, constraint.getWidth( ) - h [4] ) ,
new Range(0.0, constraint.getWidth( ) - container.getWidth( ) ) ,
new Range(0.0, constraint.getWidth( ) *constraint.getWidth( ) ) ,
new Range( w [0] , constraint.getWidth( ) - w [4] ) ,
new Range( w [0] , constraint.getWidth( ) - w [3] ) ,
new Range(0.0, Math.min(0.0, constraint.getWidth( ) ) ) ,
new Range(0.0, constraint.getHeight( ) + w [2] ) ,
new Range(0.0, constraint.getHeight( ) + w [4] ) ,
new Range(0.0, constraint.getHeight( ) + w [3] ) ,
new Range(0, constraint.getWidth( ) - h [4] ) ,
new Range(0, constraint.getWidth( ) - constraint.getWidth( ) ) ,
new Range(4.1, constraint.getWidth( ) - w [4] ) ,
new Range(3.1, constraint.getWidth( ) - w [3] ) ,
new Range( -0.0, constraint.getWidth( ) - w [4] ) ,
new Range( -0.0, constraint.getWidth( ) - w [3] ) ,
new Range(0.0, w [2] - w [2] ) ,
new Range(0.0, w [4] - w [4] ) ,
new Range(0.0, w [3] - w [3] ) ,
new Range(0.0, constraint.getWidth( ) - - w [2] ) ,
new Range(0.0, constraint.getWidth( ) - - w [4] ) ,
new Range(0.0, constraint.getWidth( ) - - w [3] ) ,
new Range(0.0, constraint.getWidth( ) -0) ,
new Range(0.0, constraint.getWidth( ) -2-2) ,
new Range(0.0, constraint.getWidth( ) -4-4) ,
new Range(0.0, constraint.getWidth( ) -3-3) ,
new Range(0.0, constraint.getWidth( ) -5-5) ,
new Range(1.0, constraint.getWidth( ) - h [4] ) ,
new Range(1.1, constraint.getWidth( ) - w [4] ) ,
new Range(1.1, constraint.getWidth( ) - w [3] ) ,
new Range(0.0, constraint.getWidth( ) -1- w [4] ) ,
new Range(0.0, constraint.getWidth( ) -1- w [3] ) ,
new Range(0.0, constraint.getWidth( ) -1.2) ,
new Range(0.0, constraint.getWidth( ) -1.4) ,
new Range(0.0, constraint.getWidth( ) -1.3) ,
new Range(0.0, constraint.getWidth( ) -1.5) ,
new Range(0.0, constraint.getWidth( ) -1.506071142274883745) ,
new Range(0.0, constraint.getWidth( ) *constraint.getHeight( ) ) ,
new Range( constraint.getWidth( ) , constraint.getHeight( ) ) ,
new Range(0.2, constraint.getHeight( ) - w [2] ) ,
new Range(0.4, constraint.getHeight( ) - w [4] ) ,
new Range(0.3, constraint.getHeight( ) - w [3] ) ,
new Range(4, constraint.getWidth( ) - w [4] ) ,
new Range(3, constraint.getWidth( ) - w [3] ) ,
new Range(0.0,( int ) constraint.getWidth( ) - w [4] ) ,
new Range(0.0,( int ) constraint.getWidth( ) - w [3] ) ,
new Range(0.4, constraint.getWidth( ) - h [4] ) ,
new Range(0.0,2*constraint.getWidth( ) - w [2] ) ,
new Range(0.0,4*constraint.getWidth( ) - w [4] ) ,
new Range(0.0,3*constraint.getWidth( ) - w [3] ) ,
new Range(0.0, constraint.getWidth( ) - w [2+1] ) ,
new Range(0.0, constraint.getWidth( ) - w [3+1] ) ,
new Range( -0.4, constraint.getWidth( ) - w [4] ) ,
new Range( -0.3, constraint.getWidth( ) - w [3] ) ,
new Range( -1.0, constraint.getWidth( ) - w [4] ) ,
new Range( -1.0, constraint.getWidth( ) - w [3] ) ,
new Range(0.0, container.getHeight( ) - h [4] ) ,
new Range(0.0, constraint.getHeight( ) + h [2] ) ,
new Range(0.0, constraint.getHeight( ) + h [4] ) ,
new Range(0.0, constraint.getHeight( ) + h [3] ) ,
new Range(0.0, Math.max(0.0, constraint.getHeight( ) ) ) ,
new Range( constraint.getWidth( ) , constraint.getWidth( ) ) ,
new Range(0.0, constraint.getWidth( ) -0.0) ,
new Range(0.0, constraint.getWidth( ) -4- w [4] ) ,
new Range(0.0, constraint.getWidth( ) -3- w [3] ) ,
new Range( constraint.getWidth( ) , constraint.getHeight( ) - h [1] ) ,
new Range(0.0, Math.min(0.0, constraint.getHeight( ) ) ) ,
new Range( constraint.getWidth( ) , constraint.getHeight( ) - h [0] ) ,
new Range(0.0,( constraint.getWidth( ) - w [4] ) ) ,
new Range(0.0,( constraint.getWidth( ) - w [3] ) ) ,
new Range(0.1, constraint.getHeight( ) - w [2] ) ,
new Range(0.1, constraint.getHeight( ) - w [4] ) ,
new Range(0.1, constraint.getHeight( ) - w [3] ) ,
( Range ) new Range(0.0, constraint.getWidth( ) - w [4] ) ,
( Range ) new Range(0.0, constraint.getWidth( ) - w [3] ) ,
new Range(0.0, constraint.getWidth( ) - w [4] +4) ,
new Range(0.0, constraint.getWidth( ) - w [3] +3) ,
new Range(0.0, constraint.getWidth( ) / constraint.getWidth( ) ) ,
new Range(0.0, h [2] ) ,
new Range(0.0, h [4] ) ,
new Range(0.0, h [3] ) ,
new Range( -1, constraint.getWidth( ) - w [4] ) ,
new Range( -1, constraint.getWidth( ) - w [3] ) ,
new Range(0.0, constraint.getWidth( ) + w [1] ) ,
new Range(0.0, constraint.getWidth( ) - w [2+2] ) ,
new Range(0.0, constraint.getWidth( ) -2-1) ,
new Range(0.0, constraint.getWidth( ) -4-1) ,
new Range(0.0, constraint.getWidth( ) -3-1) ,
new Range(0.0, constraint.getWidth( ) -5-1) ,
new Range(0.0, Math.max(1.0, constraint.getWidth( ) ) ) ,
new Range(0.0, constraint.getWidth( ) - - w [0] ) ,
new Range(0.0, constraint.getWidth( ) - w.length ) ,
new Range(0.0, constraint.getWidth( ) -2.0) ,
new Range(0.0, constraint.getWidth( ) -4.0) ,
new Range(0.0, constraint.getWidth( ) -3.0) ,
new Range(0.0, constraint.getWidth( ) -5.0) ,
new Range(0.0, constraint.getWidth( ) - w [2-1] ) ,
new Range(0.0, constraint.getWidth( ) - w [4-1] ) ,
new Range(0.0, constraint.getWidth( ) - w [5-1] ) ,
new Range(0.01, constraint.getWidth( ) - w [4] ) ,
new Range(0.01, constraint.getWidth( ) - w [3] ) ,
new Range(0.0, constraint.getWidth( ) -1.0) ,
new Range(0.0, constraint.getWidth( ) *w [1] ) ,
new Range(0.0, constraint.getHeight( ) + constraint.getWidth( ) ) ,
new Range(0.0, constraint.getWidth( ) - w [4] +1) ,
new Range(0.0, constraint.getWidth( ) - w [3] +1) ,
new Range(0.1, constraint.getHeight( ) - h [4] ) ,
new Range(1.0, constraint.getHeight( ) - w [2] ) ,
new Range(1.0, constraint.getHeight( ) - w [4] ) ,
new Range(1.0, constraint.getHeight( ) - w [3] ) ,
new Range(0.0,4+ constraint.getWidth( ) - w [4] ) ,
new Range(0.0,3+ constraint.getWidth( ) - w [3] ) ,
new Range(0.0, constraint.getWidth( ) -0.) ,
new Range(0.0,( constraint.getWidth( ) ) - w [4] ) ,
new Range(0.0,( constraint.getWidth( ) ) - w [3] ) ,
new Range(0, constraint.getWidth( ) - container.getWidth( ) ) ,
new Range(0.0, constraint.getHeight( ) ) ,
new Range( w [0] , constraint.getWidth( ) - h [4] ) ,
new Range(0.0, - w [4] ) ,
new Range(0.0, - w [3] ) ,
new Range(2.0, constraint.getHeight( ) - w [2] ) ,
new Range(4.0, constraint.getHeight( ) - w [4] ) ,
new Range(3.0, constraint.getHeight( ) - w [3] ) ,
new Range(0.0, constraint.getWidth( ) + h [0] ) ,
new Range(0.0, constraint.getHeight( ) + w [0] ) ,
new Range(0.0,( int ) constraint.getWidth( ) ) ,
new Range(0.0, constraint.getWidth( ) - w [4] -1) ,
new Range(0.0, constraint.getWidth( ) - w [3] -1) ,
new Range(0.0, constraint.getWidth( ) - w [2-2] ) ,
new Range(0.0, constraint.getWidth( ) - w [4-4] ) ,
new Range(0.0, constraint.getWidth( ) - w [3-3] ) ,
new Range(0.0, constraint.getWidth( ) - w [5-5] ) ,
new Range(0.0, container.getWidth( ) + w [2] ) ,
new Range(0.0, container.getWidth( ) + w [4] ) ,
new Range(0.0, container.getWidth( ) + w [3] ) ,
new Range(0.0, constraint.getWidth( ) -1-2) ,
new Range(0.0, constraint.getWidth( ) -1-4) ,
new Range(0.0, constraint.getWidth( ) -1-3) ,
new Range(0.0, constraint.getWidth( ) -1-5) ,
new Range(0, constraint.getHeight( ) - w [1] ) ,
new Range(0.0, constraint.getWidth( ) / w [2] ) ,
new Range(0.0, constraint.getWidth( ) / w [4] ) ,
new Range(0.0, constraint.getWidth( ) / w [3] ) ,
new Range(0.0, constraint.getWidth( ) - w [2] /2) ,
new Range(0.0, constraint.getWidth( ) - w [4] /4) ,
new Range(0.0, constraint.getWidth( ) - w [3] /3) ,
new Range(0.0,4*constraint.getWidth( ) - h [4] ) ,
new Range(0.0, constraint.getWidth( ) +2) ,
new Range(0.0, constraint.getWidth( ) +4) ,
new Range(0.0, constraint.getWidth( ) +3) ,
new Range(0.0, constraint.getWidth( ) +5) ,
new Range(0.0, constraint.getWidth( ) + h [1] ) ,
new Range( -4.0, constraint.getWidth( ) - w [4] ) ,
new Range( -3.0, constraint.getWidth( ) - w [3] ) ,
new Range( -0.0, constraint.getWidth( ) - w [1] ) ,
new Range(0.2, constraint.getWidth( ) + w [2] ) ,
new Range(0.4, constraint.getWidth( ) + w [4] ) ,
new Range(0.3, constraint.getWidth( ) + w [3] ) ,
new Range(4.0, constraint.getWidth( ) - h [4] ) ,
new Range(0.0, constraint.getWidth( ) -2.2) ,
new Range(0.0, constraint.getWidth( ) -4.4) ,
new Range(0.0, constraint.getWidth( ) -3.3) ,
new Range(0.0, constraint.getWidth( ) -5.5) ,
new Range(0.0, constraint.getWidth( ) -1.1) ,
new Range(0.0, constraint.getWidth( ) -0.1) ,
new Range(1.0, constraint.getHeight( ) - h [4] ) ,
new Range(0.0, constraint.getWidth( ) -1-1) ,
new Range(0.0, constraint.getWidth( ) -2-0.2) ,
new Range(0.0, constraint.getWidth( ) -4-0.4) ,
new Range(0.0, constraint.getWidth( ) -3-0.3) ,
new Range(0.0, constraint.getWidth( ) -5-0.5) ,
new Range(0.0, w [1] ) ,
new Range( -1.0, constraint.getWidth( ) - h [4] ) ,
new Range(0.0- constraint.getWidth( ) , w [2] ) ,
new Range(0.0- constraint.getWidth( ) , w [4] ) ,
new Range(0.0- constraint.getWidth( ) , w [3] ) ,
new Range(0.2, constraint.getWidth( ) -2) ,
new Range(0.4, constraint.getWidth( ) -4) ,
new Range(0.3, constraint.getWidth( ) -3) ,
new Range(0.5, constraint.getWidth( ) -5) ,
new Range(0.0,( int ) w [2] ) ,
new Range(0.0,( int ) w [4] ) ,
new Range(0.0,( int ) w [3] ) ,
new Range(0.0, constraint.getWidth( ) -2-2-2) ,
new Range(0.0, constraint.getWidth( ) -3-3-3) ,
new Range(0.1, constraint.getHeight( ) - w [0] ) ,
new Range(1.0, constraint.getWidth( ) -2) ,
new Range(1.0, constraint.getWidth( ) -4) ,
new Range(1.0, constraint.getWidth( ) -3) ,
new Range(1.0, constraint.getWidth( ) -5) ,
new Range(0.0, constraint.getWidth( ) *w [0] ) ,
new Range(0.2, constraint.getWidth( ) -1) ,
new Range(0.4, constraint.getWidth( ) -1) ,
new Range(0.3, constraint.getWidth( ) -1) ,
new Range(0.5, constraint.getWidth( ) -1) ,
new Range(0.506071142274883745, constraint.getWidth( ) -1) ,
new Range(0.0, constraint.getWidth( ) +1) ,
new Range(0.0, h [0] ) ,
new Range(0.0, constraint.getHeight( ) *w [2] ) ,
new Range(0.0, constraint.getHeight( ) *w [4] ) ,
new Range(0.0, constraint.getHeight( ) *w [3] ) ,
new Range(1, constraint.getWidth( ) - w [4] ) ,
new Range(1, constraint.getWidth( ) - w [3] ) ,
new Range(0.1, constraint.getWidth( ) -2) ,
new Range(0.1, constraint.getWidth( ) -4) ,
new Range(0.1, constraint.getWidth( ) -3) ,
new Range(0.1, constraint.getWidth( ) -5) ,
new Range(1.0, constraint.getWidth( ) -1) ,
new Range(0.0,4- w [4] ) ,
new Range(0.0,3- w [3] ) ,
( new Range(0.0, constraint.getWidth( ) - w [4] ) ) ,
( new Range(0.0, constraint.getWidth( ) - w [3] ) ) ,
new Range(0.0, constraint.getHeight( ) -2) ,
new Range(0.0, constraint.getHeight( ) -4) ,
new Range(0.0, constraint.getHeight( ) -3) ,
new Range(0.0, constraint.getHeight( ) -5) ,
new Range(0.0, constraint.getHeight( ) -1) ,
new Range(0.1, constraint.getWidth( ) -1) ,
new Range( constraint.getWidth( ) -0, constraint.getWidth( ) ) ,
new Range(0.0, w [0] ) ,
new Range(0.0, constraint.getWidth( ) -1.) ,
new Range(0.2, constraint.getWidth( ) -1.2) ,
new Range(0.4, constraint.getWidth( ) -1.4) ,
new Range(0.3, constraint.getWidth( ) -1.3) ,
new Range(0.5, constraint.getWidth( ) -1.5) ,
new Range(0.506071142274883745, constraint.getWidth( ) -1.506071142274883745) ,
new Range(0, constraint.getWidth( ) + w [0] ) ,
new Range( -1.0, constraint.getWidth( ) - w [1] ) ,
new Range(0.1, constraint.getWidth( ) + w [2] ) ,
new Range(0.1, constraint.getWidth( ) + w [4] ) ,
new Range(0.1, constraint.getWidth( ) + w [3] ) ,
new Range(0, constraint.getHeight( ) - w [0] ) ,
new Range(2.0, constraint.getWidth( ) -2) ,
new Range(4.0, constraint.getWidth( ) -4) ,
new Range(3.0, constraint.getWidth( ) -3) ,
new Range(5.0, constraint.getWidth( ) -5) ,
new Range( -4, constraint.getWidth( ) - w [4] ) ,
new Range( -3, constraint.getWidth( ) - w [3] ) ,
new Range(2.0, constraint.getWidth( ) -1) ,
new Range(4.0, constraint.getWidth( ) -1) ,
new Range(3.0, constraint.getWidth( ) -1) ,
new Range(5.0, constraint.getWidth( ) -1) ,
new Range( -0, constraint.getWidth( ) - w [4] ) ,
new Range( -0, constraint.getWidth( ) - w [3] ) ,
new Range(0, constraint.getWidth( ) + w [2] ) ,
new Range(0, constraint.getWidth( ) + w [4] ) ,
new Range(0, constraint.getWidth( ) + w [3] ) ,
new Range(0.0,506071142274883745.506071142274883745- constraint.getWidth( ) ) ,
new Range(0.0,506071142274883745.0- constraint.getWidth( ) ) ,
new Range( -0.0, constraint.getWidth( ) ) ,
new Range(0.0, constraint.getWidth( ) *2) ,
new Range(0.0, constraint.getWidth( ) *4) ,
new Range(0.0, constraint.getWidth( ) *3) ,
new Range(0.0, constraint.getWidth( ) *5) ,
new Range(0.0, constraint.getWidth( ) +0.2) ,
new Range(0.0, constraint.getWidth( ) +0.4) ,
new Range(0.0, constraint.getWidth( ) +0.3) ,
new Range(0.0, constraint.getWidth( ) +0.5) ,
new Range(0.0, constraint.getWidth( ) +0.506071142274883745) ,
new Range(0.0, constraint.getWidth( ) -2+2) ,
new Range(0.0, constraint.getWidth( ) -4+4) ,
new Range(0.0, constraint.getWidth( ) -3+3) ,
new Range(0.0, constraint.getWidth( ) -5+5) ,
new Range( -1, constraint.getWidth( ) - w [1] ) ,
new Range(0.2, constraint.getWidth( ) -0.2) ,
new Range(0.4, constraint.getWidth( ) -0.4) ,
new Range(0.3, constraint.getWidth( ) -0.3) ,
new Range(0.5, constraint.getWidth( ) -0.5) ,
new Range(0.506071142274883745, constraint.getWidth( ) -0.506071142274883745) ,
new Range(0-0.0, constraint.getWidth( ) ) ,
new Range(0.0,1.4- w [4] ) ,
new Range(0.0,1.3- w [3] ) ,
new Range(0, container.getWidth( ) - w [4] ) ,
new Range(0, container.getWidth( ) - w [3] ) ,
new Range(0, constraint.getWidth( ) *w [2] ) ,
new Range(0, constraint.getWidth( ) *w [4] ) ,
new Range(0, constraint.getWidth( ) *w [3] ) ,
new Range(0, constraint.getHeight( ) - h [2] ) ,
new Range(0, constraint.getHeight( ) - h [4] ) ,
new Range(0, constraint.getHeight( ) - h [3] ) ,
new Range(( int )0.0, constraint.getWidth( ) ) ,
new Range(0.2, constraint.getWidth( ) ) ,
new Range(0.4, constraint.getWidth( ) ) ,
new Range(0.3, constraint.getWidth( ) ) ,
new Range(0.5, constraint.getWidth( ) ) ,
new Range(0.506071142274883745, constraint.getWidth( ) ) ,
new Range(0.1, constraint.getWidth( ) -1.2) ,
new Range(0.1, constraint.getWidth( ) -1.4) ,
new Range(0.1, constraint.getWidth( ) -1.3) ,
new Range(0.1, constraint.getWidth( ) -1.5) ,
new Range(0.1, constraint.getWidth( ) -1.506071142274883745) ,
new Range(0.0,( int )0.2) ,
new Range(0.0,( int )0.4) ,
new Range(0.0,( int )0.3) ,
new Range(0.0,( int )0.5) ,
new Range(0.0,( int )0.506071142274883745) ,
new Range(0.0,506071142274883745.1- constraint.getWidth( ) ) ,
new Range(0.0,0.4- w [4] ) ,
new Range(0.0,0.3- w [3] ) ,
new Range(0.0, Integer.MAX_VALUE - w [2] ) ,
new Range(0.0, Integer.MAX_VALUE - w [4] ) ,
new Range(0.0, Integer.MAX_VALUE - w [3] ) ,
new Range(0.0,4.4- w [4] ) ,
new Range(0.0,3.3- w [3] ) ,
( Range ) new Range(0.0, constraint.getWidth( ) ) ,
