return( double ) getSampleSize( ) *getNumberOfSuccesses( ) / getPopulationSize( ) ;
return(( double ) getSampleSize( ) *getNumberOfSuccesses( ) ) / getPopulationSize( ) ;
return( double ) getSampleSize( ) *( getNumberOfSuccesses( ) ) / getPopulationSize( ) ;
return( double ) getSampleSize( ) *getNumberOfSuccesses( ) /( double ) getPopulationSize( ) ;
return getSampleSize( ) *( double ) getNumberOfSuccesses( ) /( double ) getPopulationSize( ) ;
return( float ) getSampleSize( ) *getNumberOfSuccesses( ) /( double ) getPopulationSize( ) ;
return( double ) getSampleSize( ) *getNumberOfSuccesses( ) /( float ) getPopulationSize( ) ;
return( double ) getSampleSize( ) *( double ) getNumberOfSuccesses( ) / getPopulationSize( ) ;
return( double ) getSampleSize( ) *getNumberOfSuccesses( ) /( int ) getPopulationSize( ) ;
return( double ) getSampleSize( ) *getNumberOfSuccesses( ) /( Integer ) getPopulationSize( ) ;
return( double )( double ) getSampleSize( ) *getNumberOfSuccesses( ) / getPopulationSize( ) ;
return( double ) getSampleSize( ) /( double ) getPopulationSize( ) *getNumberOfSuccesses( ) ;
return( double ) getSampleSize( ) *getNumberOfSuccesses( ) /( long ) getPopulationSize( ) ;
return( long ) getSampleSize( ) *getNumberOfSuccesses( ) /( double ) getPopulationSize( ) ;
return(( double ) getSampleSize( ) *getNumberOfSuccesses( ) ) /( double ) getPopulationSize( ) ;
return( getSampleSize( ) *( double ) getNumberOfSuccesses( ) ) /( double ) getPopulationSize( ) ;
return(( float ) getSampleSize( ) *getNumberOfSuccesses( ) ) /( double ) getPopulationSize( ) ;
return( double )(( double ) getSampleSize( ) *getNumberOfSuccesses( ) ) / getPopulationSize( ) ;
return Math.abs( getSampleSize( ) *getNumberOfSuccesses( ) ) /( double ) getPopulationSize( ) ;
return( double ) getSampleSize( ) *( getNumberOfSuccesses( ) ) /( double ) getPopulationSize( ) ;
return getSampleSize( ) *(( double ) getNumberOfSuccesses( ) ) /( double ) getPopulationSize( ) ;
return( short )( getSampleSize( ) *getNumberOfSuccesses( ) ) /( double ) getPopulationSize( ) ;
return( double )( getSampleSize( ) *( double ) getNumberOfSuccesses( ) ) / getPopulationSize( ) ;
return getSampleSize( ) *( double )( getNumberOfSuccesses( ) ) /( double ) getPopulationSize( ) ;
return(( double ) getSampleSize( ) *getNumberOfSuccesses( ) ) /( float ) getPopulationSize( ) ;
return( double ) getSampleSize( ) *getNumberOfSuccesses( ) /(( double ) getPopulationSize( ) ) ;
return( double ) this.getSampleSize( ) *getNumberOfSuccesses( ) /( double ) getPopulationSize( ) ;
return(( double ) getSampleSize( ) *getNumberOfSuccesses( ) ) /( Integer ) getPopulationSize( ) ;
return( double )(( float ) getSampleSize( ) *getNumberOfSuccesses( ) ) / getPopulationSize( ) ;
return( double ) getSampleSize( ) *this.getNumberOfSuccesses( ) /( double ) getPopulationSize( ) ;
return( double ) getSampleSize( ) *getNumberOfSuccesses( ) /( double )( getPopulationSize( ) ) ;
return( double ) getSampleSize( ) *( double ) getNumberOfSuccesses( ) /( double ) getPopulationSize( ) ;
return( double )( double ) getSampleSize( ) *getNumberOfSuccesses( ) /( double ) getPopulationSize( ) ;
return( double ) getSampleSize( ) *getNumberOfSuccesses( ) /( double )( double ) getPopulationSize( ) ;
return( double )((( double ) getSampleSize( ) *getNumberOfSuccesses( ) ) / getPopulationSize( ) ) ;
return(( double ) getSampleSize( ) *getNumberOfSuccesses( ) ) /( double )( getPopulationSize( ) ) ;
return( double )(( double ) getSampleSize( ) *getNumberOfSuccesses( ) ) /( double ) getPopulationSize( ) ;
return( double )( getSampleSize( ) *( double ) getNumberOfSuccesses( ) ) /( double ) getPopulationSize( ) ;
return( double )(( float ) getSampleSize( ) *getNumberOfSuccesses( ) ) /( double ) getPopulationSize( ) ;
return( double )(( long ) getSampleSize( ) *getNumberOfSuccesses( ) ) /( double ) getPopulationSize( ) ;
return( double ) Math.abs( getSampleSize( ) *getNumberOfSuccesses( ) ) /( double ) getPopulationSize( ) ;
return( float )(( double ) getSampleSize( ) *getNumberOfSuccesses( ) ) /( double ) getPopulationSize( ) ;
return( Double )(( double ) getSampleSize( ) *getNumberOfSuccesses( ) ) /( double ) getPopulationSize( ) ;
return( Double )( getSampleSize( ) *( double ) getNumberOfSuccesses( ) ) /( double ) getPopulationSize( ) ;
return( double ) getSampleSize( ) *(( double ) getNumberOfSuccesses( ) ) /( double ) getPopulationSize( ) ;
return( double ) getSampleSize( ) *( double )( getNumberOfSuccesses( ) ) /( double ) getPopulationSize( ) ;
return( double )(( double ) getNumberOfSuccesses( ) *getSampleSize( ) ) /( double ) getPopulationSize( ) ;
return( int )(( double ) getSampleSize( ) *getNumberOfSuccesses( ) ) /( double ) getPopulationSize( ) ;
return Double.valueOf(( double ) getSampleSize( ) *getNumberOfSuccesses( ) ) /( double ) getPopulationSize( ) ;
return Math.abs(( double ) getSampleSize( ) *getNumberOfSuccesses( ) ) /( double ) getPopulationSize( ) ;
return( int )( getSampleSize( ) *( double ) getNumberOfSuccesses( ) ) /( double ) getPopulationSize( ) ;
return(( double ) getSampleSize( ) *( double ) getNumberOfSuccesses( ) ) /( double ) getPopulationSize( ) ;
return( double )( getSampleSize( ) *2*getNumberOfSuccesses( ) ) /( getPopulationSize( ) *2) ;
return( float )( getSampleSize( ) *( double ) getNumberOfSuccesses( ) ) /( double ) getPopulationSize( ) ;
return( double )( getNumberOfSuccesses( ) *( double ) getSampleSize( ) ) /( double ) getPopulationSize( ) ;
return( double )((( double ) getSampleSize( ) *getNumberOfSuccesses( ) ) /( double ) getPopulationSize( ) ) ;
return( double )(( double ) getSampleSize( ) *getNumberOfSuccesses( ) ) /( double )( getPopulationSize( ) ) ;
return(( double )(( double ) getSampleSize( ) *getNumberOfSuccesses( ) ) ) /( double ) getPopulationSize( ) ;
return( double )( getSampleSize( ) *( double ) getNumberOfSuccesses( ) ) /( double )( getPopulationSize( ) ) ;
return( double )((( float ) getSampleSize( ) *getNumberOfSuccesses( ) ) /( double ) getPopulationSize( ) ) ;
return( double )( getSampleSize( ) *( double )( getNumberOfSuccesses( ) ) ) /( double ) getPopulationSize( ) ;
return( double )(( double ) getSampleSize( ) *getNumberOfSuccesses( ) ) /(( double ) getPopulationSize( ) ) ;
return( double )( getSampleSize( ) *( double )( getNumberOfSuccesses( ) ) /( double ) getPopulationSize( ) ) ;
return Math.abs(( double )( getSampleSize( ) *getNumberOfSuccesses( ) ) /( double ) getPopulationSize( ) ) ;
return( double )( double )(( double ) getSampleSize( ) *getNumberOfSuccesses( ) ) /( double ) getPopulationSize( ) ;
return( double )( getSampleSize( ) *2*getNumberOfSuccesses( ) ) /( double )( getPopulationSize( ) *2) ;
return( double )(( double ) getSampleSize( ) *( double ) getNumberOfSuccesses( ) ) /( double ) getPopulationSize( ) ;
