Chart_14: 4 (CategoryPlot.java)
Closure_40: 2 (NameAnalyzer.java)
Lang_10: 26 (FastDateParser.java)
Math_65: 4 (AbstractLeastSquaresOptimizer.java)
Math_98: 9 (BigMatrixImpl.java)
Chart_1: 24 (AbstractCategoryItemRenderer.java)
Chart_8: 2 (Week.java)
Chart_9: 9 (TimeSeries.java)
Chart_11: 9 (ShapeUtilities.java)
Chart_12: 2 (MultiplePiePlot.java)
Chart_20: 2 (ValueMarker.java)
Chart_24: 1 (GrayPaintScale.java)
Closure_10: 2 (NodeUtil.java)
Closure_11: 31 (TypeCheck.java)
Closure_38: 5 (CodeConsumer.java)
Closure_57: 2 (ClosureCodingConvention.java)
Closure_59: 2 (Compiler.java)
Closure_62: 26 (LightweightMessageFormatter.java)
Closure_70: 4 (TypedScopeCreator.java)
Closure_86: 9 (NodeUtil.java)
Closure_92: 20 (ProcessClosurePrimitives.java)
Closure_104: 3 (UnionType.java)
Closure_109: 1 (JsDocInfoParser.java)
Closure_122: 12 (IRFactory.java)
Closure_125: 5 (TypeCheck.java)
Closure_152: 2 (FunctionType.java)
Closure_159: 4 (InlineFunctions.java)
Closure_168: 20 (TypedScopeCreator.java)
Lang_6: 1 (CharSequenceTranslator.java)
Lang_21: 4 (DateUtils.java)
Lang_26: 1 (FastDateFormat.java)
Lang_33: 12 (ClassUtils.java)
Lang_43: 1 (ExtendedMessageFormat.java)
Lang_57: 6 (LocaleUtils.java)
Lang_59: 3 (StrBuilder.java)
Math_2: 1 (HypergeometricDistribution.java)
Math_5: 1 (Complex.java)
Math_11: 2 (MultivariateNormalDistribution.java)
Math_27: 1 (Fraction.java)
Math_30: 12 (MannWhitneyUTest.java)
Math_32: 17 (PolygonsSet.java)
Math_33: 1 (SimplexTableau.java)
Math_34: 1 (ListPopulation.java)
Math_41: 6 (Variance.java)
Math_57: 14 (KMeansPlusPlusClusterer.java)
Math_59: 18 (FastMath.java)
Math_63: 9 (MathUtils.java)
Math_70: 2 (BisectionSolver.java)
Math_73: 2 (BrentSolver.java)
Math_75: 2 (Frequency.java)
Math_80: 10 (EigenDecompositionImpl.java)
Math_82: 10 (SimplexSolver.java)
Math_85: 31 (UnivariateRealSolverUtils.java)
Math_94: 3 (MathUtils.java)
Math_96: 7 (Complex.java)
Math_101: 4 (ComplexFormat.java)
Mockito_1: 27 (InvocationMatcher.java)
Mockito_5: 1 (VerificationOverTimeImpl.java)
Mockito_8: 4 (GenericMetadataSupport.java)
Mockito_29: 1 (Same.java)
Mockito_34: 8 (InvocationMatcher.java)
Mockito_38: 3 (ArgumentMatchingTool.java)
Time_19: 35 (DateTimeZone.java)
