Chart_14: 2 (CategoryPlot.java)
Closure_40: 7 (NameAnalyzer.java)
Lang_10: 9 (FastDateParser.java)
Math_65: 3 (AbstractLeastSquaresOptimizer.java)
Math_98: 5 (BigMatrixImpl.java)
Chart_1: 20 (AbstractCategoryItemRenderer.java)
Chart_8: 1 (Week.java)
Chart_9: 5 (TimeSeries.java)
Chart_11: 6 (ShapeUtilities.java)
Chart_12: 2 (MultiplePiePlot.java)
Chart_20: 1 (ValueMarker.java)
Closure_10: 2 (NodeUtil.java)
Closure_11: 17 (TypeCheck.java)
Closure_38: 3 (CodeConsumer.java)
Closure_57: 1 (ClosureCodingConvention.java)
Closure_86: 17 (NodeUtil.java)
Closure_92: 12 (ProcessClosurePrimitives.java)
Closure_109: 1 (JsDocInfoParser.java)
Closure_122: 3 (IRFactory.java)
Closure_125: 9 (TypeCheck.java)
Closure_152: 2 (FunctionType.java)
Closure_159: 1 (InlineFunctions.java)
Closure_168: 41 (TypedScopeCreator.java)
Lang_6: 1 (CharSequenceTranslator.java)
Lang_26: 1 (FastDateFormat.java)
Lang_43: 1 (ExtendedMessageFormat.java)
Lang_57: 4 (LocaleUtils.java)
Lang_59: 1 (StrBuilder.java)
Math_2: 2 (HypergeometricDistribution.java)
Math_30: 3 (MannWhitneyUTest.java)
Math_32: 13 (PolygonsSet.java)
Math_34: 4 (ListPopulation.java)
Math_41: 1 (Variance.java)
Math_57: 11 (KMeansPlusPlusClusterer.java)
Math_58: 1 (GaussianFitter.java)
Math_59: 15 (FastMath.java)
Math_63: 6 (MathUtils.java)
Math_70: 3 (BisectionSolver.java)
Math_75: 1 (Frequency.java)
Math_80: 9 (EigenDecompositionImpl.java)
Math_82: 9 (SimplexSolver.java)
Math_85: 43 (UnivariateRealSolverUtils.java)
Math_94: 2 (MathUtils.java)
Math_96: 2 (Complex.java)
Mockito_1: 5 (InvocationMatcher.java)
Mockito_5: 1 (VerificationOverTimeImpl.java)
Time_19: 25 (DateTimeZone.java)
