Chart_14: 4 (CategoryPlot.java)
Closure_40: 2 (NameAnalyzer.java)
Closure_46: 0 (RecordType.java)
Lang_10: 26 (FastDateParser.java)
Lang_38: 0 (FastDateFormat.java)
Math_65: 4 (AbstractLeastSquaresOptimizer.java)
Math_79: 0 (MathUtils.java)
Math_98: 9 (BigMatrixImpl.java)
Chart_1: 24 (AbstractCategoryItemRenderer.java)
Chart_3: 0 (TimeSeries.java)
Chart_6: 0 (ShapeList.java)
Chart_8: 2 (Week.java)
Chart_9: 9 (TimeSeries.java)
Chart_10: 0 (StandardToolTipTagFragmentGenerator.java)
Chart_11: 9 (ShapeUtilities.java)
Chart_12: 2 (MultiplePiePlot.java)
Chart_17: 0 (TimeSeries.java)
Chart_20: 2 (ValueMarker.java)
Chart_24: 1 (GrayPaintScale.java)
Closure_1: 0 (RemoveUnusedVars.java)
Closure_5: 0 (InlineObjectLiterals.java)
Closure_10: 2 (NodeUtil.java)
Closure_11: 31 (TypeCheck.java)
Closure_15: 0 (FlowSensitiveInlineVariables.java)
Closure_20: 0 (PeepholeSubstituteAlternateSyntax.java)
Closure_33: 0 (PrototypeObjectType.java)
Closure_35: 0 (TypeInference.java)
Closure_36: 0 (InlineVariables.java)
Closure_38: 5 (CodeConsumer.java)
Closure_52: 0 (CodeGenerator.java)
Closure_55: 0 (FunctionRewriter.java)
Closure_57: 2 (ClosureCodingConvention.java)
Closure_59: 2 (Compiler.java)
Closure_62: 26 (LightweightMessageFormatter.java)
Closure_67: 0 (AnalyzePrototypeProperties.java)
Closure_70: 4 (TypedScopeCreator.java)
Closure_82: 0 (JSType.java)
Closure_83: 0 (CommandLineRunner.java)
Closure_86: 9 (NodeUtil.java)
Closure_92: 20 (ProcessClosurePrimitives.java)
Closure_97: 0 (PeepholeFoldConstants.java)
Closure_104: 3 (UnionType.java)
Closure_109: 1 (JsDocInfoParser.java)
Closure_111: 0 (ClosureReverseAbstractInterpreter.java)
Closure_113: 0 (ProcessClosurePrimitives.java)
Closure_114: 0 (NameAnalyzer.java)
Closure_118: 0 (DisambiguateProperties.java)
Closure_120: 0 (ReferenceCollectingCallback.java)
Closure_122: 12 (IRFactory.java)
Closure_125: 5 (TypeCheck.java)
Closure_129: 0 (PrepareAst.java)
Closure_130: 0 (CollapseProperties.java)
Closure_133: 0 (JsDocInfoParser.java)
Closure_146: 0 (JSType.java)
Closure_150: 0 (TypedScopeCreator.java)
Closure_152: 2 (FunctionType.java)
Closure_159: 4 (InlineFunctions.java)
Closure_168: 20 (TypedScopeCreator.java)
Lang_6: 1 (CharSequenceTranslator.java)
Lang_21: 4 (DateUtils.java)
Lang_26: 1 (FastDateFormat.java)
Lang_29: 0 (SystemUtils.java)
Lang_33: 12 (ClassUtils.java)
Lang_40: 0 (StringUtils.java)
Lang_43: 1 (ExtendedMessageFormat.java)
Lang_57: 6 (LocaleUtils.java)
Lang_59: 3 (StrBuilder.java)
Lang_61: 0 (StrBuilder.java)
Math_2: 1 (HypergeometricDistribution.java)
Math_5: 1 (Complex.java)
Math_9: 0 (Line.java)
Math_11: 2 (MultivariateNormalDistribution.java)
Math_20: 0 (CMAESOptimizer.java)
Math_27: 1 (Fraction.java)
Math_30: 12 (MannWhitneyUTest.java)
Math_32: 17 (PolygonsSet.java)
Math_33: 1 (SimplexTableau.java)
Math_34: 1 (ListPopulation.java)
Math_41: 6 (Variance.java)
Math_53: 0 (Complex.java)
Math_56: 0 (MultidimensionalCounter.java)
Math_57: 14 (KMeansPlusPlusClusterer.java)
Math_58: 0 (GaussianFitter.java)
Math_59: 18 (FastMath.java)
Math_63: 9 (MathUtils.java)
Math_69: 0 (PearsonsCorrelation.java)
Math_70: 2 (BisectionSolver.java)
Math_73: 2 (BrentSolver.java)
Math_75: 2 (Frequency.java)
Math_80: 10 (EigenDecompositionImpl.java)
Math_82: 10 (SimplexSolver.java)
Math_85: 31 (UnivariateRealSolverUtils.java)
Math_91: 0 (Fraction.java)
Math_94: 3 (MathUtils.java)
Math_96: 7 (Complex.java)
Math_101: 4 (ComplexFormat.java)
Math_105: 0 (SimpleRegression.java)
Mockito_1: 27 (InvocationMatcher.java)
Mockito_5: 1 (VerificationOverTimeImpl.java)
Mockito_7: 0 (GenericMetadataSupport.java)
Mockito_8: 4 (GenericMetadataSupport.java)
Mockito_22: 0 (Equality.java)
Mockito_24: 0 (ReturnsEmptyValues.java)
Mockito_27: 0 (MockUtil.java)
Mockito_28: 0 (DefaultInjectionEngine.java)
Mockito_29: 1 (Same.java)
Mockito_34: 8 (InvocationMatcher.java)
Mockito_38: 3 (ArgumentMatchingTool.java)
Time_15: 0 (FieldUtils.java)
Time_16: 0 (DateTimeFormatter.java)
Time_19: 35 (DateTimeZone.java)
