Chart_14: 3 (CategoryPlot.java)
Closure_40: 1 (NameAnalyzer.java)
Lang_10: 9 (FastDateParser.java)
Math_98: 7 (BigMatrixImpl.java)
Chart_1: 29 (AbstractCategoryItemRenderer.java)
Chart_8: 2 (Week.java)
Chart_9: 7 (TimeSeries.java)
Chart_11: 4 (ShapeUtilities.java)
Chart_12: 2 (MultiplePiePlot.java)
Chart_20: 1 (ValueMarker.java)
Closure_10: 2 (NodeUtil.java)
Closure_11: 24 (TypeCheck.java)
Closure_38: 5 (CodeConsumer.java)
Closure_57: 2 (ClosureCodingConvention.java)
Closure_59: 1 (Compiler.java)
Closure_62: 4 (LightweightMessageFormatter.java)
Closure_70: 1 (TypedScopeCreator.java)
Closure_86: 14 (NodeUtil.java)
Closure_92: 17 (ProcessClosurePrimitives.java)
Closure_104: 2 (UnionType.java)
Closure_109: 1 (JsDocInfoParser.java)
Closure_122: 18 (IRFactory.java)
Closure_125: 4 (TypeCheck.java)
Closure_152: 3 (FunctionType.java)
Closure_159: 1 (InlineFunctions.java)
Closure_168: 29 (TypedScopeCreator.java)
Lang_6: 2 (CharSequenceTranslator.java)
Lang_21: 4 (DateUtils.java)
Lang_26: 2 (FastDateFormat.java)
Lang_43: 2 (ExtendedMessageFormat.java)
Lang_57: 4 (LocaleUtils.java)
Lang_59: 1 (StrBuilder.java)
Lang_61: 2 (StrBuilder.java)
Math_2: 2 (HypergeometricDistribution.java)
Math_30: 6 (MannWhitneyUTest.java)
Math_32: 14 (PolygonsSet.java)
Math_33: 3 (SimplexTableau.java)
Math_34: 3 (ListPopulation.java)
Math_41: 5 (Variance.java)
Math_56: 1 (MultidimensionalCounter.java)
Math_57: 14 (KMeansPlusPlusClusterer.java)
Math_58: 1 (GaussianFitter.java)
Math_59: 11 (FastMath.java)
Math_63: 9 (MathUtils.java)
Math_70: 1 (BisectionSolver.java)
Math_75: 1 (Frequency.java)
Math_80: 7 (EigenDecompositionImpl.java)
Math_82: 13 (SimplexSolver.java)
Math_85: 32 (UnivariateRealSolverUtils.java)
Math_94: 3 (MathUtils.java)
Math_96: 23 (Complex.java)
Mockito_1: 12 (InvocationMatcher.java)
Mockito_5: 2 (VerificationOverTimeImpl.java)
Mockito_8: 1 (GenericMetadataSupport.java)
Mockito_29: 1 (Same.java)
Mockito_34: 1 (InvocationMatcher.java)
Mockito_38: 1 (ArgumentMatchingTool.java)
Time_19: 30 (DateTimeZone.java)
