Chart_14: 2 (CategoryPlot.java)
Closure_40: 7 (NameAnalyzer.java)
Closure_46: 0 (RecordType.java)
Lang_10: 9 (FastDateParser.java)
Lang_38: 0 (FastDateFormat.java)
Math_65: 3 (AbstractLeastSquaresOptimizer.java)
Math_79: 0 (MathUtils.java)
Math_98: 5 (BigMatrixImpl.java)
Chart_1: 20 (AbstractCategoryItemRenderer.java)
Chart_3: 0 (TimeSeries.java)
Chart_6: 0 (ShapeList.java)
Chart_8: 1 (Week.java)
Chart_9: 5 (TimeSeries.java)
Chart_10: 0 (StandardToolTipTagFragmentGenerator.java)
Chart_11: 6 (ShapeUtilities.java)
Chart_12: 2 (MultiplePiePlot.java)
Chart_17: 0 (TimeSeries.java)
Chart_20: 1 (ValueMarker.java)
Chart_24: 0 (GrayPaintScale.java)
Closure_1: 0 (RemoveUnusedVars.java)
Closure_5: 0 (InlineObjectLiterals.java)
Closure_10: 2 (NodeUtil.java)
Closure_11: 17 (TypeCheck.java)
Closure_15: 0 (FlowSensitiveInlineVariables.java)
Closure_20: 0 (PeepholeSubstituteAlternateSyntax.java)
Closure_33: 0 (PrototypeObjectType.java)
Closure_35: 0 (TypeInference.java)
Closure_36: 0 (InlineVariables.java)
Closure_38: 3 (CodeConsumer.java)
Closure_52: 0 (CodeGenerator.java)
Closure_55: 0 (FunctionRewriter.java)
Closure_57: 1 (ClosureCodingConvention.java)
Closure_59: 0 (Compiler.java)
Closure_62: 0 (LightweightMessageFormatter.java)
Closure_67: 0 (AnalyzePrototypeProperties.java)
Closure_70: 0 (TypedScopeCreator.java)
Closure_82: 0 (JSType.java)
Closure_83: 0 (CommandLineRunner.java)
Closure_86: 17 (NodeUtil.java)
Closure_92: 12 (ProcessClosurePrimitives.java)
Closure_97: 0 (PeepholeFoldConstants.java)
Closure_104: 0 (UnionType.java)
Closure_109: 1 (JsDocInfoParser.java)
Closure_111: 0 (ClosureReverseAbstractInterpreter.java)
Closure_113: 0 (ProcessClosurePrimitives.java)
Closure_114: 0 (NameAnalyzer.java)
Closure_118: 0 (DisambiguateProperties.java)
Closure_120: 0 (ReferenceCollectingCallback.java)
Closure_122: 3 (IRFactory.java)
Closure_125: 9 (TypeCheck.java)
Closure_129: 0 (PrepareAst.java)
Closure_130: 0 (CollapseProperties.java)
Closure_133: 0 (JsDocInfoParser.java)
Closure_146: 0 (JSType.java)
Closure_150: 0 (TypedScopeCreator.java)
Closure_152: 2 (FunctionType.java)
Closure_159: 1 (InlineFunctions.java)
Closure_168: 41 (TypedScopeCreator.java)
Lang_6: 1 (CharSequenceTranslator.java)
Lang_21: 0 (DateUtils.java)
Lang_26: 1 (FastDateFormat.java)
Lang_29: 0 (SystemUtils.java)
Lang_33: 0 (ClassUtils.java)
Lang_40: 0 (StringUtils.java)
Lang_43: 1 (ExtendedMessageFormat.java)
Lang_57: 4 (LocaleUtils.java)
Lang_59: 1 (StrBuilder.java)
Lang_61: 0 (StrBuilder.java)
Math_2: 2 (HypergeometricDistribution.java)
Math_5: 0 (Complex.java)
Math_9: 0 (Line.java)
Math_11: 0 (MultivariateNormalDistribution.java)
Math_20: 0 (CMAESOptimizer.java)
Math_27: 0 (Fraction.java)
Math_30: 3 (MannWhitneyUTest.java)
Math_32: 13 (PolygonsSet.java)
Math_33: 0 (SimplexTableau.java)
Math_34: 4 (ListPopulation.java)
Math_41: 1 (Variance.java)
Math_53: 0 (Complex.java)
Math_56: 0 (MultidimensionalCounter.java)
Math_57: 11 (KMeansPlusPlusClusterer.java)
Math_58: 1 (GaussianFitter.java)
Math_59: 15 (FastMath.java)
Math_63: 6 (MathUtils.java)
Math_69: 0 (PearsonsCorrelation.java)
Math_70: 3 (BisectionSolver.java)
Math_73: 0 (BrentSolver.java)
Math_75: 1 (Frequency.java)
Math_80: 9 (EigenDecompositionImpl.java)
Math_82: 9 (SimplexSolver.java)
Math_85: 43 (UnivariateRealSolverUtils.java)
Math_91: 0 (Fraction.java)
Math_94: 2 (MathUtils.java)
Math_96: 2 (Complex.java)
Math_101: 0 (ComplexFormat.java)
Math_105: 0 (SimpleRegression.java)
Mockito_1: 5 (InvocationMatcher.java)
Mockito_5: 1 (VerificationOverTimeImpl.java)
Mockito_7: 0 (GenericMetadataSupport.java)
Mockito_8: 0 (GenericMetadataSupport.java)
Mockito_22: 0 (Equality.java)
Mockito_24: 0 (ReturnsEmptyValues.java)
Mockito_27: 0 (MockUtil.java)
Mockito_28: 0 (DefaultInjectionEngine.java)
Mockito_29: 0 (Same.java)
Mockito_34: 0 (InvocationMatcher.java)
Mockito_38: 0 (ArgumentMatchingTool.java)
Time_15: 0 (FieldUtils.java)
Time_16: 0 (DateTimeFormatter.java)
Time_19: 25 (DateTimeZone.java)
