Chart_14 has 12 patches
Chart_26 has 4 patches
Closure_40 has 5 patches
Closure_46 has 81 patches
Closure_123 has 4 patches
Lang_10 has 141 patches
Lang_24 has 0 patches
Lang_38 has 11 patches
Math_65 has 1 patches
Math_79 has 3 patches
Math_98 has 11 patches
Chart_1 has 102 patches
Chart_3 has 0 patches
Chart_8 has 3 patches
Chart_9 has 2 patches
Chart_10 has 2 patches
Chart_11 has 1 patches
Chart_12 has 4 patches
Chart_17 has 0 patches
Chart_20 has 0 patches
Chart_24 has 11 patches
Closure_10 has 4 patches
Closure_11 has 166 patches
Closure_14 has 4 patches
Closure_18 has 30 patches
Closure_36 has 0 patches
Closure_38 has 29 patches
Closure_52 has 1 patches
Closure_55 has 0 patches
Closure_57 has 0 patches
Closure_59 has 2 patches
Closure_62 has 108 patches
Closure_65 has 8 patches
Closure_70 has 6 patches
Closure_73 has 3 patches
Closure_83 has 0 patches
Closure_86 has 75 patches
Closure_92 has 98 patches
Closure_104 has 4 patches
Closure_111 has 0 patches
Closure_113 has 0 patches
Closure_114 has 0 patches
Closure_120 has 0 patches
Closure_125 has 3 patches
Closure_126 has 125 patches
Closure_130 has 4 patches
Closure_133 has 1 patches
Lang_6 has 2 patches
Lang_21 has 17 patches
Lang_26 has 6 patches
Lang_29 has 0 patches
Lang_33 has 1 patches
Lang_43 has 0 patches
Lang_51 has 19 patches
Lang_57 has 110 patches
Lang_59 has 3 patches
Lang_61 has 8 patches
Math_2 has 8 patches
Math_5 has 11 patches
Math_11 has 1 patches
Math_27 has 0 patches
Math_30 has 29 patches
Math_32 has 155 patches
Math_33 has 14 patches
Math_34 has 7 patches
Math_41 has 2 patches
Math_48 has 1 patches
Math_50 has 294 patches
Math_53 has 0 patches
Math_56 has 14 patches
Math_57 has 4 patches
Math_58 has 1 patches
Math_59 has 1 patches
Math_63 has 54 patches
Math_69 has 0 patches
Math_70 has 1 patches
Math_75 has 12 patches
Math_80 has 97 patches
Math_82 has 46 patches
Math_85 has 311 patches
Math_94 has 16 patches
Math_96 has 0 patches
Math_105 has 1 patches
Mockito_5 has 2 patches
Mockito_7 has 0 patches
Mockito_8 has 3 patches
Mockito_22 has 2 patches
Mockito_24 has 0 patches
Mockito_29 has 5 patches
Mockito_38 has 5 patches
Time_4 has 2 patches
Time_15 has 0 patches
Time_16 has 0 patches
Time_19 has 163 patches
Chart_4 has 0 patches
Closure_19 has 0 patches
Closure_77 has 0 patches
Closure_119 has 0 patches
Closure_1 has 2 patches
Closure_5 has 1 patches
Closure_15 has 1 patches
Closure_33 has 11 patches
Closure_118 has 1 patches
Closure_129 has 0 patches
Lang_45 has 0 patches
Math_73 has 0 patches
