Math_57: 6
Math_5: 1
Math_41: 22
Math_63: 6
Time_19: 10
Math_30: 12
Math_82: 41
Chart_9: 2
Closure_15: 1
Math_59: 2
Math_48: 1
Math_34: 3
Closure_71: 38
Math_73: 1
Lang_45: 6
Math_104: 2
Lang_61: 2
Mockito_7: 1
Math_70: 14
Closure_5: 1
Mockito_38: 20
Chart_12: 4
Lang_21: 25
Lang_59: 5
Closure_73: 7
Math_85: 175
Closure_62: 3
Chart_24: 1
Closure_86: 39
Closure_70: 3
Chart_13: 43
Chart_8: 2
Closure_18: 41
Lang_28: 2
Closure_104: 4
Mockito_8: 1
Chart_11: 3
Math_27: 1
Math_11: 2
Lang_6: 15
Lang_51: 6
Closure_57: 1
Math_2: 6
Closure_31: 26
Time_4: 3
Closure_125: 5
Lang_33: 13
Mockito_26: 5
Math_33: 8
Math_75: 11
Math_105: 5
Math_94: 13
Math_80: 31
Mockito_5: 1
Math_32: 42
Closure_38: 33
Closure_11: 70
Chart_1: 50
Closure_1: 4
Lang_57: 45
Math_50: 14
Closure_126: 3
Closure_10: 8
Closure_92: 65
JacksonXml_5: 1
Codec_5: 2
Gson_17: 10
JacksonDatabind_39: 1
JacksonDatabind_17: 1
JacksonDatabind_12: 15
Compress_44: 1
JacksonCore_25: 98
Jsoup_41: 39
Codec_16: 160
Csv_14: 22
Gson_11: 1
Compress_31: 8
JacksonDatabind_101: 13
JacksonDatabind_5: 1
Jsoup_72: 4
Jsoup_26: 2
Gson_13: 6
Jsoup_40: 5
Jsoup_85: 2
Csv_5: 1
JacksonDatabind_16: 6
JacksonDatabind_57: 1
JacksonDatabind_70: 4
Compress_32: 1
Jsoup_90: 111
JxPath_10: 3
Cli_8: 4
JacksonDatabind_27: 2
Collections_26: 13
Cli_28: 1
Compress_1: 1
Csv_11: 12
Jsoup_24: 8
Jsoup_89: 3
Cli_25: 4
JacksonCore_5: 46
JacksonDatabind_93: 20
Jsoup_43: 3
Codec_7: 9
Csv_4: 4
Cli_11: 42
Codec_2: 5
Jsoup_57: 1
Compress_38: 21
JxPath_22: 54
Compress_18: 1
JxPath_6: 4
Jsoup_17: 104
Gson_6: 2
Compress_13: 1
Compress_19: 38
JacksonCore_15: 1
JacksonCore_8: 15
Jsoup_82: 1
JacksonDatabind_24: 1
Jsoup_86: 2
Csv_15: 47
JxPath_21: 2
Jsoup_62: 5
