&&0<= charno &&0<= charno &&0<= charno &&0<= charno ) {
||0<= charno && charno < sourceExcerpt.length( ) ) {
&&0<= charno &&0<= charno &&0<= charno && sourceExcerpt != null ) {
&&0<= charno &&0<= charno &&0<= charno &&0<= charno &&0<= charno ) {
&&0<= charno && sourceExcerpt.length( ) >0) {
&&0<= charno &&0<= charno && sourceExcerpt.length( ) >0) {
&&( excerpt.equals( LINE ) &&0<= charno &&0<= charno ) ) {
&&0<= charno && charno <= sourceExcerpt.length( ) ) {
&&0<= charno &&0<= charno && sourceExcerpt.length( ) > -1) {
&&0<= charno &&0<= charno &&(0<= charno &&0<= charno ) ) {
&&0<= charno &&0<= charno &&0<= charno ) {
&&0<= charno &&0< sourceExcerpt.length( ) ) {
&&0<= charno &&0<= charno ) {
&& charno < sourceExcerpt.length( ) || charno <= sourceExcerpt.length( ) ) {
&&0<= charno &&0<= charno &&0<= sourceExcerpt.length( ) ) {
&&0<= sourceExcerpt.length( ) ) {
&&0<= charno &&0<= sourceExcerpt.length( ) ) {
&&0<= charno &&0<= charno &&0<= charno &&0< charno ) {
&&0< charno &&0<= charno &&0<= charno &&0<= charno ) {
&&0<= charno &&0<= charno &&0< charno &&0<= charno ) {
&& charno < sourceExcerpt.length( ) || charno >= sourceExcerpt.length( ) ) {
&& charno <= sourceExcerpt.length( ) ) {
&& charno < sourceExcerpt.length( ) || excerpt.equals( LINE ) ) {
&&0<= charno && charno < sourceExcerpt.length( ) ||0<= charno ) {
&&0<= sourceExcerpt.length( ) || charno < sourceExcerpt.length( ) ) {
&&0<= charno &&0< charno &&0<= charno &&0<= charno ) {
&&0<= charno &&0<= charno && sourceExcerpt.length( ) >1) {
&&0<= charno &&0<= charno && sourceExcerpt != null ) {
&& sourceExcerpt.length( ) <= sourceExcerpt.length( ) ) {
&&0<= charno && sourceExcerpt.length( ) !=0) {
&&0<= charno && sourceExcerpt.length( ) >=0) {
&&0<= charno && charno != sourceExcerpt.length( ) -1) {
&& charno < sourceExcerpt.length( ) || charno == sourceExcerpt.length( ) ) {
&& charno < charno && charno < charno && charno < charno ) { } else {
&& ! sourceExcerpt.equals( sourceExcerpt.length( ) ) ) {
&& charno <= sourceExcerpt.length( ) || charno < sourceExcerpt.length( ) ) {
&& excerpt.equals( LINE ) &&0<= sourceExcerpt.length( ) ) {
&&0<= charno &&0<= charno &&0<= charno &&1<= charno ) {
&&0<= charno && sourceExcerpt.length( ) >1) {
&&0<= sourceExcerpt.length( ) &&0<= sourceExcerpt.length( ) ) {
||0< charno && charno < sourceExcerpt.length( ) ) {
&& charno < sourceExcerpt.length( ) ||0<= sourceExcerpt.length( ) ) {
&&0< charno &&0<= charno && sourceExcerpt.length( ) >0) {
&& charno >= sourceExcerpt.length( ) || charno < sourceExcerpt.length( ) ) {
|| charno < charno && charno < charno && charno < sourceExcerpt.length( ) ) {
&&0<= charno &&0<= charno && sourceExcerpt.length( ) >= charno ) {
&& excerpt.equals( LINE ) &&0<= charno ) {
&& excerpt.equals( LINE ) &&0<= charno &&0<= charno ) {
&&0<= charno &&0<= charno && charno <= sourceExcerpt.length( ) ) {
&&0<= charno &&0<= charno && sourceExcerpt.length( ) >2) {
&&0<= charno &&0<= charno && sourceExcerpt.length( ) >9) {
|| charno < charno && charno < sourceExcerpt.length( ) ) {
&&( sourceExcerpt.length( ) >0) &&0<= sourceExcerpt.length( ) ) {
&&0<= charno && charno < sourceExcerpt.length( ) *2) {
&&0<= charno && charno < sourceExcerpt.length( ) *11) {
&&0<= charno && charno < sourceExcerpt.length( ) *10) {
&&0<= charno && charno < sourceExcerpt.length( ) *9) {
&&0<= charno && charno < sourceExcerpt.length( ) *2007) {
&&0<= charno || charno < sourceExcerpt.length( ) ) {
|| charno < sourceExcerpt.length( ) ) {
&&0<= charno && sourceExcerpt.equals( sourceExcerpt ) ) {
&& excerpt.equals( LINE ) && excerpt.equals( LINE ) ) {
&& sourceExcerpt.length( ) >0|| charno < sourceExcerpt.length( ) ) {
&& charno < sourceExcerpt.length( ) || sourceExcerpt.length( ) >0) {
&&0<= charno && sourceExcerpt != null ) {
||0<= charno && charno > sourceExcerpt.length( ) ) {
&&0<= charno &&0<= charno &&0< sourceExcerpt.length( ) ) {
&& charno <= sourceExcerpt.length( ) && charno <= sourceExcerpt.length( ) ) {
&& charno < charno && charno < sourceExcerpt.length( ) ) { } else {
&&0<= charno &&0< charno && sourceExcerpt.length( ) >0) {
&&0<= charno && charno + sourceExcerpt.length( ) >0) {
&&0<= charno && charno - charno < sourceExcerpt.length( ) ) {
&&0<= charno &&0<= charno && sourceExcerpt.length( ) < ' ') {
&&0<= charno && charno < sourceExcerpt.length( ) +1) {
&& charno < sourceExcerpt.length( ) || ! sourceExcerpt.equals( LINE ) ) {
&&0<= charno && charno < sourceExcerpt.length( ) || charno >0) {
&&0<= charno && sourceExcerpt.length( ) >2) {
&&0<= charno && sourceExcerpt.length( ) >9) {
&& sourceExcerpt.length( ) >= charno && sourceExcerpt.length( ) >0) {
||0<= charno &&0<= sourceExcerpt.length( ) ) {
&&0<= charno && sourceExcerpt.length( ) >= charno ) {
&&0<= charno &&(0< sourceExcerpt.length( ) ) ) {
&&0<= sourceExcerpt.length( ) ||0<= sourceExcerpt.length( ) ) {
&&0< charno && charno <= sourceExcerpt.length( ) ) {
&&0<=0&&0<= sourceExcerpt.length( ) ) {
||0<= charno && charno >= sourceExcerpt.length( ) ) {
&&0<= charno &&0<= charno || charno < sourceExcerpt.length( ) ) {
&&0< charno &&0<= charno &&0<= sourceExcerpt.length( ) ) {
&&0<= sourceExcerpt.length( ) &&0< sourceExcerpt.length( ) ) {
&& charno < sourceExcerpt.length( ) ||0<= charno &&0<= charno ) {
&& charno < sourceExcerpt.length( ) ||0<= charno ) {
||0<= charno &&0< sourceExcerpt.length( ) ) {
&& charno > sourceExcerpt.length( ) || excerpt.equals( LINE ) ) {
&&0<=0|| charno < sourceExcerpt.length( ) ) {
&&0<= charno && charno < sourceExcerpt.length( ) || charno >1) {
&& excerpt.equals( LINE ) || charno < sourceExcerpt.length( ) ) {
||0<= charno && sourceExcerpt.length( ) >0) {
&& !( charno < charno && charno < sourceExcerpt.length( ) ) ) {
||0<=0&& charno < sourceExcerpt.length( ) ) {
&&0<= charno &&0< charno &&0<= sourceExcerpt.length( ) ) {
&&( excerpt.equals( LINE ) &&0<= charno ) ) {
&& sourceExcerpt.length( ) >= sourceExcerpt.length( ) ) {
||0<= charno && charno == sourceExcerpt.length( ) ) {
&&0<= charno && charno > sourceExcerpt.length( ) ||0<= charno ) {
||0<= charno && charno < charno && charno < sourceExcerpt.length( ) ) {
&& sourceExcerpt.length( ) >0&&0<= sourceExcerpt.length( ) ) {
&& sourceExcerpt.length( ) >0&& sourceExcerpt.length( ) >0) {
&&0< charno && charno < sourceExcerpt.length( ) ||0<= charno ) {
||0<= charno && sourceExcerpt.length( ) ==0) {
&&0<= charno && charno < sourceExcerpt.length( ) ||0< charno ) {
&& excerpt.equals( LINE ) && ! sourceExcerpt.equals( LINE ) ) {
&&0<= charno && sourceExcerpt.length( ) >=1) {
&&0<= charno &&0>> charno < sourceExcerpt.length( ) ) {
&&0<= charno && sourceExcerpt.startsWith( sourceExcerpt ) ) {
&&0<= charno &&0<= charno && sourceExcerpt.length( ) >=0) {
&&0<= charno &&0<< charno < sourceExcerpt.length( ) ) {
&&0<= charno &&0!= sourceExcerpt.length( ) ) {
&& sourceExcerpt.length( ) >0) {
|| excerpt.equals( LINE ) && charno < sourceExcerpt.length( ) ) {
&&0<= charno && sourceExcerpt.length( ) !=1) {
&&0< charno && sourceExcerpt.length( ) >0) {
&& charno < sourceExcerpt.length( ) *sourceExcerpt.length( ) ) {
||0> charno && charno < sourceExcerpt.length( ) ) {
&& excerpt.equals( LINE ) &&0<= charno && sourceExcerpt != null ) {
&&0<= charno && charno < sourceExcerpt.length( ) || true ) {
&&0<= charno && charno < charno + sourceExcerpt.length( ) ) {
&&0< charno &&0<= charno && sourceExcerpt.length( ) >1) {
||0!= charno && charno < sourceExcerpt.length( ) ) {
||0<= charno && charno <= sourceExcerpt.length( ) ) {
||0<= charno && charno < sourceExcerpt.length( ) -1) {
&&0<= charno && charno < sourceExcerpt.length( ) +2) {
&&0<= charno && charno < sourceExcerpt.length( ) +11) {
&&0<= charno && charno < sourceExcerpt.length( ) +10) {
&&0<= charno && charno < sourceExcerpt.length( ) +9) {
&&0<= charno && charno < sourceExcerpt.length( ) +2007) {
||0<= charno && charno != sourceExcerpt.length( ) ) {
&&0<= charno &&0<= charno && ! sourceExcerpt.equals( LINE ) ) {
&& error.lineNumber < sourceExcerpt.length( ) ) {
&&(0<= charno && charno <= sourceExcerpt.length( ) ) ) {
&& charno <= sourceExcerpt.length( ) && excerpt.equals( LINE ) ) {
&&0<= charno && sourceExcerpt.length( ) <=2007) {
&&0< charno &&0<= sourceExcerpt.length( ) ) {
&&0<= charno &&0<= charno && sourceExcerpt.length( ) !=0) {
&&0< charno &&0<= charno &&0<= charno ) {
&&0<= charno && charno *sourceExcerpt.length( ) >0) {
&&0<= charno && error.lineNumber < sourceExcerpt.length( ) ) {
&&0<= charno && '\n'<= sourceExcerpt.length( ) ) {
&&0<= charno &&2<= sourceExcerpt.length( ) ) {
&&0<= charno &&10<= sourceExcerpt.length( ) ) {
&&0<= charno &&9<= sourceExcerpt.length( ) ) {
&&( charno <= sourceExcerpt.length( ) ) ) {
&&0<= charno && sourceExcerpt.length( ) !=2) {
&&0<= charno && sourceExcerpt.length( ) !=11) {
&&0<= charno && sourceExcerpt.length( ) !=10) {
&&0<= charno && sourceExcerpt.length( ) !=9) {
&&0<= charno && sourceExcerpt.length( ) !=2007) {
&&0<= charno &&( charno <= sourceExcerpt.length( ) ) ) {
&&0<= charno && charno < sourceExcerpt.length( ) ) ; {
&& excerpt.equals( LINE ) && charno <= sourceExcerpt.length( ) ) {
&&0<= charno && charno > sourceExcerpt.length( ) /11) {
&&0<= charno && charno > sourceExcerpt.length( ) /10) {
&&0<= charno && charno > sourceExcerpt.length( ) /9) {
&&0<= charno && charno > sourceExcerpt.length( ) /2007) {
&&0<= charno && - charno < sourceExcerpt.length( ) ) {
&&0<= charno && charno >0) {
&&0<= charno && excerpt.equals( LINE ) &&0<= charno ) {
&& sourceExcerpt.length( ) == sourceExcerpt.length( ) ) {
&&0<= charno &&0< charno &&0<= charno ) {
&&0<= charno &&0<= charno &&0< charno ) {
&&0<= charno &&(0<= sourceExcerpt.length( ) ) ) {
&&0<= charno && charno / charno < sourceExcerpt.length( ) ) {
&&0<= charno && sourceExcerpt.length( ) <= ' ') {
&& charno <= charno && charno <= sourceExcerpt.length( ) ) {
&&0<= charno &&2<= charno && sourceExcerpt.length( ) >0) {
||0<= sourceExcerpt.length( ) ) {
&&0<= charno && ! sourceExcerpt.equals( LINE ) ) {
&&0<= charno && sourceExcerpt.length( ) >=2) {
&&0<= charno && sourceExcerpt.length( ) >=10) {
&&0<= charno && sourceExcerpt.length( ) >=9) {
&& ! sourceExcerpt.equals( LINE ) ) {
&&(0<= sourceExcerpt.length( ) ) ) {
&&0<= charno && sourceExcerpt.length( ) <2007) {
&&0>> charno < sourceExcerpt.length( ) ) {
&&0< charno && charno != sourceExcerpt.length( ) -1) {
&&0<= charno && true &&0<= sourceExcerpt.length( ) ) {
|| charno <0&& charno < sourceExcerpt.length( ) ) {
||0< charno && charno > sourceExcerpt.length( ) ) {
&&0<= charno &&2< sourceExcerpt.length( ) ) {
&&0<= charno &&9< sourceExcerpt.length( ) ) {
&&0< charno &&0< sourceExcerpt.length( ) ) {
&&0<= charno && charno > sourceExcerpt.length( ) -11) {
&&0<= charno && charno > sourceExcerpt.length( ) -10) {
&&0<= charno && charno > sourceExcerpt.length( ) -2007) {
||0>= charno && charno < sourceExcerpt.length( ) ) {
||0== charno && charno < sourceExcerpt.length( ) ) {
||0<= charno && sourceExcerpt.length( ) <=0) {
&&0< charno && charno < sourceExcerpt.length( ) *2) {
&&0< charno && charno < sourceExcerpt.length( ) *11) {
&&0< charno && charno < sourceExcerpt.length( ) *10) {
&&0< charno && charno < sourceExcerpt.length( ) *9) {
&&0< charno && charno < sourceExcerpt.length( ) *2007) {
&& error.getCharno( ) <= sourceExcerpt.length( ) ) {
&&0<= charno && charno < sourceExcerpt.length( ) + charno ) {
&&0< charno &&0<= charno && sourceExcerpt != null ) {
&&0<= charno && charno < charno *sourceExcerpt.length( ) ) {
&&0<= charno && excerpt.equals( LINE ) ) {
&&0<= charno &&1< sourceExcerpt.length( ) ) {
&&0<=0&&0< sourceExcerpt.length( ) ) {
|| charno <= charno && charno < sourceExcerpt.length( ) ) {
&&0<= charno &&0*charno < sourceExcerpt.length( ) ) {
&&0< charno && charno + sourceExcerpt.length( ) >0) {
&&0<= charno &&0- charno < sourceExcerpt.length( ) ) {
&&(0< sourceExcerpt.length( ) ) ) {
&&0<= charno && sourceExcerpt.length( ) < ' ') {
&&0<= charno && charno < sourceExcerpt.length( ) <<2) {
&&0<= charno && charno < sourceExcerpt.length( ) <<11) {
&&0<= charno && charno < sourceExcerpt.length( ) <<10) {
&&0<= charno && charno < sourceExcerpt.length( ) <<9) {
&&0<= charno && charno < sourceExcerpt.length( ) <<2007) {
&&0<= charno && charno != sourceExcerpt.length( ) *2) {
&&0<= charno && charno != sourceExcerpt.length( ) *11) {
&&0<= charno && charno != sourceExcerpt.length( ) *10) {
&&0<= charno && charno != sourceExcerpt.length( ) *9) {
&&0<= charno && charno != sourceExcerpt.length( ) *2007) {
&& sourceExcerpt.equals( sourceExcerpt.toString( ) ) ) {
&&0<= charno && '\n'!= sourceExcerpt.length( ) ) {
&&0<= charno && ' '!= sourceExcerpt.length( ) ) {
&&0<= charno &&1<= sourceExcerpt.length( ) ) {
&&0<= charno &&0<= charno && excerpt.equals( LINE ) ) {
&& charno <= sourceExcerpt.length( ) || charno < charno ) {
&&0<= charno && charno <11) {
&&0<= charno && charno <10) {
&&0<= charno && charno <9) {
&&0<= charno && charno <2007) {
&&0<= charno &&0< charno && sourceExcerpt != null ) {
&&0<= charno && true &&0< sourceExcerpt.length( ) ) {
||0<= charno &&( charno < sourceExcerpt.length( ) ) ) {
&& charno < sourceExcerpt.length( ) +1) {
||0<= charno || charno < sourceExcerpt.length( ) ) {
||(0<= charno && charno < sourceExcerpt.length( ) ) ) {
||0<= charno && sourceExcerpt.length( ) !=0) {
&&(0<= charno &&0< sourceExcerpt.length( ) ) ) {
&& charno <= charno &&0<= sourceExcerpt.length( ) ) {
&& charno <= charno &&0< sourceExcerpt.length( ) ) {
&& charno < sourceExcerpt.length( ) *2) {
&& charno < sourceExcerpt.length( ) *11) {
&& charno < sourceExcerpt.length( ) *10) {
&& charno < sourceExcerpt.length( ) *9) {
&& charno < sourceExcerpt.length( ) *2007) {
&&0<= charno && sourceExcerpt.length( ) >= '\n') {
&&0<= charno &&0<= sourceExcerpt.length( ) && true ) {
|| charno <= sourceExcerpt.length( ) ) {
&&0<= charno && sourceExcerpt.contains( sourceExcerpt ) ) {
&& charno < sourceExcerpt.length( ) ||0< charno ) {
&&0<= charno && sourceExcerpt.length( ) != '\n') {
&&0<= charno && sourceExcerpt.length( ) != ' ') {
&&0< charno &&0<= charno ) {
&&(0<= charno && sourceExcerpt.length( ) >0) ) {
&&( sourceExcerpt.length( ) >0) ) {
&& charno <= sourceExcerpt.length( ) &&0<= charno ) {
&&0<= charno + sourceExcerpt.length( ) ) {
||0< charno && charno == sourceExcerpt.length( ) ) {
&& charno > sourceExcerpt.length( ) ||0<= charno ) {
&&0!= charno &&0< sourceExcerpt.length( ) ) {
&&0<=0||0<= sourceExcerpt.length( ) ) {
&&0< charno && sourceExcerpt.equals( sourceExcerpt ) ) {
&&0<= charno &&0<= charno && charno >0) {
&& charno < sourceExcerpt.length( ) || charno >0) {
&&0<= charno || charno > sourceExcerpt.length( ) ) {
||0<= charno && sourceExcerpt.length( ) >1) {
&&0<=0&& charno <= sourceExcerpt.length( ) ) {
||0<= charno && sourceExcerpt.length( ) ==1) {
&& charno < '\n'|| charno < sourceExcerpt.length( ) ) {
&& charno < ' '|| charno < sourceExcerpt.length( ) ) {
&& charno <= sourceExcerpt.length( ) ||0<= charno ) {
&&0!= charno && charno <= sourceExcerpt.length( ) ) {
&& ! sourceExcerpt.equals( LINE ) &&0<= charno ) {
&&0<= charno *sourceExcerpt.length( ) ) {
&&0<= sourceExcerpt.length( ) || charno < charno ) {
&&0< sourceExcerpt.length( ) ) {
&&0- charno < sourceExcerpt.length( ) ) {
&&0<= charno || sourceExcerpt.length( ) < charno ) {
&&0< charno || charno < sourceExcerpt.length( ) ) {
||0<= charno && sourceExcerpt.length( ) >=0) {
&&0<=0&& sourceExcerpt.length( ) >0) {
&&0<= charno &&0<= sourceExcerpt.length( ) -1) {
&&0<= charno &&0.< sourceExcerpt.length( ) ) {
&&0<= charno &&0< charno ) {
||0< charno && charno != sourceExcerpt.length( ) ) {
||0> charno && charno > sourceExcerpt.length( ) ) {
&&0<= charno *charno *sourceExcerpt.length( ) ) {
&&0<< charno < sourceExcerpt.length( ) ) {
&& charno <= charno && sourceExcerpt.length( ) >0) {
&& excerpt.equals( LINE ) ) {
&&0<= charno / sourceExcerpt.length( ) ) {
&& sourceExcerpt.toString( ).length( ) >0) {
&&0!= charno && sourceExcerpt.length( ) >0) {
&&0<= charno && sourceExcerpt.length( ) > -1) {
||0<= charno && charno < charno && charno < charno ) {
||0<=0&&0<= sourceExcerpt.length( ) ) {
&& charno <11&& charno <= sourceExcerpt.length( ) ) {
&& charno <10&& charno <= sourceExcerpt.length( ) ) {
&& charno <9&& charno <= sourceExcerpt.length( ) ) {
&& charno <2007&& charno <= sourceExcerpt.length( ) ) {
&&0<= sourceExcerpt.length( ) && true ) {
||0<= charno && charno <0) {
&&0<= charno &&( sourceExcerpt.length( ) >0) ) {
&&0<= charno && sourceExcerpt == sourceExcerpt ) {
||0<= charno && sourceExcerpt.length( ) < charno ) {
||0<= charno && sourceExcerpt.length( ) <0) {
||0<= charno && sourceExcerpt.length( ) ==2) {
||0<= charno && sourceExcerpt.length( ) ==11) {
||0<= charno && sourceExcerpt.length( ) ==10) {
||0<= charno && sourceExcerpt.length( ) ==9) {
||0<= charno && sourceExcerpt.length( ) ==2007) {
&&0< charno && sourceExcerpt.length( ) >1) {
||0<= charno && sourceExcerpt.length( ) >2) {
||0<= charno && sourceExcerpt.length( ) >11) {
||0<= charno && sourceExcerpt.length( ) >10) {
||0<= charno && sourceExcerpt.length( ) >9) {
||0<= charno && sourceExcerpt.length( ) >2007) {
&&0<= charno &&0<= error.sourceName.length( ) ) {
||0<=0|| charno < sourceExcerpt.length( ) ) {
&&0*charno < sourceExcerpt.length( ) ) {
&&0<= sourceExcerpt.length( ) &&0<= charno ) {
||0<= charno &&0== sourceExcerpt.length( ) ) {
&& sourceExcerpt.trim( ).length( ) >0) {
||0<= charno && sourceExcerpt != null ) {
&&0<=0&&0!= sourceExcerpt.length( ) ) {
&&0<=0|| charno > sourceExcerpt.length( ) ) {
&& charno < charno *sourceExcerpt.length( ) ) {
||0<= charno &&0>= sourceExcerpt.length( ) ) {
&&0<= charno && charno >=0) {
&&0<= charno &&0<= charno && charno >1) {
&&0< charno && sourceExcerpt.length( ) !=0) {
||( charno < sourceExcerpt.length( ) ) ) {
|| charno <2&& charno < sourceExcerpt.length( ) ) {
|| charno <11&& charno < sourceExcerpt.length( ) ) {
|| charno <10&& charno < sourceExcerpt.length( ) ) {
|| charno <9&& charno < sourceExcerpt.length( ) ) {
|| charno <2007&& charno < sourceExcerpt.length( ) ) {
&& charno <11|| charno < sourceExcerpt.length( ) ) {
&& charno <10|| charno < sourceExcerpt.length( ) ) {
&& charno <9|| charno < sourceExcerpt.length( ) ) {
&& charno <2007|| charno < sourceExcerpt.length( ) ) {
||0<= charno && sourceExcerpt.length( ) <=1) {
&& charno <= sourceExcerpt.length( ) && true ) {
&&0<= charno &&0<= charno && charno <11) {
&&0<= charno &&0<= charno && charno <10) {
&&0<= charno &&0<= charno && charno <9) {
&&0<= charno &&0<= charno && charno <2007) {
&& charno < charno + sourceExcerpt.length( ) ) {
&&(0<= charno &&0<= charno &&0<= charno ) ) {
&& charno / charno < sourceExcerpt.length( ) ) {
&& sourceExcerpt.length( ) >=0) {
&&0<= charno || sourceExcerpt.length( ) >0) {
&& charno + sourceExcerpt.length( ) >0) {
&& !( sourceExcerpt.equals( LINE ) ) ) {
&&0<= charno && charno >2) {
&& true &&0<= sourceExcerpt.length( ) ) {
&&0<= charno && charno !=0) {
&&0<= charno &&0<= error.getCharno( ) ) {
||0<= charno && charno < charno ) {
|| charno > sourceExcerpt.length( ) ) {
&& charno <11&&0<= sourceExcerpt.length( ) ) {
&& charno <10&&0<= sourceExcerpt.length( ) ) {
&& charno <9&&0<= sourceExcerpt.length( ) ) {
&& charno <2007&&0<= sourceExcerpt.length( ) ) {
&&0<= charno && charno <11&& charno <11) {
&&0<= charno && charno <10&& charno <10) {
&&0<= charno && charno <9&& charno <9) {
&&0<= charno && charno <2007&& charno <2007) {
|| charno < sourceExcerpt.length( ) -1) {
&& sourceExcerpt.length( ) !=0) {
&& charno < sourceExcerpt.length( ) - -1) {
&& charno != sourceExcerpt.length( ) -1) {
&&0<= charno && charno <= charno ) {
&& charno < sourceExcerpt.length( ) +2) {
&& charno < sourceExcerpt.length( ) +11) {
&& charno < sourceExcerpt.length( ) +10) {
&& charno < sourceExcerpt.length( ) +9) {
&& charno < sourceExcerpt.length( ) +2007) {
&&0<= charno &&0<= charno && charno >2) {
|| false && charno < sourceExcerpt.length( ) ) {
&&0<= charno && charno >1) {
|| charno == sourceExcerpt.length( ) ) {
&& charno < sourceExcerpt.length( ) || true ) {
||( charno <= sourceExcerpt.length( ) ) ) {
&&0<= sourceExcerpt.length( ) -1) {
&&0< charno + sourceExcerpt.length( ) ) {
&&0<= charno && charno < b.length( ) ) {
&&0<= charno && error.description.length( ) >0) {
&& sourceExcerpt.length( ) <=2007) {
&&0< charno && sourceExcerpt != null ) {
&&0< charno *sourceExcerpt.length( ) ) {
&&0<= charno &&0<= charno && charno < '\n') {
&&0<= charno &&0<= charno && charno < ' ') {
&& true || charno < sourceExcerpt.length( ) ) {
&&0/ charno < sourceExcerpt.length( ) ) {
&& charno - charno < sourceExcerpt.length( ) ) {
&&0% charno < sourceExcerpt.length( ) ) {
&&0<= charno && charno == charno ) {
&&0<= charno && charno <11|| charno <11) {
&&0<= charno && charno <10|| charno <10) {
&&0<= charno && charno <9|| charno <9) {
&&0<= charno && charno <2007|| charno <2007) {
&&0< charno &&0<= charno &&0< charno ) {
&& charno <0) { b.append( '\n') ; } else {
&& charno <0) { b.append( ' ') ; } else {
&&0<= charno &&0<= charno &&0<=0) {
&& excerpt.equals( LINE ) &&0< charno ) {
&&0<= charno && charno >= charno ) {
&& charno < sourceExcerpt.length( ) + '\n') {
&& charno < sourceExcerpt.length( ) + ' ') {
&&0<= charno && error.lineNumber >0) {
&&0< charno && charno >0) {
&&0< charno && excerpt.equals( LINE ) ) {
&& ! sourceExcerpt.equals( '\n') ) {
&& ! sourceExcerpt.equals( ' ') ) {
||(0<= sourceExcerpt.length( ) ) ) {
&& sourceExcerpt.length( ) >1) {
&& excerpt.equals( LINE ) ||0<= charno ) {
&&0<= charno && charno > -1) {
&&0<= charno &&0<= charno && source != null ) {
|| charno != sourceExcerpt.length( ) ) {
&&(0<= charno && charno <11) ) {
&&(0<= charno && charno <10) ) {
&&(0<= charno && charno <9) ) {
&&(0<= charno && charno <2007) ) {
&& sourceExcerpt.length( ) >2) {
&& sourceExcerpt.length( ) >9) {
&&0!= sourceExcerpt.length( ) ) {
&&(0<= charno &&0<= charno ) ) {
&&( excerpt.equals( LINE ) ) ) {
&&0<= charno && charno < '\n') {
&&0<= charno && charno < ' ') {
&& sourceExcerpt.length( ) <2007) {
&&0<= error.getCharno( ) ) {
&&0<= charno &&0<= charno && true ) {
||0< sourceExcerpt.length( ) ) {
&&0<= charno && error.sourceName != null ) {
&&0<= charno &&0<= b.length( ) ) {
&&0<= charno && charno !=2) {
&&0<= charno && charno !=11) {
&&0<= charno && charno !=10) {
&&0<= charno && charno !=9) {
&&0<= charno && charno !=2007) {
&&0<= charno && charno > -2) {
&&0<= charno && charno > -11) {
&&0<= charno && charno > -10) {
&&0<= charno && charno > -9) {
&&0<= charno && charno > -2007) {
&&0< charno && charno <11) {
&&0< charno && charno <10) {
&&0< charno && charno <9) {
&&0< charno && charno <2007) {
&& error.description.length( ) >0) {
||0<= charno && charno <1) {
|| sourceExcerpt.length( ) <=0) {
&& error.getCharno( ) <= charno ) {
&&0<= charno && true ) {
&&0<= charno && source != null ) {
&&0<= error.sourceName.length( ) ) {
&& error.sourceName.length( ) >0) {
&& sourceExcerpt.length( ) >=1) {
) { charno = error.getCharno( ) ;
&&0<= charno || charno < charno ) {
&& sourceExcerpt.length( ) >=2) {
&& sourceExcerpt.length( ) >=10) {
&& sourceExcerpt.length( ) >=9) {
&& ! sourceExcerpt.equals( charno ) ) {
|| charno < charno && charno < charno ) {
&& sourceExcerpt.length( ) !=2) {
&& sourceExcerpt.length( ) !=11) {
&& sourceExcerpt.length( ) !=10) {
&& sourceExcerpt.length( ) !=9) {
&& sourceExcerpt.length( ) !=2007) {
&&0<= charno && charno !=1) {
&& sourceExcerpt.length( ) !=1) {
&&0< charno && charno >2) {
&&0<= charno ) {
&&0<= charno && charno != -1) {
&&(0<= charno && charno >0) ) {
&& ! error.sourceName.equals( '\n') ) {
&& ! error.sourceName.equals( ' ') ) {
&& ! sourceExcerpt.equals( source ) ) {
&& ! excerpt.equals( '\n') ) {
&& ! excerpt.equals( ' ') ) {
|| sourceExcerpt.length( ) >0) {
&&0< charno && charno == charno ) {
&&0!= charno &&0<= charno ) {
&&0<= charno && charno != '\n') {
&&0<= charno && charno != ' ') {
&& charno <11&& charno <11) {
&& charno <10&& charno <10) {
&& charno <9&& charno <9) {
&& charno <2007&& charno <2007) {
&&0!= charno && charno >0) {
&&0<= charno && charno >=2) {
&&0<= charno &&0<= charno ) { ;
&&0< charno && charno >1) {
&&0<= charno &&0!= charno ) {
||0<= charno && charno >0) {
