if( options.dependencyOptions.needsManagement( ) ) {
if( options.transformAMDToCJSModules || options.dependencyOptions.needsManagement( ) ) {
if( options.dependencyOptions.needsManagement( ) ) { for( CompilerInput input : inputs ) { }
if( options.dependencyOptions.needsManagement( ) || options.closurePass && options.processCommonJSModules ) {
if( options.dependencyOptions.needsManagement( ) && options.dependencyOptions.needsManagement( ) ) {
if( options.dependencyOptions.needsManagement( ) && true ) {
if( options.dependencyOptions.needsManagement( ) ) { if( hasErrors( ) ) { return null ; }
if( options.dependencyOptions.needsManagement( ) && options.closurePass == options.closurePass ) {
if( options.dependencyOptions.needsManagement( ) || options.closurePass ) {
if( options.processCommonJSModules || options.dependencyOptions.needsManagement( ) ) {
if( options.dependencyOptions.needsManagement( ) || options.closurePass || options.processCommonJSModules ) {
if( options.dependencyOptions.needsManagement( ) || options.processCommonJSModules ) {
if( options.dependencyOptions != null && options.dependencyOptions.needsManagement( ) ) {
if( options.dependencyOptions.needsManagement( ) && ! options.tracer.isOn( ) ) {
if( options.sourceMapOutputPath != null || options.dependencyOptions.needsManagement( ) ) {
if( options.dependencyOptions.needsManagement( ) && ! options.closurePass || options.closurePass ) {
if( options.dependencyOptions.needsManagement( ) || options.closurePass && options.closurePass ) {
if( options.dependencyOptions.needsManagement( ) && externsRoot != null ) {
if( options.dependencyOptions.needsManagement( ) ) { repartitionInputs( ) ;
if( options.dependencyOptions.needsManagement( ) ) { staleInputs = true ;
if( options.dependencyOptions.needsManagement( ) ) { runSanityCheck( ) ;
if( options.dependencyOptions.needsManagement( ) ) { staleInputs = false ;
if( externsRoot != null && options.dependencyOptions.needsManagement( ) ) {
if( options != null && options.dependencyOptions.needsManagement( ) ) {
if( options.dependencyOptions.needsManagement( ) || options.closurePass || options.closurePass ) {
if( options.dependencyOptions.needsManagement( ) && options.tracer != null ) {
if( options.dependencyOptions.needsManagement( ) || options.closurePass != options.closurePass ) {
boolean needsManagement = false ; if( options.dependencyOptions.needsManagement( ) ) {
if( options.dependencyOptions.needsManagement( ) && System.currentTimeMillis( ) >0) {
if( options.dependencyOptions.needsManagement( ) ) { if( options.dependencyOptions.needsManagement( ) )
if( options.dependencyOptions.needsManagement( ) && true || options.closurePass ) {
if( jsRoot != null && options.dependencyOptions.needsManagement( ) ) {
if( options.closurePass || options.dependencyOptions.needsManagement( ) ) {
if( options.dependencyOptions.needsManagement( ) || options.closurePass == true ) {
if( options.dependencyOptions.needsManagement( ) ) { ;
if( true && options.dependencyOptions.needsManagement( ) ) {
if( options.dependencyOptions.needsManagement( ) && ! staleInputs ) {
boolean needsManagement = true ; if( options.dependencyOptions.needsManagement( ) ) {
if( options.dependencyOptions.needsManagement( ) | options.closurePass ) {
if(( options.dependencyOptions.needsManagement( ) ) || options.closurePass ) {
if( Boolean.valueOf( options.dependencyOptions.needsManagement( ) ) ) {
if( options.dependencyOptions.needsManagement( ) ) { tracker = null ;
if(( options.dependencyOptions.needsManagement( ) ) ) {
if( options.dependencyOptions.needsManagement( ) && ! hasErrors( ) ) {
if(( options.dependencyOptions.needsManagement( ) || options.closurePass ) ) {
if( options.dependencyOptions.needsManagement( ) && true && true ) {
if( getOptions( ).dependencyOptions.needsManagement( ) ) {
if( options.dependencyOptions.needsManagement( ) && ! false ) {
if( this.options.dependencyOptions.needsManagement( ) ) {
if( staleInputs || options.dependencyOptions.needsManagement( ) ) {
if( false || options.dependencyOptions.needsManagement( ) ) {
if( hasErrors( ) || options.dependencyOptions.needsManagement( ) ) {
if( options.dependencyOptions.needsManagement( ) && options != null ) {
boolean dependencyOptions = false ; if( options.dependencyOptions.needsManagement( ) ) {
if(( options.dependencyOptions.needsManagement( ) ) && true ) {
if(( options.dependencyOptions ).needsManagement( ) ) {
if( options.dependencyOptions.needsManagement( ) ) { assert true ;
if( ! ! options.dependencyOptions.needsManagement( ) ) {
if( options.dependencyOptions.needsManagement( ) == true ) {
if( options.dependencyOptions.needsManagement( ) ) { assert false ;
