double n1n2prod = n1*n2;
float n1n2prod = n1*n2;
long n1n2prod = n1*n2;
double n1n2prod = n2*n1;
final double n1n2prod = n1*n2;
final long n1n2prod = n1*n2;
final float n1n2prod = n1*n2;
final double n1n2prod = n2*n1;
final float n1n2prod = n2*n1;
final long n1n2prod = n2*n1;
double n1n2prod = n1*n2; ;
final double n1n2prod = n1*n2; ;
final double n1n2prod = n1*n2*1.0;
final double n1n2prod = n2*n2+ n2;
final double n1n2prod = n1*n2*1;
final double n1n2prod = n1*n2/1.0;
final double n1n2prod =( double ) n1*n2;
final double n1n2prod =( int ) n1*n2;
int n1n2prod = n1*2*2;
final int n1n2prod = n1*2*2;
final double n1n2prod = n1*2*2.0;
final double n1n2prod = n1*2*2;
final double n1n2prod = n1*n1- n1;
double n1n2prod = n1*( n2+ n2) /2.0;
final double n1n2prod = n1*( n2+ n2) /2.0;
final int n1n2prod =2*( n1+ n2+1) ;
final double n1n2prod = n1*n2; final double n2n1= n1;
final double n1n2prod = n1*( n2+ n2) /2;
double n1n2prod = n2*( n1+ n2+1) /2.0;
final double n1n2prod = n2*( n1+ n2+1) /2;
final double n1n2prod = n1*( n1+2+1) /2.0;
final double n1n2prod = n1*( n1+2+1) /2;
final double n1n2prod = n1*( n1+1+1+1) /2;
