if( tree == null ) {
if( v == null ) {
if(( Boolean ) false ) {
if( v.length >0) {
if( v.length ==1) {
if( v.length !=0) {
if( v.length <0) {
if(( tree == null ) ) {
if( getVertices( ) == null ) {
if( v.length ==2) {
if( v.length ==10) {
if( v.length ==3) {
if(( v ) == null ) {
if( getTree( false ) == null ) {
if( !( tree != null ) ) {
if( v.length == -1) {
if( v.equals( null ) ) {
if( tree != getTree( false ) ) {
if( tree.getAttribute( ) == null ) {
if( tree.getAttribute( ) instanceof Boolean ) {
if( tree.getParent( ) != null ) {
if( tree.getAttribute( ) instanceof String ) {
if( tree.getAttribute( ) instanceof BSPTree ) {
if( getVertices( ).length >0) {
if( tree.getAttribute( ) instanceof Integer ) {
if( v.length == Double.POSITIVE_INFINITY ) {
if(( v.length ==1) ) {
if( getVertices( ).length ==1) {
if( getVertices( ).length !=0) {
if(( v.length >0) ) {
if( tree.getAttribute( ) instanceof Double ) {
if( v.length < v.length ) {
if( tree.getAttribute( ) == this ) {
if( tree == tree.getAttribute( ) ) {
if( v.length -1==0) {
if(( v.length !=0) ) {
if( tree == null && tree != null ) {
if( tree.getAttribute( ) == null ) { ;
if( false ) { setSize( Double.POSITIVE_INFINITY ) ;
if( tree == null ) { setSize(0) ;
if( Boolean.TRUE.equals( tree ) ) {
if( Boolean.TRUE.equals( v ) ) {
if(( tree.getAttribute( ) == null ) ) {
if(( tree.getAttribute( ) ) == null ) {
if(( tree.getAttribute( ) instanceof Boolean ) ) {
if( Boolean.FALSE == tree.getAttribute( ) ) {
if(( v.length -1) ==0) {
if( tree == null && v.length ==0) {
if( tree.getAttribute( ) instanceof int [ ] ) {
if( Boolean.TRUE == tree.getAttribute( ) ) {
if( tree.getAttribute( ) instanceof Object [ ] ) {
if(( tree ).getAttribute( ) == null ) {
if(( tree.getAttribute( ) instanceof Integer ) ) {
if( tree.getAttribute( ) == Boolean.TRUE ) {
if( tree.getAttribute( ) == Boolean.class ) {
if((0== tree.getAttribute( ) ) ) {
if(( tree == null ) &&( false ) ) {
if(( tree.getAttribute( ) instanceof Double ) ) {
if(( false ) == tree.getAttribute( ) ) {
if( tree.getAttribute( ).equals( null ) ) {
if( !( tree.getAttribute( ) != null ) ) {
if( tree == null ) { setSize( Double.POSITIVE_INFINITY ) ;
if( tree.getAttribute( ).equals(0) ) {
if( tree.equals( tree.getAttribute( ) ) ) {
if( tree.getAttribute( ).equals( false ) ) {
if( Boolean.TRUE.equals( Boolean.FALSE ) ) {
if(( false ) ) { setSize( Double.POSITIVE_INFINITY ) ;
if( Boolean.valueOf( false ).booleanValue( ) ) {
if( tree == null && v [0] == null ) {
if( Boolean.FALSE.equals( Boolean.TRUE ) ) {
if( tree != null && tree.getAttribute( ) == null ) {
if( tree == null && tree.getAttribute( ) == null ) {
if( tree == null && tree.getAttribute( ) != null ) {
if( tree == null || tree.getAttribute( ) == null ) {
if( tree != null && tree.getAttribute( ) instanceof Boolean ) {
if( tree.getAttribute( ) != tree.getAttribute( ) ) {
if((( tree.getAttribute( ) == null ) ) ) {
if(( Boolean ) tree.equals( Double.POSITIVE_INFINITY ) ) {
if( tree != null && tree.getParent( ) != null ) {
if(( Boolean ) false ) { setSize( Double.POSITIVE_INFINITY ) ;
if( tree == null && tree.getAttribute( ) instanceof Boolean ) {
if( tree != null && tree.getAttribute( ) == this ) {
if( Boolean.TRUE.equals( tree.getAttribute( ) ) ) {
if( Boolean.FALSE.equals( tree.getAttribute( ) ) ) {
if( tree.getAttribute( ).equals( Double.POSITIVE_INFINITY ) ) {
if( tree.getAttribute( ) == null ) { setSize(0) ;
if((( BSPTree ) tree ).getAttribute( ) == null ) {
if( tree == null ) { return ; } else if( false ) {
if( Boolean.valueOf( Boolean.FALSE ).booleanValue( ) ) {
if( tree.getAttribute( ).equals( Boolean.TRUE ) ) {
if(( Boolean )( tree.getAttribute( ) == null ) ) {
if( tree == null &&( Boolean ) tree.getAttribute( ) ) {
if( v.length >0) { setSize( Double.POSITIVE_INFINITY ) ;
if( v.length ==1) { setSize( Double.POSITIVE_INFINITY ) ;
if( Boolean.TRUE.equals( tree.getParent( ) ) ) {
if( tree != null && Boolean.TRUE.equals( tree ) ) {
if( Boolean.TRUE.equals( new Boolean( false ) ) ) {
if( tree != null &&( tree.getAttribute( ) == null ) ) {
if(( tree != null ) && tree.getAttribute( ) == null ) {
if( tree == null &&( tree.getAttribute( ) == null ) ) {
if(( tree == null ) &&( v.length ==0) ) {
if( tree == null &&( tree.getAttribute( ) != null ) ) {
if(( v == null ) &&( v.length ==0) ) {
if( tree == null ) { if( tree.getAttribute( ) == null )
if(( Boolean ) tree.getAttribute( ).equals( null ) ) {
if( tree == null ) { if( tree.getAttribute( ) != null )
if( tree.getAttribute( ) == null && v.length ==0) {
if( tree != null &&( tree.getAttribute( ) instanceof Boolean ) ) {
if( tree == null ) { setSize(0) ; setSize(0) ;
if( tree == null && v [0] [0] == null ) {
if(( Boolean ) !( tree.getAttribute( ) != null ) ) {
if( tree == null ||( tree.getAttribute( ) == null ) ) {
if(( tree == null ) && tree.getAttribute( ) != null ) {
if(( tree == null ) && tree.getAttribute( ) == null ) {
if( tree != null ) if( tree.getAttribute( ) == null ) {
if(( Boolean ) tree.getAttribute( ).equals(0) ) {
if(( Boolean ) tree.getAttribute( ).equals(1) ) {
if( v.length ==0&& tree.getAttribute( ) == null ) {
if(( Boolean ) tree.getAttribute( ).equals(2) ) {
if(( Boolean ) tree.getAttribute( ).equals(10) ) {
if(( Boolean ) tree.getAttribute( ).equals(3) ) {
if( tree.getAttribute( ) == null && v.length ==1) {
if(( Boolean ) tree.getAttribute( ).equals( false ) ) {
if(( Boolean ) tree.getAttribute( ).equals( this ) ) {
if( tree == null ) { return ; } if( tree == null ) {
if( tree.getAttribute( ) == null && v.length >0) {
if(( Boolean ) tree.getAttribute( ).equals( tree ) ) {
if( tree != null && tree.getAttribute( ) == Boolean.TRUE ) {
if(( tree == null ) &&( v [0] == null ) ) {
if( tree.getAttribute( ) == null && v [0] == null ) {
if(( tree == null ) &&( v [0] != null ) ) {
if( tree != null && !( tree.getAttribute( ) != null ) ) {
if(( tree.getAttribute( ) ) == null ) { setSize(0) ;
if( tree == null ) { if(( Boolean ) tree.getAttribute( ) )
if( Boolean.TRUE.equals( Boolean.TRUE.toString( ) ) ) {
if( Boolean.valueOf( new Boolean( false ) ).booleanValue( ) ) {
if(( Boolean ) tree.getAttribute( ).equals( -1) ) {
if(( tree != null ) &&( tree.getAttribute( ) == null ) ) {
if(( tree == null ) &&( tree.getAttribute( ) != null ) ) {
if(( tree == null ) &&( tree.getAttribute( ) == null ) ) {
if(( v.length ==0) &&( v.length ==1) ) {
if(( tree == null ) ||( tree.getAttribute( ) == null ) ) {
if( tree.getAttribute( ) == null && tree.getAttribute( ) != null ) {
if( tree.getAttribute( ) == null || tree.getAttribute( ) == null ) {
if( tree.getAttribute( ) == null && tree.getAttribute( ) == null ) {
if(( v.length ==0) &&( v.length >0) ) {
if(( tree != null ) &&( tree.getAttribute( ) instanceof Boolean ) ) {
if(( v.length ==0) &&( v.length !=0) ) {
if(( v.length ==1) &&( v.length ==1) ) {
if(( v.length ==1) ||( v.length ==1) ) {
if(( v.length >0) &&( v.length ==0) ) {
if(( tree == null ) &&( tree.getAttribute( ) instanceof Boolean ) ) {
if( tree != null && tree.getAttribute( ) != tree.getAttribute( ) ) {
if( tree.getAttribute( ) instanceof Boolean || tree.getAttribute( ) instanceof Boolean ) {
if( tree.getAttribute( ) != null && tree.getAttribute( ) == null ) {
if( tree == null ) return ; if( tree.getAttribute( ) == null ) {
if(( Boolean ) tree.getAttribute( ).equals( Boolean.TRUE ) ) {
if( tree.getParent( ) != null && tree.getParent( ) != null ) {
if(( Boolean ) tree.getAttribute( ).equals( Boolean.class ) ) {
if(( Boolean ) tree.getAttribute( ).equals( Boolean.FALSE ) ) {
if(( v.length ==0) && tree.getAttribute( ) == null ) {
if(( Boolean ) Boolean.TRUE.equals( tree.getAttribute( ) ) ) {
if(( Boolean ) tree.getAttribute( ).equals( Double.POSITIVE_INFINITY ) ) {
if(( v.length ==1) &&( v [0] == null ) ) {
if(( v.length >0) &&( v [0] == null ) ) {
if( tree != null && Boolean.TRUE.equals( tree.getAttribute( ) ) ) {
if( Boolean.TRUE.equals( tree.getAttribute( ).toString( ) ) ) {
if( tree == null && Boolean.TRUE.equals( tree.getAttribute( ) ) ) {
if( tree == null || Boolean.TRUE.equals( tree.getAttribute( ) ) ) {
if( Boolean.FALSE.equals( tree.getAttribute( ).toString( ) ) ) {
if( tree != null && Boolean.FALSE.equals( tree.getAttribute( ) ) ) {
if( tree != null && tree.getAttribute( ).equals( Boolean.TRUE ) ) {
if(( tree == null ) ) { if(( Boolean ) tree.getAttribute( ) )
if( tree == null || tree.getAttribute( ).equals( Boolean.TRUE ) ) {
if(( tree == null ) &&( v [0] [0] == null ) ) {
if( tree == null ) { return ; } if( tree.getAttribute( ) == null ) {
if(( v.length ==0) &&( tree.getAttribute( ) == null ) ) {
if(( Boolean )( tree.getAttribute( ) ).equals( Boolean.TRUE ) ) {
if(( tree.getAttribute( ) == null ) ? Boolean.TRUE : Boolean.FALSE ) {
if(( tree.getAttribute( ) == null ) &&( v.length ==0) ) {
if(( Boolean ) tree.getAttribute( ).toString( ).equals( null ) ) {
if( Boolean.TRUE.equals( Boolean.TRUE.equals( Boolean.FALSE ) ) ) {
if( Boolean.FALSE.equals( Boolean.TRUE.equals( Boolean.TRUE ) ) ) {
if(( tree.getAttribute( ) == null ) &&( v [0] == null ) ) {
if( tree != null &&( Boolean.TRUE.equals( tree.getAttribute( ) ) ) ) {
if(( tree != null ) && Boolean.TRUE.equals( tree.getAttribute( ) ) ) {
if( tree == null ) { if( Boolean.TRUE.equals( tree.getAttribute( ) ) )
if( Boolean.TRUE.equals( ! Boolean.TRUE.equals( Boolean.TRUE ) ) ) {
