double sum =0;
float sum =0;
double sum = -0;
double sum ; sum =0;
double sum = sum =0;
double sum =0+0;
float sum = sum =0;
float sum ; sum =0;
int sum = -1;
int sum =0; sum -- ;
int sum = -1+0;
int sum =0; -- sum ;
long sum = -1;
double sum =0; sum =0;
float sum =0; sum =0;
int sum =0; sum = -1;
int start =0; double sum =0;
int start =0; float sum =0;
int sum = -1; int max =0;
int sum = -1; long max =0;
int sum = -1; float max =0;
int sum = -1; int l =0;
int sum = -1; int min =0;
int sum = -1; int start =0;
int sum = -1; sum +=0.0;
int sum = -1; final int max =0;
int sum = -1; sum = -1;
int sum = -1; if( sum ==0) continue ;
int sum = -1; int max = -1;
int sum = -1; if( sum <0)
int sum = -1; int min = -1;
int sum = -1; while( sum <0)
int sum = -1; if( sum !=0)
int sum = -1; if( sum <=0)
int sum = -1; if( sum <1)
int sum = -1; if( sum == -1)
