if( endIndex < startIndex ) {
if( startIndex > endIndex ) {
if( endIndex == startIndex -1) {
if( startIndex == endIndex +1) {
if( endIndex +0< startIndex ) {
if( endIndex +1== startIndex ) {
if( endIndex -0< startIndex ) {
if( endIndex - startIndex <0) {
if( endIndex <0|| endIndex < startIndex ) {
if( endIndex >= endIndex && endIndex < startIndex ) {
if( endIndex <=0&& endIndex < startIndex ) {
if( endIndex <= startIndex && endIndex < startIndex ) {
if( endIndex <0|| startIndex ==1) {
if( startIndex ==( endIndex +1) ) {
if( endIndex < startIndex && endIndex >= endIndex ) {
if( startIndex <0|| endIndex < startIndex ) {
if( endIndex < startIndex || endIndex <0) {
if( endIndex < startIndex ) { emptyRange = true ;
if( startIndex >=( endIndex +1) ) {
if( startIndex >=0&& endIndex < startIndex ) {
if( endIndex < startIndex ) { endIndex = -1;
if( endIndex < -( getIndex( start ) +1) ) {
