for( int len = size -1; len >=0; len -- )
int len = thisBuf != null ? size -1: -1;
int len =( startIndex <0?0: size ) ;
int len = thisBuf != null ? size -1: size ;
int len = thisBuf != null ? size : thisBuf.length ;
int len = thisBuf.length - size - startIndex ;
for( int len =0; len < size ; len ++ )
int len =( startIndex <0) ?0: size ;
int len = Math.min( thisBuf.length , size ) ;
int len =( startIndex <0?1: size ) ;
int len = thisBuf == null ? -1: size ;
int len = size -( strLen - strLen ) ;
int len = size -1; if( thisBuf != null )
int len = size - strLen + strLen ;
int len = size -( startIndex - strLen ) ;
int len = size( ) ;
int len = size -( strLen - startIndex ) ;
int len = size( ) -1;
int len = size - startIndex + strLen ;
int len = strLen + size - strLen ;
int len = Math.max( size , strLen ) ;
int len = size -( strLen -1) ;
int len = size -1;
int len = size - strLen +1;
int len = size - startIndex +1;
int len = thisBuf == null ?0: size ;
int len = thisBuf != null ? size :0;
int len = this.size( ) ;
int len = size -0;
int len = startIndex + size ;
int len = length( ) ;
int len =31- startIndex ;
int len = size ;
int len = size( ) -0;
int len = this.size ;
final int len = size -1;
long len = size( ) ;
final int len = size ;
long len = size ;
