if( Double.isNaN( x ) && Double.isNaN( y ) ) { return false ; } else { return x == y ; }
return(( Double.isNaN( x ) && Double.isNaN( y ) ) && x == y ) || x == y ;
return( Double.isNaN( x ) && Double.isNaN( y ) && x == y ) ||( x == y ) ;
return( Double.isNaN( x ) && Double.isNaN( y ) && ! Double.isNaN( y ) ) || x == y ;
return(( Double.isNaN( x ) && x == y ) && x == y ) || x == y ;
if( x == y ) return true ;  return( Double.isNaN( x ) && x == y ) || x == y ;
return( Double.isNaN( x ) && x == y ) || x == y ;
return(( Double.isNaN( x ) && Double.isNaN( y ) ) &&( x == y ) ) || x == y ;
if( Double.isNaN( x ) || Double.isNaN( y ) ) { return false ; } else { return x == y ; }
return( Double.isNaN( x ) && Double.isNaN( y ) ) ? ! Double.isNaN( y ) : x == y ;
return(( Double.isNaN( x ) && x == y ) && Double.isNaN( y ) ) || x == y ;
return(( Double.isNaN( x ) && x == y ) &&( x == y ) ) || x == y ;
return( Double.isNaN( x ) &&( Double.isNaN( y ) && x == y ) ) || x == y ;
return( Double.isNaN( x ) && x == y ) ||( x == y ) &&( y == y ) ;
return( Double.isNaN( x ) && Double.isNaN( y ) ) && ! Double.isNaN( y ) || x == y ;
if( Double.isNaN( x ) && Double.isNaN( y ) ) { return false ; } return x == y ;
if( x == y ) { return true ; }  return( Double.isNaN( x ) && x == y ) || x == y ;
return( x == y && Double.isNaN( x ) && Double.isNaN( y ) ) ||( x == y ) ;
return( Double.isNaN( x ) && x == y ) ||( x == y ) ||( y > y ) ;
return( x == y && Double.isNaN( y ) && Double.isNaN( y ) ) ||( x == y ) ;
return( Double.isNaN( x ) && Double.isNaN( y ) && x == y ) || x == y ;
return(( Double.isNaN( x ) && x == y ) || x == y ) || x == y ;
return( Double.isNaN( x ) && x == y ) ||( y == y ) &&( x == y ) ;
return( x == y && Double.isNaN( x ) && Double.isNaN( y ) ) || x == y ;
return( Double.isNaN( x ) && Double.isNaN( y ) &&( y == y ) ) ||( x == y ) ;
return(( Double.isNaN( x ) || Double.isNaN( y ) ) && x == y ) || x == y ;
return(( Double.isNaN( x ) && x == y ) && x == y ) ||( x == y ) ;
if( Double.isNaN( x ) ) { return false ; }  return( Double.isNaN( x ) ) || x == y ;
return(( Double.isNaN( x ) && x == y ) ||( x == y ) ) || x == y ;
return( Double.isNaN( x ) && x == y ) ||( x == y ) || x == y ;
return( Double.isNaN( x ) && Double.isNaN( y ) &&( y == y ) ) || x == y ;
return( Double.isNaN( x ) && x == y ) ||( x == y ) ||( x == y ) ;
if( x == y ) { return x == y ; } else {  return( x == y ) || x == y ; }
return(( Double.isNaN( x ) ) &&( x == y ) ) ||( x == y ) ;
return( Double.isNaN( x ) && Double.isNaN( y ) &&( x == y ) ) || x == y ;
if( x == y ) { return true ; } else {  return( x == y ) || x == y ; }
return( Double.isNaN( x ) && x == y ) ||( x == y ) && x == y ;
if( Double.isNaN( x ) ) { return x == y ; } else { return x == y ; }
return( Double.isNaN( y ) && Double.isNaN( y ) && x == y ) || x == y ;
if( x == y ) return x == y ; else return Double.isNaN( x ) && x == y ;
return( Double.isNaN( x ) && x == y ) ||( x == y ) ;
if( x == x ) return x == y ;  return( x == y ) ||( y == y ) ;
if( x == y ) return true ;  return( x == y ) &&( y == y ) ;
if( x == y ) return true ;  return( x == y ) ||( x == y ) ;
return( Double.isNaN( x ) ^ Double.isNaN( y ) ) || x == y ;
return( Double.isNaN( x ) && Double.valueOf( y ).doubleValue( ) == y ) || x == y ;
return( Double.isNaN( y ) && Double.isNaN( x ) && x == y ) || x == y ;
return( x == y ) && Double.isNaN( x ) && Double.isNaN( y ) || x == y ;
return( Double.isNaN( x ) && Double.isNaN( y ) ) ? x == y : x == y ;
return ! Double.isNaN( x ) && Double.isNaN( y ) || x == y ;
return( Double.isNaN( x ) && ! Double.isNaN( y ) ) || x == y ;
return( Double.isNaN( '0') && Double.isNaN( y ) ) || x == y ;
if( x == y ) return x == y ; else  return( x == y ) || x == y ;
return( x == y ) && Double.isNaN( x ) || x == y ;
return( Double.isNaN( x ) ? x == x : Double.isNaN( y ) ) || x == y ;
return( Double.isNaN( x ) ? x == y : Double.isNaN( y ) ) || x == y ;
if( x == y ) return true ; if( x == y ) return true ; return x == y ;
return( x == y && Double.isNaN( y ) && Double.isNaN( y ) ) || x == y ;
if( Double.isNaN( x ) && Double.isNaN( y ) ) return false ; return x == y ;
if( x == y ) { return true ; }  return( x == y ) || x == y ;
return( Double.isNaN( x ) && Double.isNaN( y ) && x == x ) || x == y ;
return( Double.isNaN( x ) && Double.isNaN( y ) && false ) || x == y ;
return( ! Double.isNaN( x ) && Double.isNaN( y ) ) || x == y ;
return( x == y ) ? x == y : x == y ? x == y : x == y ;
return( Double.isNaN( x ) && Double.isNaN( x ) && x == y ) || x == y ;
return( x == y ) &&( y == y ) ;
return( Double.isNaN( x ) & Double.isNaN( y ) && x == y ) || x == y ;
return( x == x && Double.isNaN( y ) && Double.isNaN( y ) ) || x == y ;
return(( Double.isNaN( x ) && x == y ) || x == y ) ;
if( x == y ) { return true ; }  return( x == y ) && x == y ;
return( x == x ) && Double.isNaN( y ) || x == y ;
return(( Double.isNaN( x ) ) &&( x == y ) ) || x == y ;
return( x == y ) ||( x == y ) ;
return( Double.isNaN( x ) && y == y ) ||( x == y ) ;
if( x == y ) return true ; if( y ==0) return false ; return x == y ;
boolean value = Double.isNaN( x ) || Double.isNaN( y ) ; return x == y ;
if( x == y ) return true ;  return( Double.isNaN( x ) && x == y ) ;
return( x == y ) &&( y == y ) ||( x == y ) ;
if( x == y ) return true ; return Double.isNaN( x ) && x == y ;
return x == y && Double.isNaN( x ) && Double.isNaN( y ) || x == y ;
return(( Double.isNaN( x ) ) && x == y ) || x == y ;
return( x == x && Double.isNaN( x ) && Double.isNaN( y ) ) || x == y ;
return( ! Double.isNaN( x ) && Double.isNaN( x ) ) || x == y ;
return( Double.isNaN( x ) &&( x == y ) ) || x == y ;
return(( Double.isNaN( x ) && x == y ) ||( x == y ) ) ;
return(( x == y ) && Double.isNaN( y ) ) || x == y ;
return(( Double.isNaN( x ) && x == y ) ) || x == y ;
return( Double.isNaN( x ) &&( y == y ) ) ||( x == y ) ;
return( x == y && Double.isNaN( x ) ) || x == y ;
return(( Double.isNaN( x ) && x == y ) ) ||( x == y ) ;
return( Double.isNaN( x ) && x == y ) || x == y && x == y ;
boolean value = Double.isNaN( x ) && Double.isNaN( y ) ; return x == y ;
return( Double.isNaN( x ) && x == y && x == y ) || x == y ;
return( x == y && Double.isNaN( x ) && x == y ) || x == y ;
return x == x && y == y && Double.isNaN( x ) || x == y ;
return( x == x && y == y && Double.isNaN( x ) ) || x == y ;
return( x == y ) && Double.isNaN( y ) || x == y ;
return( x == x && y == y && Double.isNaN( y ) ) || x == y ;
if( x == y ) { return true ; } return Double.isNaN( x ) && x == y ;
return( Double.isNaN( x ) ? x == y : x == y ) || x == y ;
return(( x < x ) && Double.isNaN( y ) ) || x == y ;
return( Double.isNaN( x ) && x == Double.MIN_VALUE ) || x == y ;
return( x == y && Double.isNaN( y ) ) ||( x == y ) ;
return(( Double.isNaN( x ) ) && x == y ) ||( x == y ) ;
return( x == x && Double.isNaN( y ) ) ||( x == y ) ;
return( Double.isNaN( x ) && x == y ) || x == y && y == y ;
return( x == y && Double.isNaN( y ) ) || x == y ;
return(( x == y ) && Double.isNaN( x ) ) || x == y ;
return( x == y ) || Double.isNaN( x ) && x == y ;
return( Double.isNaN( x ) &&( x == y ) ) ||( x == y ) ;
return( x == y && ! Double.isNaN( y ) ) ||( x == y ) ;
return( Double.isNaN( x ) && x >= y ) || x == y ;
if( x == y ) return true ;  return( x == y ) || x == y ;
return( Double.isNaN( y ) && x == y ) ||( x == y ) ;
return( Double.isNaN( y ) && x == y ) || x == y ;
return(( x >= x ) && Double.isNaN( y ) ) || x == y ;
return( Double.isNaN( x ) && x < y ) || x == y ;
return( x == y ) || Double.isNaN( y ) && x == y ;
return(( x == y ) &&( y == y ) ) ||( x == y ) ;
return( Double.isNaN( x ) &&( y == y ) ) || x == y ;
return(( x == x ) && Double.isNaN( y ) ) || x == y ;
return(( Double.isNaN( x ) || x == y ) && x == y ) ;
return( x == x ) && Double.isNaN( x ) || x == y ;
return(( x > x ) && Double.isNaN( y ) ) || x == y ;
return( Double.isNaN( y ) &&( x == y ) ) || x == y ;
return( x == x && Double.isNaN( y ) ) || x == y ;
return( Double.isNaN( x ) && x == x ) || x == y ;
if( Double.isNaN( x ) ) return x == y ; return x == y ;
return( Double.isNaN( x ) &&( x == y ) || x == y ) ;
if( Double.isNaN( x ) ) return x == y ; else return x == y ;
return( Double.isNaN( x ) ) ? x == y : x == y ;
return( x == y && ! Double.isNaN( x ) ) || x == y ;
return(( x < x ) &&( y == y ) ) ||( x == y ) ;
return( x == y ) &&( x == y ) ;
return( x == y ) ||( y == y ) &&( x == y ) ;
return( x == x ) ?( x == y ) :( y == y ) ;
return( Double.isNaN( x ) ? x == y : x == y ) ;
return( x == y ) ? x == y : x == y ;
return( x == y ) ?( x == y ) :( x == y ) ;
return( x >= x ) && Double.isNaN( y ) || x == y ;
if( x == y ) { return x == y ; } else { return x == y ; }
return(( x < x ) &&( y == y ) ) || x == y ;
return( Double.isNaN( x ) && x == y || x == y ) ;
return( Double.isNaN( x ) && x > y ) || x == y ;
return x == y ? true : Double.isNaN( x ) && x == y ;
return( x == y || Double.isNaN( y ) && x == y ) ;
if( x == y ) return true ;  return( x == y ) ;
if( x == y ) return true ;  return( x == y ) && x == y ;
if( Double.isNaN( x ) ) { return false ; } return x == y ;
return( x == y ) ||( x == y ) ||( x == y ) ;
return( Double.isNaN( x ) || x == y ) && x == y ;
return x == x && y == y && x == y ;
return(( x == x ) &&( y == y ) ) &&( x == y ) ;
return x == y && Double.isNaN( x ) || x == y ;
if( x == y ) return x == y ; return x == y ;
return( x == x || y == y ) &&( x == y ) ;
return x == x && y == y && x == y && y == y ;
return(( x > x ) &&( y == y ) ) ||( x == y ) ;
return( x == x && y == y ) &&( x == y ) ;
return( Double.isNaN( x ) && x <= y ) || x == y ;
return( x == y && x == y ) || x == y ;
return( x == y ) ||( x == y ) &&( y == y ) ;
if( x == y ) return x == y ; else return x == y ;
return( x == y &&( y == y ) ) ||( x == y ) ;
return( x == x ) &&( y == y ) &&( x == y ) ;
if( x == y ) return true ; return x == y ;
return( x == y ) ||( y == x ) ||( x == y ) ;
if( x == y ) return x == y ; else { return x == y ; }
