return locale == null ? false : Locale.getDefault( ).equals( locale ) ;
return locale != null && locale.equals( Locale.getDefault( ) ) ;
return cAvailableLocaleSet.containsKey( locale ) ;
return locale == null ? true : cAvailableLocaleSet.contains( locale ) ;
return( locale == null ) && cAvailableLocaleSet.contains( locale ) ;
return locale != null && Locale.getDefault( ).equals( locale ) ;
return( locale == null || locale.equals( Locale.getDefault( ) ) ) ;
return locale != null ? cAvailableLocaleSet.contains( locale ) : false ;
return( locale == null ) ? false : locale.equals( locale ) ;
return locale != null && Locale.getDefault( ) == Locale.getDefault( ) ;
return( locale != null ) ? locale.equals( locale ) : false ;
return Locale.getDefault( ).equals( Locale.getDefault( ) ) ;
if( locale == null ) throw new NullPointerException( ) ; return false ;
return locale == null ? true : locale.equals( Locale.getDefault( ) ) ;
return locale != null ? locale.equals( Locale.getDefault( ) ) : false ;
return locale == null || Locale.getDefault( ).equals( locale ) ;
return cAvailableLocaleSet.contains( locale ) ? true ? false : false ;
if( Locale.getDefault( ).equals( locale ) ) return true ; return false ;
if( locale == null ) throw new NullPointerException( ) ; return true ;
return( locale != null ) || cAvailableLocaleSet.contains( locale ) ;
return( locale == null || Locale.getDefault( ).equals( locale ) ) ;
return( cAvailableLocaleSet.contains( locale ) ) ? false : false ;
if( locale != null ) return locale.equals( locale ) ; else return false ;
if( locale == null || locale.equals( '') ) { return false ; } return false ;
return locale != null && locale.startsWith( Locale.getDefault( ) ) ;
return( locale != null ) && locale.equals( Locale.getDefault( ) ) ;
if( locale.equals( Locale.getDefault( ) ) ) return true ; return false ;
if( locale == null ) { return false ; } else { return false ; }
return locale != null && Locale.getDefault( ) != null ;
return ! Locale.getDefault( ).equals( Locale.getDefault( ) ) ;
if( locale == null ) return false ; return locale.equals( locale ) ;
if( locale == null ) { return false ; } return false ;
return locale != null && Locale.getDefault( ) == locale.getDefault( ) ;
return( cAvailableLocaleSet.contains( locale ) || locale == null ) ;
return( locale == null ) || locale.equals( Locale.getDefault( ) ) ;
if( locale == null ) { throw new NullPointerException( ) ; } return false ;
return locale.equals( '') && cAvailableLocaleSet.contains( locale ) ;
if( locale == null ) return false ; return true ;
if( locale == null ) throw new NullPointerException( ) ; else return false ;
return( locale != null && locale.equals( Locale.getDefault( ) ) ) ;
return( locale == null ) ? true : locale.equals( locale ) ;
return locale == null ? true : Locale.getDefault( ).equals( locale ) ;
if( locale == null ) { return false ; } return true ;
return getDefault( ).isAvailableLocale( locale ) ;
return( locale == null ) || Locale.getDefault( ).equals( locale ) ;
return Locale.getDefault( ) != null && Locale.getDefault( ) != null ;
return locale == null && cAvailableLocaleSet.contains( locale ) ;
if( locale == null || locale.equals( locale ) ) return true ; return false ;
if( locale == null ) throw new NullPointerException( ) ; else return true ;
return( locale != null ) && Locale.getDefault( ).equals( locale ) ;
return locale == null ? false : locale.contains( Locale.getDefault( ) ) ;
return locale != null : ! cAvailableLocaleSet.contains( locale ) ;
return( locale == null ) && Locale.getDefault( ).equals( locale ) ;
return locale == null ? cAvailableLocaleSet.contains( locale ) : true ;
if( locale == null ) { throw new NullPointerException( ) ; } return true ;
return locale == null ? false : locale.equals( locale ) ;
return( locale == null && cAvailableLocaleSet.contains( locale ) ) ;
if( locale == null ) return false ; return false ;
if( locale == null ) return false ; else return locale.equals( locale ) ;
return locale != null ? cAvailableLocaleSet.contains( locale ) : locale ;
return Locale.getDefault( ) != null && locale.equals( locale ) ;
if( locale == null ) { return true ; } else { return false ; }
if( locale == null ) { return false ; } return locale.equals( locale ) ;
return locale != null ? locale.equals( Locale.getDefault( ) ) : true ;
return locale != null && Locale.getDefault( ) != Locale.getDefault( ) ;
return( locale != null && Locale.getDefault( ).equals( locale ) ) ;
if( Locale.getDefault( ).equals( locale ) ) return true ; return true ;
return locale == null ? cAvailableLocaleSet.contains( locale ) : false ;
return locale != null && locale.trim( ).length( ) >0;
return locale != null && ! locale.equals( Locale.getDefault( ) ) ;
if( locale != null ) return locale.contains( locale ) ; else return false ;
return( locale == null || locale.equals( locale ) ) ;
if( locale != null ) return locale.equals( locale ) ; return false ;
if( locale != null ) { return false ; } else { return false ; }
return cAvailableLocaleSet.contains( locale ).get( '') ;
return cAvailableLocaleSet.contains( locale ) : null ;
if( locale == null ) { return false ; } else { return true ; }
return Locale.getDefault( ) != null || Locale.getDefault( ) != null ;
return locale != null && ! Locale.getDefault( ).equals( locale ) ;
return Locale.getDefault( ) != null && locale.equals( '') ;
if( locale != null ) return locale.equals( locale ) ; else return true ;
if( locale == null || locale.equals( locale ) ) return true ; return true ;
return locale != null && Locale.getDefault( ) != locale.getDefault( ) ;
return( locale == null ) && ! cAvailableLocaleSet.contains( locale ) ;
return cAvailableLocaleSet.contains( Locale.getDefault( ) ) ) ;
return( locale != null || cAvailableLocaleSet.contains( locale ) ) ;
return cAvailableLocaleSet.contains( locale ).booleanValue( ) ;
synchronized( locale ) { return cAvailableLocaleSet.contains( locale ) ;
if( locale != null ) return cAvailableLocaleSet.contains( locale ) ; }
return locale == null ? locale : Locale.getDefault( ).equals( locale ) ;
return( Locale.getDefault( ) == Locale.getDefault( ) ) ;
return locale == null || cAvailableLocaleSet.contains( locale ) ;
return(( locale != null ) || cAvailableLocaleSet.contains( locale ) ) ;
return locale.equals( Locale.getDefault( ) ) || locale.equals( locale ) ;
if( locale == null ) return false ; else return false ;
if( cAvailableLocaleSet != null ) { return locale.contains( locale ) ; }
return locale.contains( locale ) || cAvailableLocaleSet.contains( locale ) ;
return( cAvailableLocaleSet.contains( locale ) , locale ) ;
if( locale == null ) return locale.equals( locale ) ; else return false ;
return locale != null || locale.equals( Locale.getDefault( ) ) ;
return( locale == null ) && Locale.getDefault( ) != null ;
if( locale != null ) return locale.equals( locale ) ; return true ;
return cAvailableLocaleSet.contains( locale ) == null ;
return cAvailableLocaleSet.contains( locale ).contains( ) ;
if( locale == null ) return true ; else return locale.equals( '') ;
if( locale == null ) return true ; return locale.equals( locale ) ;
return locale == null ? false : locale.equals( cAvailableLocaleSet ) ;
return(( locale == null ) || cAvailableLocaleSet.contains( locale ) ) ;
return cAvailableLocaleSet.contains( locale ) && locale != null ;
return Locale.getDefault( ) != null && Locale.getDefault( ) == locale ;
return( locale == null || Locale.getDefault( ) == null ) ;
return locale == null || Locale.getDefault( ) != null ;
return( cAvailableLocaleSet.contains( Locale.get( locale ) ) ) ;
return cAvailableLocaleSet.contains( locale ) ? true : != null ;
return(( locale != null ) && cAvailableLocaleSet.contains( locale ) ) ;
return Locale.getDefault( ) != null && locale.startsWith( '') ;
else if( locale != null ) return cAvailableLocaleSet.contains( locale ) ;
return locale == null && ! cAvailableLocaleSet.contains( locale ) ;
return locale != null && Locale.getDefault( ) == locale ;
return locale == null || Locale.getDefault( ) == null ;
return locale.equals( Locale.getDefault( ) ) && locale.equals( locale ) ;
if( locale == null ) return true ; else return locale.equals( locale ) ;
return locale == null || Locale.getDefault( ).equals( Locale.US ) ;
return locale == null ? false : locale.booleanValue( ) ;
return locale != null ? locale.equals( locale ) : false ;
return cAvailableLocaleSet.contains( locale ) ? '': null ;
if( locale != null ) return locale.equals( Locale.getDefault( ) ) ;
return locale != null || cAvailableLocaleSet.contains( locale ) ;
return cAvailableLocaleSet.contains( locale ) ? true : ? false ;
return( locale instanceof Locale ) || cAvailableLocaleSet.contains( locale ) ;
return( cAvailableLocaleSet.get( locale ) ).equals( locale ) ;
if( Locale.isEmpty( locale ) ) return true ; else return true ;
if( locale == null ) { return true ; } else { return true ; }
if( locale == null ) return false ; return Locale.getDefault( ) != null ;
if( locale == null ) return true ; return false ;
return Locale.getDefault( ) == null || Locale.getDefault( ) != null ;
return Locale.getDefault( ).equals( locale ) ;
return(( Locale ) locale ).equals( Locale.getDefault( ) ) ;
return Locale.getDefault( ).getDefault( ).equals( locale ) ;
if( locale == null ) return true ; else return false ;
return( locale instanceof Locale ) && cAvailableLocaleSet.contains( locale ) ;
if( locale == null ) return false ; else return true ;
return locale == null ? cAvailableLocaleSet : locale.contains( locale ) ;
return cAvailableLocaleSet.contains( locale ) || locale.equals( false ) ;
if( locale == null ) return true ; return true ;
return Locale.getDefault( ) == locale && Locale.getDefault( ) != null ;
if( Locale.getDefault( ) == null ) return false ; return true ;
if( locale != null ) { return locale.equals( locale ) ; } return false ;
return locale == null ? false : locale.equals( Locale.US ) ;
if( locale.equals( locale ) ) { return false ; } else { return false ; }
if( locale == null ) return cAvailableLocaleSet ; return false ;
if( locale != null ) return cAvailableLocaleSet.contains( locale ) ; else }
return cAvailableLocaleSet.contains( locale ) ? true : '';
if( locale == null ) return false ; else  return( locale.equals( locale ) ) ;
return locale.equals( Locale.getDefault( ) ) ;
return Locale.getDefault( ) != null && locale.contains( locale ) ;
if( locale == null ) return false ; return locale.contains( locale ) ;
return( locale != null ) ? locale.startsWith( '') : locale ;
if( locale == null ) return false ; return cAvailableLocaleSet.contains( locale ;
if( cAvailableLocaleSet.contains( locale ) ) return false ; return
return Locale.getDefault( ) == Locale.equals( Locale.getDefault( ) ) ;
if( locale != null ) return cAvailableLocaleSet.contains( locale ) ) ;
return getProperty( Locale.getDefault( ) ).equals( locale ) ;
return cAvailableLocaleSet.contains( locale ) ? '': ''? $STRING$
return Locale.getDefault( ) != null ;
return cAvailableLocaleList.contains( Locale.getDefault( ) ) ;
return Locale.getDefault( ).equals( locale.toString( ) ) ;
if( locale == null ) return false ; return cAvailableLocaleSet != null ;
return cAvailableLocaleSet.contains( locale.getId( ) ) ;
return locale.equals( Locale.getDefault( ) ) ? true : false ;
if( locale == null ) { return true ; } return false ;
return isAvailableLocale( Locale.getValue( '') , locale ) ;
return( locale != null ) ? locale.equals( locale ) : true ;
if( cAvailableLocaleSet == null ) { return false ; } return false ;
return Locale.getDefault( ) == null && Locale.getDefault( ) == null ;
if( locale != null ) { return locale.equals( locale ) ; } return true ;
return Locale.getDefault( ) != null && locale.getDefault( ) != null ;
if( locale != null && locale.equals( locale ) ) return false ; else return false ;
return Locale.getDefault( ) != null || Locale.getDefault( ) == locale ;
if( locale != null && locale.equals( locale ) ) return true ; else return false ;
return locale == null && Locale.getDefault( ) != null ;
return !( Locale.getDefault( ).equals( locale ) ) ;
return cAvailableLocaleSet.contains( locale ) || locale.contains( false ) ;
if( locale != null ) return cAvailableLocaleSet != null ; return false ;
return Locale.getDefault( ) == locale || Locale.getDefault( ) != null ;
return( cAvailableLocaleSet.contains( locale ) ) ? '': '';
return( locale == null || Locale.getDefault( ) != locale ) ;
return cAvailableLocaleSet != null ? locale.contains( locale ) : false ;
if( locale == null ) return true ; else return true ;
if( locale != null ) { return true ; } else { return false ; }
return locale.getDefault( ).equals( Locale.getDefault( ) ) ;
if( locale != null ) return locale.contains( locale ) ; else return true ;
return cAvailableLocaleSet.contains( locale ) || Locale.matches( locale ) ;
return locale == null ? true : locale.equals( locale ) ;
if( locale == null ) return false ; return cAvailableLocaleSet == null ;
return( locale == null || locale.equals( Locale.US ) ) ;
Locale locale = cAvailableLocaleSet.get( locale ) ; return false ;
return Locale.getDefault( ) == null || Locale.getDefault( ) == null ;
return isAvailableLocale( locale , '', '', false ) ;
return( cAvailableLocaleSet.contains( locale ) + '') ;
if( locale == null ) { return true ; } return true ;
if( locale == null ) return isAvailableLocale( locale ) ; else return true ;
Locale locale = cAvailableLocaleSet.get( locale ) ; return locale == null ;
if( ! isAvailableLocale( locale ) ) { return false ; } return true ;
return locale.equals( Locale.getDefault( ) ) ? false : false ;
return Locale.getDefault( ) == locale && Locale.getDefault( ) == locale ;
return cAvailableLocaleSet.contains( new Locale( locale ) ) ; }
return( ! Locale.getDefault( ).equals( locale ) ) ;
return cAvailableLocaleSet == null && Locale.getDefault( ) != null ;
return( cAvailableLocaleSet.contains( locale ) , '') ;
return contains( locale ) && isAvailableLocale( locale ) ;
return cAvailableLocaleSet.contains( locale ).contains( this ) ;
return Locale.getDefault( ) == null && Locale.getDefault( ) == locale ;
if( locale == null ) { return false ; } return locale.contains( locale ) ;
return Locale.getDefault( ) != null || cAvailableLocaleSet == null ;
return( Locale.getDefault( ) != Locale.getDefault( ) ) ;
return cAvailableLocaleSet != null ? locale.equals( locale ) : false ;
return locale == null && Locale.getDefault( ) == null ;
return( locale == null && cAvailableLocaleSet != null ) ;
return Locale.getDefault( ) != null || cAvailableLocaleSet != null ;
if( isAvailableLocale( locale ) ) { return true ; } return false ;
return Locale.getDefault( ) != null || Locale.getDefault( ) == null ;
return locale != null && locale.trim( ).equals( '') ;
if( locale != null ) ; return Locale.getDefault( ) != null ;
if( locale == null ) ! cAvailableLocaleSet.contains( locale ) ;
return cAvailableLocaleSet.contains( locale ) ) ? true : false ;
return cAvailableLocaleSet.contains( locale ).contains( locale )
return locale.getDefault( ) == null && Locale.getDefault( ) != null ;
return Locale.getDefault( ) != null && Locale.getDefault( ) !=0;
return locale.getDefault( ) != null && locale.getDefault( ) != null ;
return cAvailableLocaleSet.contains( locale.toLocale( ) ) ;
return( ! locale.equals( Locale.getDefault( ) ) ) ;
return Locale.getDefault( ) == locale || Locale.getDefault( ) == locale ;
return cAvailableLocaleSet.contains( locale.getParent( ) ) ;
return locale != null && locale.equals( cAvailableLocaleSet ) ;
return Locale.getDefault( ) != null && Locale.getDefault( ) == null ;
return getDefault( ).contains( Locale.getDefault( ) ) ;
return Locale.getDefault( ) != null && cAvailableLocaleSet != null ;
return Locale.getDefault( ) != null && cAvailableLocaleSet == null ;
if( cAvailableLocaleSet == null ) return false ; return false ;
return cAvailableLocaleSet.contains( locale ) & locale ;
return 2? cAvailableLocaleSet.contains( locale ) : -1;
if( locale.equals( locale ) ) return true ; return false ;
return locale.toString( ).equals( Locale.getDefault( ) ) ;
return locale != null && Locale.getDefault( ) != locale ;
if( locale == null ) { throw new NullPointerException( '') ;
return null == locale && cAvailableLocaleSet.contains( locale ) ;
return( locale == null && isAvailableLocale( locale ) ) ;
if( cAvailableLocaleSet.contains( locale ) ) { return 2; }
if( locale == null ) { return false ; } else return false ;
if( locale == null ) { return false ; } else return true ;
return cAvailableLocaleList.contains( locale ) ;
return(( locale == null ) &&( locale == null ) ) ;
return( locale != null ) && locale.equals( locale ) ;
return(( locale == null ) &&( locale != null ) ) ;
return( locale.toString( ).length( ) !=0) ;
if( locale.equals( Locale.getDefault( ) ) ) { return false ; }
return(( locale != null ) &&( locale != null ) ) ;
return(( locale != null ) &&( locale == null ) ) ;
return Locale.getDefault( ).equals( cAvailableLocaleSet ) ;
return( locale != null ) &&( locale != null ) ;
try { return cAvailableLocaleSet.contains( locale ) ; } catch( return
return( cAvailableLocaleSet.contains( locale ) + false ) ;
return( locale == null || cAvailableLocaleSet != null ) ;
return cAvailableLocaleSet.contains( locale ).contains( false ) ;
if( locale == null ) return cAvailableLocaleSet.contains( locale ;
return ! cAvailableLocaleSet.contains( locale ) ; else return false ;
return cAvailableLocaleSet.indexOf( locale ) != -1;
return( locale == null ) || locale.equals( locale ) ;
return cAvailableLocaleSet.contains( locale ) ? !( locale != null
return( locale == null && Locale.getDefault( ) != null ) ;
return( locale.toString( ).length( ) ==0) ;
if( cAvailableLocaleSet.contains( locale ) ) return false ; else ;
return cAvailableLocaleSet.contains( locale ) ? true : ) ;
return Locale.getDefault( ) == locale ;
return( locale != null ) ||( locale != null ) ;
return( locale != null && cAvailableLocaleSet != null ) ;
return Locale.getDefault( ).getDefault( ) != null ;
if( locale != null ) return cAvailableLocaleSet.contains( locale ) !=
return( locale == null && cAvailableLocaleSet == null ) ;
return cAvailableLocaleSet != null &&( locale != null ) ;
if( locale != null ) { return false ; } return false ;
return( locale != null && locale.equals( locale ) ) ;
return ! locale.equals( Locale.getDefault( ) ) ;
if( locale != null ) { return true ; } return false ;
return( locale == null && locale.equals( locale ) ) ;
return locale.getDefault( ).equals( locale.getDefault( ) ) ;
return super.cAvailableLocaleSet.contains( locale ) ;
if( cAvailableLocaleSet.contains( locale ) ) { return 1; }
return cAvailableLocaleSet.contains( locale.getModifiers( ) ) ;
return locale == null || locale.equals( cAvailableLocaleSet ) ;
return getInstance( ).cAvailableLocaleSet.contains( locale ) ;
return( locale == null ) ||( locale != null ) ;
if( Locale != null ) return cAvailableLocaleSet.contains( locale ) ; return
return( locale == null ) ||( locale == null ) ;
return cAvailableLocaleSet.get( locale ).contains( '') ;
if( locale == null || locale.equals( Locale.US ) ) return false ;
return Locale.getDefault( ).equals( Locale.US ) ;
return cAvailableLocaleSet == null && cAvailableLocaleSet != null ;
return cAvailableLocaleSet.trim( ).size( ) !=0;
return( locale != null ) ||( locale == null ) ;
if( cAvailableLocaleSet == null ) { return true ; }
return( locale != null ) &&( locale == null ) ;
if( locale == null || locale.equals( locale ) ) return false ;
return Locale.getDefault( ).equals( locale.getDefault( ) ) ;
return ! cAvailableLocaleSet.values( ).contains( locale ) ;
return ! cAvailableLocaleSet.size( ).contains( locale ) ;
return cAvailableLocaleSet.contains( locale ) && locale == true ;
if( ! cAvailableLocaleSet.equals( locale ) ) { return false ;
return( Locale.getDefault( ) ).equals( locale ) ;
return cAvailableLocaleSet != null ||( locale != null ) ;
return( cAvailableLocaleSet.contains( locale ) ) false ;
return locale != null && locale.equals( locale ) ;
if( cAvailableLocaleSet.equals( locale ) ) { return ) ; }
return locale.equals( cAvailableLocaleSet ) ;
return cAvailableLocaleSet.trim( ).equals( locale ) ;
return cAvailableLocaleSet.contains( locale ) != null : false ;
return null != locale || cAvailableLocaleSet.contains( locale ) ;
return( Locale.getDefault( ).equals( locale ) ) ;
Locale locale = Locale.getDefault( ) ; if( locale == null ) {
return cAvailableLocaleSet != null && locale.equals( locale ) ;
if( locale != null ) { return cAvailableLocaleSet.get( locale ) ;
return cAvailableLocaleSet.contains( locale ) : null
return cAvailableLocaleSet.Set( locale ).equals( '') ;
return cAvailableLocaleSet.get( locale ).size( ) ==1;
return Locale.getDefault( ) != Locale.getDefault( ) ;
return isAvailableLocale( Locale.toString( locale ) ) ;
return cAvailableLocaleSet == null && cAvailableLocaleSet == null ;
return isAvailableLocale( isAvailableLocale( locale ) ) ;
return cAvailableLocaleSet == null || cAvailableLocaleSet != null ;
return Boolean.valueOf( cAvailableLocaleSet.get( locale ) ).
return cAvailableLocaleSet.contains( locale ) [2] ;
return cAvailableLocaleSet.contains( locale ) / false ;
return cAvailableLocaleSet.contains( locale ) ?2: false ;
if( cAvailableLocaleSet.contains( locale ) && locale != null )
return( locale == null ) &&( locale == null ) ;
if( locale == null ) return locale.trim( ).equals( '') ;
return cAvailableLocaleSet.get( locale ) ).equals( '') ;
return locale != null ? locale.equals( locale ) : true ;
return ! cAvailableLocaleSet.length( ).contains( locale ) ;
return locale != null && ! locale.equals( locale ) ;
return Locale.getDefault( ) == locale.getDefault( ) ;
return Locale.getDefault( ).toString( ).equals( locale ) ;
return cAvailableLocaleSet == null ;
return( locale == null ) &&( locale != null ) ;
return( cAvailableLocaleSet != null ) ;
return contains( locale ) || locale.contains( locale ) ;
return cAvailableLocaleSet.contains( locale ) && locale == '';
return( locale != null || locale.equals( locale ) ) ;
return cAvailableLocaleSet == null || cAvailableLocaleSet == null ;
return cAvailableLocaleSet.get( locale ) !=
return( locale != null ) ? true : false ;
return cAvailableLocaleSet.contains( locale ) ? false *0? false
return cAvailableLocaleSet.isDefined( locale ) ;
if( locale != null ) return true ; return false ;
return( locale.equals( Locale.getDefault( ) ) ) ;
return( cAvailableLocaleSet.contains( locale )2) ;
return cAvailableLocaleSet.contains( locale.add( '') ) ;
if( cAvailableLocaleSet.contains( locale ) ) return true ; }
return cAvailableLocaleSet != null || cAvailableLocaleSet != null ;
return(( Locale ) locale ).equals( locale ) ;
return cAvailableLocaleSet != null && cAvailableLocaleSet != null ;
return cAvailableLocaleSet.containsKey( locale ) : false ;
return cAvailableLocaleSet.contains( locale ) > true ;
if( locale == null ) return true ; return locale.;
return Locale.getDefault( ).getDefault( ) == locale ;
return false ? cAvailableLocaleSet.contains( locale ) : false ;
return ! cAvailableLocaleList.contains( locale ) ;
return cAvailableLocaleSet.contains( locale ) return false ;
return false && cAvailableLocaleSet.contains( locale ) ;
if( locale instanceof Locale ) return true ; return false ;
return cAvailableLocaleSet.contains( locale ).contains( '')
if( locale instanceof Locale ) return cAvailableLocaleSet.contains( locale ) ; return
return cAvailableLocaleSet == cAvailableLocaleSet ;
return cAvailableLocaleSet != null || cAvailableLocaleSet == null ;
return cAvailableLocaleSet != null && cAvailableLocaleSet == null ;
return cAvailableLocaleSet.containsKey( key ) ;
return( Locale.getDefault( ).equals( Locale.US ) ) ;
return cAvailableLocaleSet.trim( ).contains( locale ) ;
return cAvailableLocaleSet.contains( locale ) || locale.next( ) ;
Locale locale = cAvailableLocaleSet.contains( locale false )
return ! Locale.getDefault( ).equals( locale ) ;
return( Locale.getDefault( ) != null ) ;
return locale == null || locale.equals( locale ) ;
return( Locale.getDefault( ) == locale ) ;
return cAvailableLocaleSet == null && locale.equals( locale ) ;
if( locale instanceof Locale ) return false ; return false ;
return locale.toString( ).length( ) >0;
return cAvailableLocaleSet != null || locale.equals( locale ) ;
return locale != null && locale.equalsIgnoreCase( locale ) ;
if( cAvailableLocaleSet.equals( locale ) ) { return true ;
return Locale.getDefault( ) == null ;
return locale != null ? locale != null : true ;
return Locale.getDefault( ).equals( Locale.ENGLISH ) ;
/ *; return cAvailableLocaleSet.contains( locale ) ;
return locale.cAvailableLocaleSet( ).equals( locale ) ;
return Locale.getDefault( ).toString( ) != null ;
return locale != null || locale.size( ) >0;
return( locale == null ) ? true : false ;
return cAvailableLocaleSet != null ;
return cAvailableLocaleSet.contains( locale ) || true ; }
if( locale == null ) return ; return false ;
return cAvailableLocaleSet.contains( locale || locale == null )
return locale.getDefault( ).equals( Locale.US ) ;
return false ? cAvailableLocaleSet.contains( locale ) : true ;
return cAvailableLocaleSet.contains( locale '')
if( cAvailableLocaleSet.contains( locale ) ) return null
return( locale == null ) ? true : true ;
return locale != null && locale.equals( Locale.US ) ;
return( locale != null ) ;
return( locale instanceof Locale ) ? true : false ;
return locale.toString( ).equals( locale ) ;
return in.cAvailableLocaleSet.contains( locale ) ;
return Locale.getDefault( ).getDefault( ) == null ;
return( locale == null ) ? false : true ;
return( locale == null ) ? false : false ;
return cAvailableLocaleSet.size( ) ==0) ;
return cAvailableLocaleSet != cAvailableLocaleSet ;
return locale == null || locale.equals( Locale.US ) ;
return( locale == null && locale == null ) ;
return( cAvailableLocaleList.contains( locale ) ) ;
return locale == null && isAvailableLocale( locale ) ;
return locale != null ? locale != null : false ;
return Locale.getDefault( ) == Locale.isEmpty( ) ;
return locale.toString( ).length( ) !=0;
return( locale != null ) ? false : false ;
return isAvailableLocale( locale , false , true ) ;
return locale.toString( ).equals( '') ;
return locale != null && cAvailableLocaleSet != null ;
return cAvailableLocaleSet.length = locale.equals( '') ;
return cAvailableLocaleSet.contains( locale + locale ) ;
return locale == Locale.getDefault( ) ;
return( locale == null ) && locale != null ;
return locale.getDefault( ).equals( locale ) ;
return ) return cAvailableLocaleSet.contains( locale ) ;
return locale == null &&( locale != null ) ;
return locale != null &&( locale != null ) ;
return cAvailableLocaleSet.contains( Locale )
return locale.equals( locale.toString( ) ) ;
return locale.containsKey( locale ) ;
return isAvailableLocale( locale ) ? true : true ;
locale = cAvailableLocaleSet.get( locale ) ;
return locale.toString( ).length( ) ==0;
return cAvailableLocaleSet.get( locale ) !=2;
return Locale.getDefault( ).size( ) ==2;
return( locale instanceof Locale ) ? false : false ;
return Locale.getDefault( ).toString( ) == null ;
return locale.containsKey( locale.getClass( ) ) ;
return cAvailableLocaleSet.contains( start ) ;
Locale locale = null ; if( locale == null ) return false ;
return locale != null && Boolean.TRUE.equals( locale ) ;
return cAvailableLocaleList.size( ) !=0;
return( Locale.getDefault( ) == Locale.US ) ;
return locale != null ||( locale != null ) ;
return locale.equals( locale ) ;
return( Locale.getDefault( ) == null ) ;
if( locale != null ) return locale.equals( Locale.EMPTY ) ;
return cAvailableLocaleSet == null && locale != null ;
return locale != null ||( locale == null ) ;
return cAvailableLocaleList.size( ) ==0;
return contains( locale.getName( ) ) ) ;
return locale.getDefault( ) != null ;
if cAvailableLocaleSet.contains( locale ) ;
return isAvailableLocale( locale false ) ;
return contains( Locale.getDefault( ) ) ) ;
return locale == null &&( locale == null ) ;
return locale != null || locale.equals( locale ) ;
return cAvailableLocaleSet.load( locale ) ;
return locale != null &&( locale == null ) ;
return locale.getDefault( ) == null ;
return locale.equals( locale.getDefault( ) ) ;
if( locale != null ) { return contains( locale ) ;
return Locale.getDefault( ) == Locale.US ;
return cAvailableLocaleSet != null || locale != null ;
return cAvailableLocaleSet.contains( locale != null ;
return this.isAvailableLocale( locale , '') ;
return cAvailableLocaleSet == null && locale == null ;
return System.currentTimeMillis( ) >0;
return( Locale.getDefault( ) != locale ) ;
if( locale != null ) { if( locale == null ) {
return System.currentTimeMillis( ) >2;
return System.currentTimeMillis( ) >4;
return System.currentTimeMillis( ) >3;
return System.currentTimeMillis( ) >5;
return System.currentTimeMillis( ) >6;
return cAvailableLocaleSet != null && locale != null ;
return getDefault( locale ).equals( locale ) ;
return null != cAvailableLocaleSet ;
return null == cAvailableLocaleSet ;
return cAvailableLocaleSet == null || locale != null ;
return cAvailableLocaleSet.size( ) <0;
return locale == locale.getDefault( ) ;
return cAvailableLocaleList.isEmpty( ) ;
return !( cAvailableLocaleSet != null ) ;
return( locale == Locale.getDefault( ) ) ;
return ''.contains( locale.getValue( ) ) ;
return( Locale.getDefault( ) ) != null ;
return System.currentTimeMillis( ) >=2;
return System.currentTimeMillis( ) >=4;
return System.currentTimeMillis( ) >=3;
return System.currentTimeMillis( ) >=5;
return System.currentTimeMillis( ) >=6;
return cAvailableLocaleList.equals( locale ) ;
return( isAvailableLocale( locale , null ) ) ;
return Locale.getDefault( ) instanceof Locale ;
return Locale.getDefault( ) == ) ;
return cAvailableLocaleSet.contains( locale ) -
return Locale.getDefault( ) != locale ;
return locale.equals( Locale.equals( '') ) ;
return( locale == null ) ? true : locale.;
return cAvailableLocaleSet.iterator( ) ;
return locale.equals( Locale.US ) ;
return null == Locale.getDefault( ) ;
return cAvailableLocaleSet != null && false ;
return locale.contains( Locale.locale( ) ) ;
return locale.isInstance( locale ) ;
return isAvailableLocale( locale + '''') ;
return cAvailableLocaleSet != null && true ;
return valueOf( locale , false ) ;
return locale == null && locale != null ;
return( cAvailableLocaleSet == null ;
return ''.contains( locale ) ;
return locale.size( ) >0;
return locale == null || locale != null ;
return ''.size( ) !=0;
return locale != null && locale != null ;
isAvailableLocale( locale , null ) ;
return( locale == null false , '') ;
return locale != null || locale != null ;
return locale == null || locale == null ;
return( locale.equals( locale ) ) ;
return locale == null && locale == null ;
return Boolean.TRUE.equals( locale ) ;
return ! locale.equals( '') ;
return !( locale != null ) ;
return !( locale == null ) ;
return locale != null ;
return contains( locale , true ) ;
return locale != null && locale == null ;
return locale == null ;
return locale != null || locale == null ;
return ! locale.equals( locale ) ;
return null == locale ;
return true ;
return( locale != null ) && false ;
return isAvailableLocale ) ;
