int g =( int )(( int )(( value - this.lowerBound )
int g =( int )(( int )(( value - this.lowerBound ) ) /( this.upperBound
int g =( int )(( int )(( int )(( value - this.lowerBound ) )
int g =( int )(( int )( value - this.lowerBound ) /( this.upperBound
int g =( int )(( int )( value - this.lowerBound ) /( int )( this.upperBound
int g =( int )(( int )(( int )( value - this.lowerBound ) -
int g =( int )(( int )(( value + this.lowerBound )
int g =( int )(( int )(( int )( value - this.lowerBound )
int g =( int )(( int )(( value - this.lowerBound ) -
int g =( int ) Math.max( v ,( int )(( value - this.lowerBound )
int g =( int )((( int )( value - this.lowerBound )
int g =( int )(( Math.min( v , this.upperBound )
int g =( int )((( int )(( value - this.lowerBound ) )
int g =( int )( int )(( int )(( value - this.lowerBound )
int g =( int )(( int )(( value - this.lowerBound ) -0
int g =( int )(( long )(( value - this.lowerBound )
int g =( int )(( Math.max( v , this.lowerBound )
int g =( int )( Math.max( v ,
int g =( int )((( v - this.lowerBound )
int g =( int )(( int ) Math.max( value ,
int g =( int )(( int ) Math.max( v ,
