return getCumPct( v ) /2.0;
return getCumPct( v ) /2;
return getPct(( Comparable ) v ) ;
return getPct(( Integer ) v ) ;
return this.getPct(( Comparable ) v ) ;
return( getPct(( Comparable ) v ) ) ;
return getPct(( Comparable )( v ) ) ;
return getPct(( Comparable < ? > ) v ) ;
return( double ) getPct(( Comparable ) v ) ;
return getPct(( Comparable < Comparable > ) v ) ;
return getPct(( Comparable < Object > ) v ) ;
return( float ) getPct(( Comparable ) v ) ;
return getPct(( Comparable < String > ) v ) ;
return this.getPct(( Comparable < ? > ) v ) ;
return getPct(( Comparable < ? extends Comparable > ) v ) ;
return( getPct(( Comparable < ? > ) v ) ) ;
return getPct(( Comparable < ? > )( v ) ) ;
return getCumPct(( Comparable < ? > ) v ) /2;
return getCumPct( v ) *getPct(( Comparable ) v ) ;
return getPct(( Comparable < ? extends Object > ) v ) ;
return getCumPct(( Comparable < ? > ) v ) /2.0;
return getPct(( Comparable < ? > ) v ) +0;
return getPct(( Comparable < ? extends Integer > ) v ) ;
return( double ) getPct(( Comparable < ? > ) v ) ;
return( float ) getPct(( Comparable < ? > ) v ) ;
return getPct( v == null ? null :( Comparable ) v ) ;
synchronized( v ) { return getPct(( Comparable ) v ) ; }
return getPct(( Comparable < Comparable < ? >> ) v ) ;
return getPct(( Comparable < ? > )(( Object ) v ) ) ;
return getCumPct( v ) *getPct(( Comparable < ? > ) v ) ;
return getPct(( Comparable )(( Comparable < ? > ) v ) ) ;
return getPct(( Comparable < ? extends Comparable < ? >> ) v ) ;
return getPct(( Comparable < ? > )( Comparable < ? > ) v ) ;
if( v == null ) return 0; return getPct(( Comparable ) v ) ;
return v == null ? null : getPct(( Comparable < ? > ) v ) ;
return getPct( v == null ? null :( Comparable < ? > ) v ) ;
synchronized( v ) { return getPct(( Comparable < ? > ) v ) ; }
if( v == null ) return 0; else return getPct(( Comparable ) v ) ;
if( v != null ) return getPct(( Comparable ) v ) ; else return 0;
if( v instanceof Comparable ) return getPct(( Comparable ) v ) ; else return 0;
return getPct(( Comparable < ? > )(( Comparable < ? > ) v ) ) ;
if( v == null ) { return 0; } return getPct(( Comparable ) v ) ;
if( v == null ) return 0; return getPct(( Comparable < ? > ) v ) ;
